Feb 25 11:54:30 csgo-server-128-DM: START: PASS: Started 128_Tick_Deathmatch
Feb 25 11:54:30 csgo-server-128-DM: START: PASS: command_start.sh exiting with code: 0
Feb 25 11:55:11 csgo-server-128-DM: STOP: INFO: Graceful: sending "quit"
Feb 25 11:55:12 csgo-server-128-DM: STOP: PASS: Graceful: sending "quit": OK: 2 seconds
Feb 25 11:55:13 csgo-server-128-DM: STOP: INFO: tmux kill-session: 128_Tick_Deathmatch
Feb 25 11:55:15 csgo-server-128-DM: STOP: PASS: Stopped 128_Tick_Deathmatch
Feb 25 11:55:15 csgo-server-128-DM: STOP: PASS: command_stop.sh exiting with code: 0
Feb 25 11:56:31 csgo-server-128-DM: PASS: Downloading command_test_alert.sh: OK
Feb 25 11:56:33 csgo-server-128-DM: ALERT: PASS: Downloading alert.sh: OK
Feb 25 11:56:33 csgo-server-128-DM: ALERT: INFO: Sending test alert
Feb 25 11:56:33 csgo-server-128-DM: ALERT: PASS: Downloading alert_email.sh: OK
Feb 25 11:56:33 csgo-server-128-DM: ALERT: INFO: Sending alert: nimrodvanir97@gmail.com
Feb 25 11:56:34 csgo-server-128-DM: ALERT: PASS: Sending alert: nimrodvanir97@gmail.com
Feb 25 11:56:35 csgo-server-128-DM: ALERT: WARN: Pushbullet alerts not enabled
Feb 25 11:56:35 csgo-server-128-DM: ALERT: PASS: command_test_alert.sh exiting with code: 0
Feb 25 11:57:02 csgo-server-128-DM: ALERT: INFO: Sending test alert
Feb 25 11:57:02 csgo-server-128-DM: ALERT: INFO: Sending alert: nimrodvanir97@gmail.com
Feb 25 11:57:03 csgo-server-128-DM: ALERT: PASS: Sending alert: nimrodvanir97@gmail.com
Feb 25 11:57:03 csgo-server-128-DM: ALERT: PASS: Downloading alert_pushbullet.sh: OK
Feb 25 11:57:05 csgo-server-128-DM: ALERT: FATAL: Sending Pushbullet alert: invalid_access_token
Feb 25 11:57:05 csgo-server-128-DM: ALERT: PASS: command_test_alert.sh exiting with code: 0
Feb 25 11:58:04 csgo-server-128-DM: ALERT: INFO: Sending test alert
Feb 25 11:58:04 csgo-server-128-DM: ALERT: INFO: Sending alert: nimrodvanir97@gmail.com
Feb 25 11:58:05 csgo-server-128-DM: ALERT: PASS: Sending alert: nimrodvanir97@gmail.com
Feb 25 11:58:06 csgo-server-128-DM: ALERT: WARN: Pushbullet alerts not enabled
Feb 25 11:58:06 csgo-server-128-DM: ALERT: WARN: command_test_alert.sh exiting with code: 3
Feb 25 12:00:12 csgo-server-128-DM: ALERT: INFO: Sending test alert
Feb 25 12:00:12 csgo-server-128-DM: ALERT: INFO: Sending alert: nimrodvanir97@gmail.com
Feb 25 12:00:12 csgo-server-128-DM: ALERT: PASS: Sending alert: nimrodvanir97@gmail.com
Feb 25 12:00:13 csgo-server-128-DM: ALERT: WARN: Pushbullet alerts not enabled
Feb 25 12:00:13 csgo-server-128-DM: ALERT: WARN: command_test_alert.sh exiting with code: 3
Feb 25 12:00:37 csgo-server-128-DM: CHECK: INFO: Using anonymous Steam login
Feb 25 12:00:40 csgo-server-128-DM: FIX: INFO: Applying workshop map fix: Counter-Strike: Global Offensive
Feb 25 12:00:41 csgo-server-128-DM: FIX: PASS: Applying workshop map fix: Counter-Strike: Global Offensive
Feb 25 12:00:41 csgo-server-128-DM: START: INFO: Rotating log files
