LD_LIBRARY_PATH=/home/csadmin/serverfiles/bin:/home/csadmin/serverfiles:/home/csadmin/serverfiles/bin:
#
#Console initialized.
Setting breakpad minidump AppID = 740
#Using breakpad minidump system 740/13568.447.DC
Using breakpad crash handler
Forcing breakpad minidump interfaces to load
Looking up breakpad interfaces from steamclient
Calling BreakpadMiniDumpSystemInit
#Loading VPK file hashes for pure server operation.
#Loading VPK file hashes for pure server operation.
#Loading VPK file hashes for pure server operation.
#Game.dll loaded for "Counter-Strike: Global Offensive"
#CGameEventManager::AddListener: event 'server_pre_shutdown' unknown.
#CGameEventManager::AddListener: event 'game_newmap' unknown.
#CGameEventManager::AddListener: event 'finale_start' unknown.
#CGameEventManager::AddListener: event 'round_start' unknown.
#CGameEventManager::AddListener: event 'round_end' unknown.
#CGameEventManager::AddListener: event 'difficulty_changed' unknown.
#CGameEventManager::AddListener: event 'player_connect' unknown.
#CGameEventManager::AddListener: event 'player_disconnect' unknown.
#GameTypes: missing mapgroupsSP entry for game type/mode (custom/custom).
#GameTypes: missing mapgroupsSP entry for game type/mode (cooperative/cooperative).
#GameTypes: missing mapgroupsSP entry for game type/mode (cooperative/coopmission).
Failed to load gamerulescvars.txt, game rules cvars might not be reported to management tools.
Server is hibernating
[S_API FAIL] SteamAPI_Init() failed; SteamAPI_IsSteamRunning() failed.
[S_API FAIL] SteamAPI_Init() failed; unable to locate a running instance of Steam, or a local steamclient.so.
Particles: Missing 'particles/money_fx.pcf'
No web api auth key specified - workshop downloads will be disabled.
maxplayers set to 64
ConVarRef cl_embedded_stream_video_playing doesn't point to an existing ConVar
Setting mapgroup to 'mg_active'
Usage: host_workshop_collection <fileid>
Usage: workshop_start_map <fileid>
---- Host_NewGame ----
ConVarRef r_staticlight_streams doesn't point to an existing ConVar
Host_NewGame on map de_mirage
GameTypes: missing mapgroupsSP entry for game type/mode (custom/custom).
GameTypes: missing mapgroupsSP entry for game type/mode (cooperative/cooperative).
GameTypes: missing mapgroupsSP entry for game type/mode (cooperative/coopmission).
ConVarRef room_type doesn't point to an existing ConVar
bot_autodifficulty_threshold_high - 5.0
bot_autodifficulty_threshold_low - -2.0
bot_chatter - normal
bot_defer_to_human_goals - 0
bot_defer_to_human_items - 1
bot_difficulty - 1
bot_quota - 10
bot_quota_mode - normal
bot_allow_grenades - 1
bot_allow_pistols - 1
bot_allow_sub_machine_guns - 1
bot_allow_shotguns - 1
bot_allow_rifles - 1
bot_allow_snipers - 1
bot_allow_machine_guns - 1
sv_auto_adjust_bot_difficulty - 1
sv_bots_get_easier_each_win - 0
sv_bots_force_rebuy_every_round - 0
sv_bots_get_harder_after_each_wave - 0
mp_playercashawards - 1
cash_player_bomb_defused - 300
cash_player_bomb_planted - 300
cash_player_damage_hostage - -30
cash_player_interact_with_hostage - 150
cash_player_killed_enemy_default - 300
cash_player_killed_enemy_factor - 1
cash_player_killed_hostage - -1000
cash_player_killed_teammate - -300
cash_player_rescued_hostage - 1000
cash_player_respawn_amount - 0
cash_player_get_killed - 0
mp_teamcashawards - 1
cash_team_elimination_bomb_map - 3250
cash_team_elimination_hostage_map_t - 1000
cash_team_elimination_hostage_map_ct - 2000
cash_team_hostage_alive - 0
cash_team_hostage_interaction - 500
cash_team_loser_bonus - 1400
cash_team_loser_bonus_consecutive_rounds - 500
cash_team_planted_bomb_but_defused - 800
cash_team_rescued_hostage - 0
cash_team_terrorist_win_bomb - 3500
cash_team_win_by_defusing_bomb - 3250
cash_team_win_by_hostage_rescue - 3500
cash_team_win_by_time_running_out_bomb - 3250
cash_team_win_by_time_running_out_hostage - 3250
cash_team_survive_guardian_wave - 1000
mp_afterroundmoney - 0
mp_buytime - 90
mp_buy_anywhere - 0
mp_buy_during_immunity - 0
mp_startmoney - 800
mp_maxmoney - 16000
sv_buy_status_override - -1
mp_death_drop_defuser - 1
mp_death_drop_grenade - 2
mp_death_drop_gun - 1
mp_deathcam_skippable - 1
mp_defuser_allocation - 0
mp_give_player_c4 - 1
mp_free_armor - 0
mp_molotovusedelay - 15.0
mp_weapons_allow_zeus - 1
mp_weapons_allow_map_placed - 0
mp_weapons_glow_on_ground - 0
mp_ct_default_melee - weapon_knife
mp_ct_default_secondary - weapon_hkp2000
mp_ct_default_primary - 
mp_ct_default_grenades - 
mp_t_default_melee - weapon_knife
mp_t_default_secondary - weapon_glock
mp_t_default_primary - 
mp_t_default_grenades - 
mp_buy_allow_grenades - 1
mp_weapons_allow_typecount - 5
mp_freezetime - 6
mp_force_pick_time - 15
mp_halftime - 0
mp_match_can_clinch - 1
mp_maxrounds - 0
mp_roundtime - 5
mp_roundtime_defuse - 0
mp_roundtime_hostage - 0
mp_timelimit - 5
mp_warmuptime - 30
mp_warmuptime_all_players_connected - 60
mp_warmup_pausetimer - 0
mp_halftime_pausetimer - 0
mp_default_team_winner_no_objective - -1
mp_hostagepenalty - 10
mp_solid_teammates - 1
sv_allow_votes - 1
sv_alltalk - 0
sv_auto_full_alltalk_during_warmup_half_end - 1
sv_deadtalk - 0
sv_ignoregrenaderadio - 0
mp_teammates_are_enemies - 0
mp_damage_scale_ct_body - 1.0
mp_damage_scale_ct_head - 1.0
mp_damage_scale_t_body - 1.0
mp_damage_scale_t_head - 1.0
mp_friendlyfire - 0
ff_damage_reduction_bullets - 0.1
ff_damage_reduction_grenade - 0.25
ff_damage_reduction_grenade_self - 1
ff_damage_reduction_other - 0.25
mp_limitteams - 2
spec_freeze_panel_extended_time - 0.0
spec_freeze_time - 3.0
mp_forcecamera - 1
mp_respawn_immunitytime - 4.0
mp_respawn_on_death_t - 0
mp_respawn_on_death_ct - 0
mp_display_kill_assists - 1
mp_use_respawn_waves - 0
mp_respawnwavetime_ct - 10.0
mp_respawnwavetime_t - 10.0
mp_randomspawn - 0
mp_randomspawn_los - 1
mp_randomspawn_dist - 0
mp_radar_showall - 0
mp_force_assign_teams - 0
sv_gravity - 800
sv_accelerate - 5.5
sv_stopspeed - 80
sv_airaccelerate - 12
sv_wateraccelerate - 10
sv_waterfriction - 1
sv_friction - 5.2
sv_bounce - 0
sv_maxvelocity - 3500
sv_maxspeed - 320
sv_bot_buy_grenade_chance - 33
sv_bot_buy_smoke_weight - 1
sv_bot_buy_flash_weight - 1
sv_bot_buy_decoy_weight - 1
sv_bot_buy_molotov_weight - 1
sv_bot_buy_hegrenade_weight - 6
sv_guardian_min_wave_for_heavy - 0
sv_guardian_max_wave_for_heavy - 0
sv_guardian_heavy_count - 0
sv_guardian_heavy_all - 0
mp_ggprogressive_round_restart_delay - 15.0
mp_ggtr_bomb_defuse_bonus - 1.0
mp_ggtr_bomb_detonation_bonus - 1.0
mp_ggtr_bomb_pts_for_flash - 4
mp_ggtr_bomb_pts_for_he - 3
mp_ggtr_bomb_pts_for_molotov - 5
mp_ggtr_bomb_pts_for_upgrade - 2.0
mp_ggtr_bomb_respawn_delay - 0.0
mp_ggtr_end_round_kill_bonus - 1
mp_ggtr_halftime_delay - 0.0
mp_ggtr_last_weapon_kill_ends_half - 0
sv_arms_race_vote_to_restart_disallowed_after - 0
mp_coop_force_join_ct - 0
bot_allow_rogues - 1
mp_guardian_special_kills_needed - 10
mp_guardian_special_weapon_needed - awp
mp_guardian_player_dist_min - 1300
mp_guardian_player_dist_max - 2000
mp_guardian_target_site - -1
mp_hostages_spawn_force_positions - 
mp_hostages_spawn_same_every_round - 1
mp_guardian_bot_money_per_wave - 800
sv_disable_show_team_select_menu - 0
mp_hostages_max - 2
spec_replay_enable - 0
mp_round_restart_delay - 7.0
mp_coopmission_bot_difficulty_offset - 0
sv_duplicate_playernames_ok - 0
mp_anyone_can_pickup_c4 - 0
mp_c4_cannot_be_defused - 0
mp_c4timer - 40
mp_coopmission_mission_number - 0
weapon_reticle_knife_show - 0
mp_death_drop_c4 - 1
Executing dedicated server config file
Server logging enabled.
Server logging data to file logs/L192_168_000_036_27015_201702250146_000.log
L 02/25/2017 - 01:46:34: Log file started (file "logs/L192_168_000_036_27015_201702250146_000.log") (game "/home/csadmin/serverfiles/csgo") (version "6661")
exec: couldn't exec banned_user.cfg
exec: couldn't exec banned_ip.cfg
Writing cfg/banned_user.cfg.
Writing cfg/banned_ip.cfg.
L 02/25/2017 - 01:46:34: server_cvar: "cash_player_bomb_defused" "200"
L 02/25/2017 - 01:46:34: server_cvar: "cash_player_bomb_planted" "200"
L 02/25/2017 - 01:46:34: server_cvar: "cash_player_interact_with_hostage" "300"
L 02/25/2017 - 01:46:34: server_cvar: "cash_player_killed_enemy_default" "200"
L 02/25/2017 - 01:46:34: server_cvar: "cash_player_killed_enemy_factor" "0.5"
L 02/25/2017 - 01:46:34: server_cvar: "cash_team_elimination_bomb_map" "2700"
L 02/25/2017 - 01:46:34: server_cvar: "cash_team_elimination_hostage_map_t" "2000"
L 02/25/2017 - 01:46:34: server_cvar: "cash_team_elimination_hostage_map_ct" "2300"
L 02/25/2017 - 01:46:34: server_cvar: "cash_team_loser_bonus" "2400"
L 02/25/2017 - 01:46:34: server_cvar: "cash_team_loser_bonus_consecutive_rounds" "0"
L 02/25/2017 - 01:46:34: server_cvar: "cash_team_planted_bomb_but_defused" "200"
L 02/25/2017 - 01:46:34: server_cvar: "cash_team_terrorist_win_bomb" "2700"
L 02/25/2017 - 01:46:34: server_cvar: "cash_team_win_by_defusing_bomb" "2700"
L 02/25/2017 - 01:46:34: server_cvar: "cash_team_win_by_hostage_rescue" "3000"
L 02/25/2017 - 01:46:34: server_cvar: "cash_team_win_by_time_running_out_hostage" "2000"
L 02/25/2017 - 01:46:34: server_cvar: "cash_team_win_by_time_running_out_bomb" "2700"
L 02/25/2017 - 01:46:34: server_cvar: "mp_freezetime" "5"
L 02/25/2017 - 01:46:34: server_cvar: "mp_friendlyfire" "1"
L 02/25/2017 - 01:46:34: server_cvar: "mp_maxrounds" "15"
L 02/25/2017 - 01:46:34: server_cvar: "mp_roundtime" "3"
L 02/25/2017 - 01:46:34: server_cvar: "mp_roundtime_hostage" "2"
L 02/25/2017 - 01:46:34: server_cvar: "mp_roundtime_defuse" "2.25"
L 02/25/2017 - 01:46:34: server_cvar: "mp_timelimit" "0"
Stopping 0 worker threads
Starting 1 worker threads
1 threads. 680,880 ticks
exec: couldn't exec gamemode_casual_server.cfg
PrecacheScriptSound 'Player.DamageHelmetOtherFar' failed, no such sound script entry
Commentary: Could not find commentary data file 'maps/de_mirage_commentary.txt'. 
Initializing Steam libraries for secure Internet server
[S_API FAIL] SteamAPI_Init() failed; SteamAPI_IsSteamRunning() failed.
Setting breakpad minidump AppID = 730
Looking up breakpad interfaces from steamclient
Calling BreakpadMiniDumpSystemInit
Setting breakpad minidump AppID = 740
Logging into Steam gameserver account with logon token 'C16CB8F8xxxxxxxxxxxxxxxxxxxxxxxx'
Connection to Steam servers successful.
   Public IP is 99.246.98.92.
Assigned persistent gameserver Steam ID [G:1:1020835].
VAC secure mode is activated.
GC Connection established for server version 447, instance idx 1
-> Reservation cookie b92818e8d0060b4c:  reason [R] Connect from 192.168.0.23:27005
L 02/25/2017 - 01:52:00: server_cvar: "nextlevel" "de_mirage"
---- Host_Changelevel ----
*** Map Load: de_mirage: Map Group mg_activeL 02/25/2017 - 01:52:00: Log file closed
Server logging data to file logs/L192_168_000_036_27015_201702250152_000.log
L 02/25/2017 - 01:52:00: Log file started (file "logs/L192_168_000_036_27015_201702250152_000.log") (game "/home/csadmin/serverfiles/csgo") (version "6661")
L 02/25/2017 - 01:52:00: Loading map "de_mirage"
L 02/25/2017 - 01:52:00: server cvars start
L 02/25/2017 - 01:52:00: "cash_player_killed_teammate" = "-300"
L 02/25/2017 - 01:52:00: "sv_maxspeed" = "320"
L 02/25/2017 - 01:52:00: "cash_player_respawn_amount" = "0"
L 02/25/2017 - 01:52:00: "cash_team_rescued_hostage" = "0"
L 02/25/2017 - 01:52:00: "cash_team_win_by_defusing_bomb" = "2700"
L 02/25/2017 - 01:52:00: "sv_rollangle" = "0"
L 02/25/2017 - 01:52:00: "r_AirboatViewZHeight" = "0.0"
L 02/25/2017 - 01:52:00: "sv_cheats" = "0"
L 02/25/2017 - 01:52:00: "r_VehicleViewDampen" = "1"
L 02/25/2017 - 01:52:00: "mp_allowNPCs" = "1"
L 02/25/2017 - 01:52:00: "mp_tournament" = "0"
L 02/25/2017 - 01:52:00: "sv_spec_hear" = "1"
L 02/25/2017 - 01:52:00: "cash_player_interact_with_hostage" = "300"
L 02/25/2017 - 01:52:00: "mp_flashlight" = "0"
L 02/25/2017 - 01:52:00: "mp_maxrounds" = "15"
L 02/25/2017 - 01:52:00: "sv_tags" = ""
L 02/25/2017 - 01:52:00: "sv_stepsize" = "18"
L 02/25/2017 - 01:52:00: "mp_teamlist" = "hgrunt;scientist"
L 02/25/2017 - 01:52:00: "sv_alltalk" = "0"
L 02/25/2017 - 01:52:00: "mp_footsteps" = "1"
L 02/25/2017 - 01:52:00: "sv_noclipaccelerate" = "5"
L 02/25/2017 - 01:52:00: "sv_accelerate_debug_speed" = "0"
L 02/25/2017 - 01:52:00: "sv_wateraccelerate" = "10"
L 02/25/2017 - 01:52:00: "mp_autocrosshair" = "1"
L 02/25/2017 - 01:52:00: "mp_stalemate_enable" = "0"
L 02/25/2017 - 01:52:00: "cash_team_elimination_bomb_map" = "2700"
L 02/25/2017 - 01:52:00: "cash_player_get_killed" = "0"
L 02/25/2017 - 01:52:00: "mp_roundtime_defuse" = "2.25"
L 02/25/2017 - 01:52:00: "sv_autobuyammo" = "0"
L 02/25/2017 - 01:52:00: "sv_rollspeed" = "200"
L 02/25/2017 - 01:52:00: "sv_airaccelerate" = "12"
L 02/25/2017 - 01:52:00: "mp_teams_unbalance_limit" = "1"
L 02/25/2017 - 01:52:00: "mp_timelimit" = "0"
L 02/25/2017 - 01:52:00: "cash_team_loser_bonus" = "2400"
L 02/25/2017 - 01:52:00: "sv_deadtalk" = "0"
L 02/25/2017 - 01:52:00: "cash_player_rescued_hostage" = "1000"
L 02/25/2017 - 01:52:00: "sv_waterfriction" = "1"
L 02/25/2017 - 01:52:00: "sv_competitive_official_5v5" = "0"
L 02/25/2017 - 01:52:00: "sv_steamgroup" = ""
L 02/25/2017 - 01:52:00: "cash_player_killed_enemy_default" = "200"
L 02/25/2017 - 01:52:00: "coop" = "0"
L 02/25/2017 - 01:52:00: "mp_respawnwavetime" = "10.0"
L 02/25/2017 - 01:52:00: "tv_enable1" = "0"
L 02/25/2017 - 01:52:00: "nextlevel" = "de_mirage"
L 02/25/2017 - 01:52:00: "sv_stopspeed" = "80"
L 02/25/2017 - 01:52:00: "sv_specaccelerate" = "5"
L 02/25/2017 - 01:52:00: "deathmatch" = "1"
L 02/25/2017 - 01:52:00: "tv_enable" = "0"
L 02/25/2017 - 01:52:00: "mp_falldamage" = "0"
L 02/25/2017 - 01:52:00: "mp_teammates_are_enemies" = "0"
L 02/25/2017 - 01:52:00: "mp_roundtime_hostage" = "2"
L 02/25/2017 - 01:52:00: "mp_freezetime" = "5"
L 02/25/2017 - 01:52:00: "sv_accelerate_use_weapon_speed" = "1"
L 02/25/2017 - 01:52:00: "sv_voiceenable" = "1"
L 02/25/2017 - 01:52:00: "sv_bounce" = "0"
L 02/25/2017 - 01:52:00: "mp_disable_respawn_times" = "0"
L 02/25/2017 - 01:52:00: "r_AirboatViewDampenFreq" = "7.0"
L 02/25/2017 - 01:52:00: "mp_weaponstay" = "0"
L 02/25/2017 - 01:52:00: "mp_hostagepenalty" = "10"
L 02/25/2017 - 01:52:00: "tv_advertise_watchable" = "0"
L 02/25/2017 - 01:52:00: "mp_friendlyfire" = "1"
L 02/25/2017 - 01:52:00: "sv_noclipspeed" = "5"
L 02/25/2017 - 01:52:00: "cash_team_hostage_interaction" = "500"
L 02/25/2017 - 01:52:00: "sv_allchat" = "1"
L 02/25/2017 - 01:52:00: "cash_team_win_by_time_running_out_bomb" = "2700"
L 02/25/2017 - 01:52:00: "mp_buy_during_immunity" = "0"
L 02/25/2017 - 01:52:00: "cash_player_killed_enemy_factor" = "0.5"
L 02/25/2017 - 01:52:00: "r_JeepViewDampenDamp" = "1.0"
L 02/25/2017 - 01:52:00: "mp_c4timer" = "40"
L 02/25/2017 - 01:52:00: "r_AirboatViewDampenDamp" = "1.0"
L 02/25/2017 - 01:52:00: "sv_competitive_minspec" = "1"
L 02/25/2017 - 01:52:00: "sv_max_allowed_net_graph" = "1"
L 02/25/2017 - 01:52:00: "mp_stalemate_at_timelimit" = "0"
L 02/25/2017 - 01:52:00: "sv_footsteps" = "1"
L 02/25/2017 - 01:52:00: "mp_limitteams" = "2"
L 02/25/2017 - 01:52:00: "sv_vote_issue_kick_allowed" = "1"
L 02/25/2017 - 01:52:00: "cash_team_survive_guardian_wave" = "1000"
L 02/25/2017 - 01:52:00: "tv_relaypassword" = ""
L 02/25/2017 - 01:52:00: "mp_teamplay" = "0"
L 02/25/2017 - 01:52:00: "cash_team_terrorist_win_bomb" = "2700"
L 02/25/2017 - 01:52:00: "cash_team_elimination_hostage_map_t" = "2000"
L 02/25/2017 - 01:52:00: "r_JeepViewDampenFreq" = "7.0"
L 02/25/2017 - 01:52:00: "sv_specnoclip" = "1"
L 02/25/2017 - 01:52:00: "sv_friction" = "5.2"
L 02/25/2017 - 01:52:00: "cash_team_win_by_time_running_out_hostage" = "2000"
L 02/25/2017 - 01:52:00: "cash_player_bomb_planted" = "200"
L 02/25/2017 - 01:52:00: "mp_autoteambalance" = "1"
L 02/25/2017 - 01:52:00: "sv_contact" = ""
L 02/25/2017 - 01:52:00: "sv_vote_kick_ban_duration" = "15"
L 02/25/2017 - 01:52:00: "cash_player_bomb_defused" = "200"
L 02/25/2017 - 01:52:00: "mp_roundtime" = "3"
L 02/25/2017 - 01:52:00: "sv_kick_ban_duration" = "15"
L 02/25/2017 - 01:52:00: "cash_team_planted_bomb_but_defused" = "200"
L 02/25/2017 - 01:52:00: "cash_player_killed_hostage" = "-1000"
L 02/25/2017 - 01:52:00: "sv_vote_issue_loadbackup_allowed" = "1"
L 02/25/2017 - 01:52:00: "mp_fraglimit" = "0"
L 02/25/2017 - 01:52:00: "mp_forcerespawn" = "1"
L 02/25/2017 - 01:52:00: "mp_winlimit" = "0"
L 02/25/2017 - 01:52:00: "sv_accelerate" = "5.5"
L 02/25/2017 - 01:52:00: "mp_buy_anywhere" = "0"
L 02/25/2017 - 01:52:00: "sv_gravity" = "800"
L 02/25/2017 - 01:52:00: "sv_password" = ""
L 02/25/2017 - 01:52:00: "cash_team_elimination_hostage_map_ct" = "2300"
L 02/25/2017 - 01:52:00: "cash_team_win_by_hostage_rescue" = "3000"
L 02/25/2017 - 01:52:00: "r_JeepViewZHeight" = "10.0"
L 02/25/2017 - 01:52:00: "cash_team_loser_bonus_consecutive_rounds" = "0"
L 02/25/2017 - 01:52:00: "cash_player_damage_hostage" = "-30"
L 02/25/2017 - 01:52:00: "cash_team_hostage_alive" = "0"
L 02/25/2017 - 01:52:00: "tv_password" = ""
L 02/25/2017 - 01:52:00: "sv_specspeed" = "3"
L 02/25/2017 - 01:52:00: server cvars end
ConVarRef r_staticlight_streams doesn't point to an existing ConVar
L 02/25/2017 - 01:52:00: Started map "de_mirage" (CRC "-1611770114")
GameTypes: missing mapgroupsSP entry for game type/mode (custom/custom).
GameTypes: missing mapgroupsSP entry for game type/mode (cooperative/cooperative).
GameTypes: missing mapgroupsSP entry for game type/mode (cooperative/coopmission).
ConVarRef room_type doesn't point to an existing ConVar
bot_autodifficulty_threshold_high - 5.0
bot_autodifficulty_threshold_low - -2.0
bot_chatter - normal
bot_defer_to_human_goals - 0
bot_defer_to_human_items - 1
bot_difficulty - 1
bot_quota - 10
bot_quota_mode - normal
bot_allow_grenades - 1
bot_allow_pistols - 1
bot_allow_sub_machine_guns - 1
bot_allow_shotguns - 1
bot_allow_rifles - 1
bot_allow_snipers - 1
bot_allow_machine_guns - 1
sv_auto_adjust_bot_difficulty - 1
sv_bots_get_easier_each_win - 0
sv_bots_force_rebuy_every_round - 0
sv_bots_get_harder_after_each_wave - 0
mp_playercashawards - 1
L 02/25/2017 - 01:52:00: server_cvar: "cash_player_bomb_defused" "300"
cash_player_bomb_defused - 300
L 02/25/2017 - 01:52:00: server_cvar: "cash_player_bomb_planted" "300"
cash_player_bomb_planted - 300
cash_player_damage_hostage - -30
L 02/25/2017 - 01:52:00: server_cvar: "cash_player_interact_with_hostage" "150"
cash_player_interact_with_hostage - 150
L 02/25/2017 - 01:52:00: server_cvar: "cash_player_killed_enemy_default" "300"
cash_player_killed_enemy_default - 300
L 02/25/2017 - 01:52:00: server_cvar: "cash_player_killed_enemy_factor" "1"
cash_player_killed_enemy_factor - 1
cash_player_killed_hostage - -1000
cash_player_killed_teammate - -300
cash_player_rescued_hostage - 1000
cash_player_respawn_amount - 0
cash_player_get_killed - 0
mp_teamcashawards - 1
L 02/25/2017 - 01:52:00: server_cvar: "cash_team_elimination_bomb_map" "3250"
cash_team_elimination_bomb_map - 3250
L 02/25/2017 - 01:52:00: server_cvar: "cash_team_elimination_hostage_map_t" "1000"
cash_team_elimination_hostage_map_t - 1000
L 02/25/2017 - 01:52:00: server_cvar: "cash_team_elimination_hostage_map_ct" "2000"
cash_team_elimination_hostage_map_ct - 2000
cash_team_hostage_alive - 0
cash_team_hostage_interaction - 500
L 02/25/2017 - 01:52:00: server_cvar: "cash_team_loser_bonus" "1400"
cash_team_loser_bonus - 1400
L 02/25/2017 - 01:52:00: server_cvar: "cash_team_loser_bonus_consecutive_rounds" "500"
cash_team_loser_bonus_consecutive_rounds - 500
L 02/25/2017 - 01:52:00: server_cvar: "cash_team_planted_bomb_but_defused" "800"
cash_team_planted_bomb_but_defused - 800
cash_team_rescued_hostage - 0
L 02/25/2017 - 01:52:00: server_cvar: "cash_team_terrorist_win_bomb" "3500"
cash_team_terrorist_win_bomb - 3500
L 02/25/2017 - 01:52:00: server_cvar: "cash_team_win_by_defusing_bomb" "3250"
cash_team_win_by_defusing_bomb - 3250
L 02/25/2017 - 01:52:00: server_cvar: "cash_team_win_by_hostage_rescue" "3500"
cash_team_win_by_hostage_rescue - 3500
L 02/25/2017 - 01:52:00: server_cvar: "cash_team_win_by_time_running_out_bomb" "3250"
cash_team_win_by_time_running_out_bomb - 3250
L 02/25/2017 - 01:52:00: server_cvar: "cash_team_win_by_time_running_out_hostage" "3250"
cash_team_win_by_time_running_out_hostage - 3250
cash_team_survive_guardian_wave - 1000
mp_afterroundmoney - 0
mp_buytime - 90
mp_buy_anywhere - 0
mp_buy_during_immunity - 0
mp_startmoney - 800
mp_maxmoney - 16000
sv_buy_status_override - -1
mp_death_drop_defuser - 1
mp_death_drop_grenade - 2
mp_death_drop_gun - 1
mp_deathcam_skippable - 1
mp_defuser_allocation - 0
mp_give_player_c4 - 1
mp_free_armor - 0
mp_molotovusedelay - 15.0
mp_weapons_allow_zeus - 1
mp_weapons_allow_map_placed - 0
mp_weapons_glow_on_ground - 0
mp_ct_default_melee - weapon_knife
mp_ct_default_secondary - weapon_hkp2000
mp_ct_default_primary - 
mp_ct_default_grenades - 
mp_t_default_melee - weapon_knife
mp_t_default_secondary - weapon_glock
mp_t_default_primary - 
mp_t_default_grenades - 
mp_buy_allow_grenades - 1
mp_weapons_allow_typecount - 5
L 02/25/2017 - 01:52:00: server_cvar: "mp_freezetime" "6"
mp_freezetime - 6
mp_force_pick_time - 15
mp_halftime - 0
mp_match_can_clinch - 1
L 02/25/2017 - 01:52:00: server_cvar: "mp_maxrounds" "0"
mp_maxrounds - 0
L 02/25/2017 - 01:52:00: server_cvar: "mp_roundtime" "5"
mp_roundtime - 5
L 02/25/2017 - 01:52:00: server_cvar: "mp_roundtime_defuse" "0"
mp_roundtime_defuse - 0
L 02/25/2017 - 01:52:00: server_cvar: "mp_roundtime_hostage" "0"
mp_roundtime_hostage - 0
L 02/25/2017 - 01:52:00: server_cvar: "mp_timelimit" "5"
mp_timelimit - 5
mp_warmuptime - 30
mp_warmuptime_all_players_connected - 60
mp_warmup_pausetimer - 0
mp_halftime_pausetimer - 0
mp_default_team_winner_no_objective - -1
mp_hostagepenalty - 10
mp_solid_teammates - 1
sv_allow_votes - 1
sv_alltalk - 0
sv_auto_full_alltalk_during_warmup_half_end - 1
sv_deadtalk - 0
sv_ignoregrenaderadio - 0
mp_teammates_are_enemies - 0
mp_damage_scale_ct_body - 1.0
mp_damage_scale_ct_head - 1.0
mp_damage_scale_t_body - 1.0
mp_damage_scale_t_head - 1.0
L 02/25/2017 - 01:52:00: server_cvar: "mp_friendlyfire" "0"
mp_friendlyfire - 0
ff_damage_reduction_bullets - 0.1
ff_damage_reduction_grenade - 0.25
ff_damage_reduction_grenade_self - 1
ff_damage_reduction_other - 0.25
mp_limitteams - 2
spec_freeze_panel_extended_time - 0.0
spec_freeze_time - 3.0
mp_forcecamera - 1
mp_respawn_immunitytime - 4.0
mp_respawn_on_death_t - 0
mp_respawn_on_death_ct - 0
mp_display_kill_assists - 1
mp_use_respawn_waves - 0
mp_respawnwavetime_ct - 10.0
mp_respawnwavetime_t - 10.0
mp_randomspawn - 0
mp_randomspawn_los - 1
mp_randomspawn_dist - 0
mp_radar_showall - 0
mp_force_assign_teams - 0
sv_gravity - 800
sv_accelerate - 5.5
sv_stopspeed - 80
sv_airaccelerate - 12
sv_wateraccelerate - 10
sv_waterfriction - 1
sv_friction - 5.2
sv_bounce - 0
sv_maxvelocity - 3500
sv_maxspeed - 320
sv_bot_buy_grenade_chance - 33
sv_bot_buy_smoke_weight - 1
sv_bot_buy_flash_weight - 1
sv_bot_buy_decoy_weight - 1
sv_bot_buy_molotov_weight - 1
sv_bot_buy_hegrenade_weight - 6
sv_guardian_min_wave_for_heavy - 0
sv_guardian_max_wave_for_heavy - 0
sv_guardian_heavy_count - 0
sv_guardian_heavy_all - 0
mp_ggprogressive_round_restart_delay - 15.0
mp_ggtr_bomb_defuse_bonus - 1.0
mp_ggtr_bomb_detonation_bonus - 1.0
mp_ggtr_bomb_pts_for_flash - 4
mp_ggtr_bomb_pts_for_he - 3
mp_ggtr_bomb_pts_for_molotov - 5
mp_ggtr_bomb_pts_for_upgrade - 2.0
mp_ggtr_bomb_respawn_delay - 0.0
mp_ggtr_end_round_kill_bonus - 1
mp_ggtr_halftime_delay - 0.0
mp_ggtr_last_weapon_kill_ends_half - 0
sv_arms_race_vote_to_restart_disallowed_after - 0
mp_coop_force_join_ct - 0
bot_allow_rogues - 1
mp_guardian_special_kills_needed - 10
mp_guardian_special_weapon_needed - awp
mp_guardian_player_dist_min - 1300
mp_guardian_player_dist_max - 2000
mp_guardian_target_site - -1
mp_hostages_spawn_force_positions - 
mp_hostages_spawn_same_every_round - 1
mp_guardian_bot_money_per_wave - 800
sv_disable_show_team_select_menu - 0
mp_hostages_max - 2
spec_replay_enable - 0
mp_round_restart_delay - 7.0
mp_coopmission_bot_difficulty_offset - 0
sv_duplicate_playernames_ok - 0
mp_anyone_can_pickup_c4 - 0
mp_c4_cannot_be_defused - 0
mp_c4timer - 40
mp_coopmission_mission_number - 0
weapon_reticle_knife_show - 0
mp_death_drop_c4 - 1
Executing dedicated server config file
L 02/25/2017 - 01:52:00: server_cvar: "nextlevel" ""
Server logging enabled.
L 02/25/2017 - 01:52:00: Log file closed
Server logging data to file logs/L192_168_000_036_27015_201702250152_001.log
L 02/25/2017 - 01:52:00: Log file started (file "logs/L192_168_000_036_27015_201702250152_001.log") (game "/home/csadmin/serverfiles/csgo") (version "6661")
Server waking up from hibernation
Writing cfg/banned_user.cfg.
Writing cfg/banned_ip.cfg.
L 02/25/2017 - 01:52:00: server_cvar: "cash_player_bomb_defused" "200"
L 02/25/2017 - 01:52:00: server_cvar: "cash_player_bomb_planted" "200"
L 02/25/2017 - 01:52:00: server_cvar: "cash_player_interact_with_hostage" "300"
L 02/25/2017 - 01:52:00: server_cvar: "cash_player_killed_enemy_default" "200"
L 02/25/2017 - 01:52:00: server_cvar: "cash_player_killed_enemy_factor" "0.5"
L 02/25/2017 - 01:52:00: server_cvar: "cash_team_elimination_bomb_map" "2700"
L 02/25/2017 - 01:52:00: server_cvar: "cash_team_elimination_hostage_map_t" "2000"
L 02/25/2017 - 01:52:00: server_cvar: "cash_team_elimination_hostage_map_ct" "2300"
L 02/25/2017 - 01:52:00: server_cvar: "cash_team_loser_bonus" "2400"
L 02/25/2017 - 01:52:00: server_cvar: "cash_team_loser_bonus_consecutive_rounds" "0"
L 02/25/2017 - 01:52:00: server_cvar: "cash_team_planted_bomb_but_defused" "200"
L 02/25/2017 - 01:52:00: server_cvar: "cash_team_terrorist_win_bomb" "2700"
L 02/25/2017 - 01:52:00: server_cvar: "cash_team_win_by_defusing_bomb" "2700"
L 02/25/2017 - 01:52:00: server_cvar: "cash_team_win_by_hostage_rescue" "3000"
L 02/25/2017 - 01:52:00: server_cvar: "cash_team_win_by_time_running_out_hostage" "2000"
L 02/25/2017 - 01:52:00: server_cvar: "cash_team_win_by_time_running_out_bomb" "2700"
L 02/25/2017 - 01:52:00: server_cvar: "mp_freezetime" "5"
L 02/25/2017 - 01:52:00: server_cvar: "mp_friendlyfire" "1"
L 02/25/2017 - 01:52:00: server_cvar: "mp_maxrounds" "15"
L 02/25/2017 - 01:52:00: server_cvar: "mp_roundtime" "3"
L 02/25/2017 - 01:52:00: server_cvar: "mp_roundtime_hostage" "2"
L 02/25/2017 - 01:52:00: server_cvar: "mp_roundtime_defuse" "2.25"
L 02/25/2017 - 01:52:00: server_cvar: "mp_timelimit" "0"
exec: couldn't exec gamemode_casual_server.cfg
Commentary: Could not find commentary data file 'maps/de_mirage_commentary.txt'. 
L 02/25/2017 - 01:52:01: "NiV<2><STEAM_1:0:53093912><>" connected, address ""
Client "NiV" connected (192.168.0.23:27005).
L 02/25/2017 - 01:52:01: World triggered "Round_Start"
L 02/25/2017 - 01:52:02: "NiV<2><STEAM_1:0:53093912><>" STEAM USERID validated
PutClientInServer: no info_player_start on level
L 02/25/2017 - 01:52:11: "NiV<2><STEAM_1:0:53093912><>" entered the game
L 02/25/2017 - 01:52:14: "NiV<2><STEAM_1:0:53093912><Unassigned>" triggered "clantag" (value "")
L 02/25/2017 - 01:52:25: "NiV<2><STEAM_1:0:53093912>" switched from team <Unassigned> to <CT>
L 02/25/2017 - 01:52:25: World triggered "Game_Commencing"
L 02/25/2017 - 01:52:25: "Nick<3><BOT><>" connected, address ""
L 02/25/2017 - 01:52:25: "Nick<3><BOT>" switched from team <Unassigned> to <TERRORIST>
L 02/25/2017 - 01:52:25: "Nick<3><BOT><>" entered the game
L 02/25/2017 - 01:52:25: "Will<4><BOT><>" connected, address ""
L 02/25/2017 - 01:52:25: "Will<4><BOT>" switched from team <Unassigned> to <TERRORIST>
L 02/25/2017 - 01:52:25: "Will<4><BOT><>" entered the game
L 02/25/2017 - 01:52:25: "Norm<5><BOT><>" connected, address ""
L 02/25/2017 - 01:52:25: "Norm<5><BOT>" switched from team <Unassigned> to <CT>
L 02/25/2017 - 01:52:25: "Norm<5><BOT><>" entered the game
L 02/25/2017 - 01:52:25: "Dustin<6><BOT><>" connected, address ""
L 02/25/2017 - 01:52:25: "Dustin<6><BOT>" switched from team <Unassigned> to <TERRORIST>
L 02/25/2017 - 01:52:25: "Dustin<6><BOT><>" entered the game
L 02/25/2017 - 01:52:25: "Matt<7><BOT><>" connected, address ""
L 02/25/2017 - 01:52:25: "Matt<7><BOT>" switched from team <Unassigned> to <CT>
L 02/25/2017 - 01:52:25: "Matt<7><BOT><>" entered the game
L 02/25/2017 - 01:52:25: "Shawn<8><BOT><>" connected, address ""
L 02/25/2017 - 01:52:25: "Shawn<8><BOT>" switched from team <Unassigned> to <TERRORIST>
L 02/25/2017 - 01:52:25: "Shawn<8><BOT><>" entered the game
L 02/25/2017 - 01:52:25: "Calvin<9><BOT><>" connected, address ""
L 02/25/2017 - 01:52:25: "Calvin<9><BOT>" switched from team <Unassigned> to <CT>
L 02/25/2017 - 01:52:25: "Calvin<9><BOT><>" entered the game
L 02/25/2017 - 01:52:25: "Jon<10><BOT><>" connected, address ""
L 02/25/2017 - 01:52:25: "Jon<10><BOT>" switched from team <Unassigned> to <TERRORIST>
L 02/25/2017 - 01:52:25: "Jon<10><BOT><>" entered the game
L 02/25/2017 - 01:52:25: "Gary<11><BOT><>" connected, address ""
L 02/25/2017 - 01:52:25: "Gary<11><BOT>" switched from team <Unassigned> to <CT>
L 02/25/2017 - 01:52:25: "Gary<11><BOT><>" entered the game
L 02/25/2017 - 01:52:25: "NiV<2><STEAM_1:0:53093912><CT>" triggered "clantag" (value "")
L 02/25/2017 - 01:52:25: "Will<4><BOT><TERRORIST>" purchased "ak47"
L 02/25/2017 - 01:52:25: "Will<4><BOT><TERRORIST>" purchased "hegrenade"
L 02/25/2017 - 01:52:25: "Norm<5><BOT><CT>" purchased "ump45"
L 02/25/2017 - 01:52:25: "Dustin<6><BOT><TERRORIST>" purchased "mac10"
L 02/25/2017 - 01:52:25: "Dustin<6><BOT><TERRORIST>" purchased "hegrenade"
L 02/25/2017 - 01:52:25: "Nick<3><BOT><TERRORIST>" purchased "ak47"
L 02/25/2017 - 01:52:25: "Matt<7><BOT><CT>" purchased "scar20"
L 02/25/2017 - 01:52:25: "Matt<7><BOT><CT>" purchased "p250"
L 02/25/2017 - 01:52:25: "Shawn<8><BOT><TERRORIST>" purchased "sg556"
L 02/25/2017 - 01:52:25: "Calvin<9><BOT><CT>" purchased "p90"
L 02/25/2017 - 01:52:25: "Calvin<9><BOT><CT>" purchased "hegrenade"
L 02/25/2017 - 01:52:25: "Jon<10><BOT><TERRORIST>" purchased "nova"
L 02/25/2017 - 01:52:25: "Jon<10><BOT><TERRORIST>" purchased "deagle"
L 02/25/2017 - 01:52:25: "Jon<10><BOT><TERRORIST>" purchased "hegrenade"
L 02/25/2017 - 01:52:25: "Gary<11><BOT><CT>" purchased "negev"
L 02/25/2017 - 01:52:25: "Gary<11><BOT><CT>" purchased "flashbang"
L 02/25/2017 - 01:52:25: World triggered "Match_Start" on "de_mirage"
L 02/25/2017 - 01:52:25: "Dustin<6><BOT><TERRORIST>" purchased "p90"
L 02/25/2017 - 01:52:25: "Dustin<6><BOT><TERRORIST>" purchased "deagle"
L 02/25/2017 - 01:52:25: "Shawn<8><BOT><TERRORIST>" purchased "m249"
L 02/25/2017 - 01:52:25: "Shawn<8><BOT><TERRORIST>" purchased "hegrenade"
L 02/25/2017 - 01:52:25: "Jon<10><BOT><TERRORIST>" purchased "sg556"
L 02/25/2017 - 01:52:25: "Nick<3><BOT><TERRORIST>" purchased "xm1014"
L 02/25/2017 - 01:52:25: "Norm<5><BOT><CT>" purchased "m249"
L 02/25/2017 - 01:52:25: "Matt<7><BOT><CT>" purchased "mag7"
L 02/25/2017 - 01:52:25: "Calvin<9><BOT><CT>" purchased "p90"
L 02/25/2017 - 01:52:25: "Calvin<9><BOT><CT>" purchased "decoy"
L 02/25/2017 - 01:52:25: "Gary<11><BOT><CT>" purchased "bizon"
L 02/25/2017 - 01:52:25: "Gary<11><BOT><CT>" purchased "deagle"
L 02/25/2017 - 01:52:25: "Gary<11><BOT><CT>" purchased "smokegrenade"
L 02/25/2017 - 01:52:25: "Will<4><BOT><TERRORIST>" purchased "awp"
L 02/25/2017 - 01:52:25: "Will<4><BOT><TERRORIST>" purchased "deagle"
L 02/25/2017 - 01:52:25: "Will<4><BOT><TERRORIST>" purchased "smokegrenade"
L 02/25/2017 - 01:52:27: World triggered "Round_Start"
L 02/25/2017 - 01:52:35: "Gary<11><BOT><CT>" threw smokegrenade [-352 -2143 -178]
L 02/25/2017 - 01:52:39: "Dustin<6><BOT><TERRORIST>" [267 -1572 -176] killed "Matt<7><BOT><CT>" [54 -1642 -104] with "p90" (headshot)
L 02/25/2017 - 01:52:43: "Matt<7><BOT><CT>" purchased "m249"
L 02/25/2017 - 01:52:43: "Calvin<9><BOT><CT>" [-157 -1675 -168] killed "Dustin<6><BOT><TERRORIST>" [277 -1576 -112] with "p90"
L 02/25/2017 - 01:52:43: "Gary<11><BOT><CT>" assisted killing "Dustin<6><BOT><TERRORIST>"
L 02/25/2017 - 01:52:45: "Jon<10><BOT><TERRORIST>" [305 -1595 -176] killed "Gary<11><BOT><CT>" [5 -1608 -106] with "sg556"
L 02/25/2017 - 01:52:48: "Dustin<6><BOT><TERRORIST>" purchased "mac10"
L 02/25/2017 - 01:52:49: "Calvin<9><BOT><CT>" [188 -1559 -175] killed "Will<4><BOT><TERRORIST>" [240 -1543 -112] with "p90"
L 02/25/2017 - 01:52:49: "Gary<11><BOT><CT>" purchased "mag7"
L 02/25/2017 - 01:52:49: "Gary<11><BOT><CT>" purchased "hegrenade"
L 02/25/2017 - 01:52:52: "Jon<10><BOT><TERRORIST>" [280 -1660 -176] killed "Calvin<9><BOT><CT>" [461 -1684 -178] with "sg556"
L 02/25/2017 - 01:52:52: "Nick<3><BOT><TERRORIST>" assisted killing "Calvin<9><BOT><CT>"
L 02/25/2017 - 01:52:53: "Will<4><BOT><TERRORIST>" purchased "mac10"
L 02/25/2017 - 01:52:57: "Calvin<9><BOT><CT>" purchased "m4a1"
L 02/25/2017 - 01:52:57: "Calvin<9><BOT><CT>" purchased "hegrenade"
L 02/25/2017 - 01:52:57: "Norm<5><BOT><CT>" [31 -1736 -112] killed "Jon<10><BOT><TERRORIST>" [166 -1485 -112] with "m249"
L 02/25/2017 - 01:52:57: "Calvin<9><BOT><CT>" threw decoy [407 -1457 -174]
L 02/25/2017 - 01:52:59: "Matt<7><BOT><CT>" [-212 -1756 -168] killed "Nick<3><BOT><TERRORIST>" [201 -1589 -108] with "m249" (headshot)
L 02/25/2017 - 01:53:01: "Jon<10><BOT><TERRORIST>" purchased "g3sg1"
L 02/25/2017 - 01:53:03: "Nick<3><BOT><TERRORIST>" purchased "xm1014"
L 02/25/2017 - 01:53:03: "Nick<3><BOT><TERRORIST>" purchased "deagle"
L 02/25/2017 - 01:53:09: "Will<4><BOT><TERRORIST>" [65 -2274 -40] killed "Norm<5><BOT><CT>" [74 -2167 28] with "mac10"
L 02/25/2017 - 01:53:10: "Will<4><BOT><TERRORIST>" [65 -2274 -40] killed "Matt<7><BOT><CT>" [127 -1966 24] with "mac10" (headshot)
L 02/25/2017 - 01:53:13: "Norm<5><BOT><CT>" purchased "m4a1"
L 02/25/2017 - 01:53:13: "Norm<5><BOT><CT>" purchased "hegrenade"
L 02/25/2017 - 01:53:15: "Matt<7><BOT><CT>" purchased "nova"
L 02/25/2017 - 01:53:16: "Calvin<9><BOT><CT>" threw hegrenade [19 -2151 -164]
L 02/25/2017 - 01:53:21: "Shawn<8><BOT><TERRORIST>" [57 -2152 -36] killed "Calvin<9><BOT><CT>" [-725 -1639 -105] with "m249"
L 02/25/2017 - 01:53:24: "Shawn<8><BOT><TERRORIST>" [60 -2136 -36] killed "NiV<2><STEAM_1:0:53093912><CT>" [-503 -1542 24] with "m249" (headshot)
L 02/25/2017 - 01:53:25: "Calvin<9><BOT><CT>" purchased "famas"
L 02/25/2017 - 01:53:30: "Jon<10><BOT><TERRORIST>" [34 -2156 -36] killed "Norm<5><BOT><CT>" [-1199 -1278 -104] with "g3sg1"
L 02/25/2017 - 01:53:35: World triggered "Match_Start" on "de_mirage"
L 02/25/2017 - 01:53:35: "Shawn<8><BOT><TERRORIST>" triggered "Got_The_Bomb"
L 02/25/2017 - 01:53:40: World triggered "Round_Start"
L 02/25/2017 - 01:54:03: "Shawn<8><BOT><TERRORIST>" triggered "Planted_The_Bomb"
L 02/25/2017 - 01:54:13: "Nick<3><BOT><TERRORIST>" [-1492 -1137 -239] killed "NiV<2><STEAM_1:0:53093912><CT>" [-1656 -1800 -203] with "glock"
L 02/25/2017 - 01:54:19: "Matt<7><BOT><CT>" triggered "Begin_Bomb_Defuse_With_Kit"
L 02/25/2017 - 01:54:23: "Will<4><BOT><TERRORIST>" [-377 -1823 -170] killed "Matt<7><BOT><CT>" [-555 -2158 -116] with "glock"
L 02/25/2017 - 01:54:26: "Calvin<9><BOT><CT>" [-655 -1507 -168] killed "Will<4><BOT><TERRORIST>" [-307 -1891 -104] with "hkp2000"
L 02/25/2017 - 01:54:27: "Nick<3><BOT><TERRORIST>" [-1205 -1299 -168] killed "Gary<11><BOT><CT>" [-715 -1467 -104] with "glock"
L 02/25/2017 - 01:54:29: "Dustin<6><BOT><TERRORIST>" [-805 -2381 -173] killed "Norm<5><BOT><CT>" [-694 -1496 -104] with "glock"
L 02/25/2017 - 01:54:29: "Nick<3><BOT><TERRORIST>" assisted killing "Norm<5><BOT><CT>"
L 02/25/2017 - 01:54:30: "Nick<3><BOT><TERRORIST>" [-1205 -1299 -168] killed "Calvin<9><BOT><CT>" [-665 -1523 -104] with "glock"
L 02/25/2017 - 01:54:30: "Jon<10><BOT><TERRORIST>" assisted killing "Calvin<9><BOT><CT>"
L 02/25/2017 - 01:54:30: Team "TERRORIST" triggered "SFUI_Notice_Terrorists_Win" (CT "0") (T "1")
L 02/25/2017 - 01:54:30: Team "CT" scored "0" with "5" players
L 02/25/2017 - 01:54:30: Team "TERRORIST" scored "1" with "5" players
L 02/25/2017 - 01:54:30: World triggered "Round_End"
L 02/25/2017 - 01:54:40: "Jon<10><BOT><TERRORIST>" triggered "Got_The_Bomb"
L 02/25/2017 - 01:54:40: "Shawn<8><BOT><TERRORIST>" purchased "galilar"
L 02/25/2017 - 01:54:40: "Nick<3><BOT><TERRORIST>" purchased "ssg08"
L 02/25/2017 - 01:54:40: "Norm<5><BOT><CT>" purchased "mag7"
L 02/25/2017 - 01:54:40: "Matt<7><BOT><CT>" purchased "xm1014"
L 02/25/2017 - 01:54:40: "Calvin<9><BOT><CT>" purchased "nova"
L 02/25/2017 - 01:54:40: "Gary<11><BOT><CT>" purchased "xm1014"
L 02/25/2017 - 01:54:40: "Gary<11><BOT><CT>" purchased "hegrenade"
L 02/25/2017 - 01:54:40: "Will<4><BOT><TERRORIST>" purchased "ump45"
L 02/25/2017 - 01:54:40: "Will<4><BOT><TERRORIST>" purchased "hegrenade"
L 02/25/2017 - 01:54:40: "Dustin<6><BOT><TERRORIST>" purchased "ssg08"
L 02/25/2017 - 01:54:40: "Jon<10><BOT><TERRORIST>" purchased "p90"
L 02/25/2017 - 01:54:40: "Jon<10><BOT><TERRORIST>" purchased "hegrenade"
L 02/25/2017 - 01:54:45: World triggered "Round_Start"
L 02/25/2017 - 01:55:01: "Gary<11><BOT><CT>" threw hegrenade [-907 161 -144]
L 02/25/2017 - 01:55:05: "Jon<10><BOT><TERRORIST>" threw hegrenade [-761 -7 -166]
L 02/25/2017 - 01:55:05: "Jon<10><BOT><TERRORIST>" triggered "Dropped_The_Bomb"
L 02/25/2017 - 01:55:05: "Norm<5><BOT><CT>" [-1096 161 -173] killed "Jon<10><BOT><TERRORIST>" [-794 31 -104] with "mag7"
L 02/25/2017 - 01:55:05: "Matt<7><BOT><CT>" assisted killing "Jon<10><BOT><TERRORIST>"
L 02/25/2017 - 01:55:07: "Will<4><BOT><TERRORIST>" threw hegrenade [-1476 430 -163]
L 02/25/2017 - 01:55:09: "Calvin<9><BOT><CT>" [-1384 400 -168] killed "Will<4><BOT><TERRORIST>" [-760 38 -104] with "hkp2000"
L 02/25/2017 - 01:55:09: "Norm<5><BOT><CT>" assisted killing "Will<4><BOT><TERRORIST>"
L 02/25/2017 - 01:55:11: "Norm<5><BOT><CT>" [-824 28 -168] killed "Shawn<8><BOT><TERRORIST>" [-838 -45 -105] with "mag7"
L 02/25/2017 - 01:55:11: "Calvin<9><BOT><CT>" assisted killing "Shawn<8><BOT><TERRORIST>"
L 02/25/2017 - 01:55:26: "Matt<7><BOT><CT>" [-817 -352 -166] killed "Nick<3><BOT><TERRORIST>" [-472 -350 -102] with "xm1014"
L 02/25/2017 - 01:55:26: "Gary<11><BOT><CT>" assisted killing "Nick<3><BOT><TERRORIST>"
L 02/25/2017 - 01:55:57: "Calvin<9><BOT><CT>" [451 669 -112] killed "Dustin<6><BOT><TERRORIST>" [448 470 -200] with "nova" (headshot)
L 02/25/2017 - 01:55:57: "Matt<7><BOT><CT>" assisted killing "Dustin<6><BOT><TERRORIST>"
L 02/25/2017 - 01:55:57: Team "CT" triggered "SFUI_Notice_CTs_Win" (CT "1") (T "1")
L 02/25/2017 - 01:55:57: Team "CT" scored "1" with "5" players
L 02/25/2017 - 01:55:57: Team "TERRORIST" scored "1" with "5" players
L 02/25/2017 - 01:55:57: World triggered "Round_End"
L 02/25/2017 - 01:56:07: "Nick<3><BOT><TERRORIST>" triggered "Got_The_Bomb"
L 02/25/2017 - 01:56:08: "Dustin<6><BOT><TERRORIST>" purchased "sg556"
L 02/25/2017 - 01:56:08: "Dustin<6><BOT><TERRORIST>" purchased "deagle"
L 02/25/2017 - 01:56:08: "Dustin<6><BOT><TERRORIST>" purchased "hegrenade"
L 02/25/2017 - 01:56:08: "Shawn<8><BOT><TERRORIST>" purchased "p90"
L 02/25/2017 - 01:56:08: "Shawn<8><BOT><TERRORIST>" purchased "p250"
L 02/25/2017 - 01:56:08: "Shawn<8><BOT><TERRORIST>" purchased "hegrenade"
L 02/25/2017 - 01:56:08: "Nick<3><BOT><TERRORIST>" purchased "p90"
L 02/25/2017 - 01:56:08: "Calvin<9><BOT><CT>" purchased "hegrenade"
L 02/25/2017 - 01:56:08: "Gary<11><BOT><CT>" purchased "decoy"
L 02/25/2017 - 01:56:08: "Will<4><BOT><TERRORIST>" purchased "galilar"
L 02/25/2017 - 01:56:08: "Will<4><BOT><TERRORIST>" purchased "hegrenade"
L 02/25/2017 - 01:56:08: "Jon<10><BOT><TERRORIST>" purchased "galilar"
L 02/25/2017 - 01:56:12: World triggered "Round_Start"
L 02/25/2017 - 01:56:24: "Dustin<6><BOT><TERRORIST>" threw hegrenade [58 -1500 -173]
L 02/25/2017 - 01:56:25: "Shawn<8><BOT><TERRORIST>" threw hegrenade [402 -2349 -22]
L 02/25/2017 - 01:56:29: "Calvin<9><BOT><CT>" threw hegrenade [-933 104 -142]
L 02/25/2017 - 01:56:40: "Nick<3><BOT><TERRORIST>" triggered "Planted_The_Bomb"
L 02/25/2017 - 01:56:49: "Gary<11><BOT><CT>" threw decoy [-1025 290 -167]
L 02/25/2017 - 01:56:53: "Nick<3><BOT><TERRORIST>" [-526 -1840 -180] killed "Gary<11><BOT><CT>" [-806 -305 -103] with "p90"
L 02/25/2017 - 01:56:53: "Will<4><BOT><TERRORIST>" assisted killing "Gary<11><BOT><CT>"
L 02/25/2017 - 01:56:55: "Matt<7><BOT><CT>" [-806 -134 -169] killed "Nick<3><BOT><TERRORIST>" [-526 -1840 -116] with "hkp2000"
L 02/25/2017 - 01:56:55: "Shawn<8><BOT><TERRORIST>" [-788 -2529 -168] killed "Calvin<9><BOT><CT>" [-599 -1166 -104] with "p90"
L 02/25/2017 - 01:57:03: "Dustin<6><BOT><TERRORIST>" [-578 -1657 -171] killed "Matt<7><BOT><CT>" [-820 -220 -99] with "sg556"
L 02/25/2017 - 01:57:03: "Nick<3><BOT><TERRORIST>" assisted killing "Matt<7><BOT><CT>"
L 02/25/2017 - 01:57:10: "Dustin<6><BOT><TERRORIST>" [-531 -1754 -180] killed "Norm<5><BOT><CT>" [-683 -981 -152] with "sg556"
L 02/25/2017 - 01:57:10: "Shawn<8><BOT><TERRORIST>" assisted killing "Norm<5><BOT><CT>"
L 02/25/2017 - 01:57:21: Team "TERRORIST" triggered "SFUI_Notice_Target_Bombed" (CT "1") (T "2")
L 02/25/2017 - 01:57:21: Team "CT" scored "1" with "5" players
L 02/25/2017 - 01:57:21: Team "TERRORIST" scored "2" with "5" players
L 02/25/2017 - 01:57:21: World triggered "Round_End"
L 02/25/2017 - 01:57:23: "Jon<10><BOT><TERRORIST>" [-1391 -2232 -230] killed "NiV<2><STEAM_1:0:53093912><CT>" [-1608 -1888 -204] with "galilar"
L 02/25/2017 - 01:57:30: "NiV<2><STEAM_1:0:53093912><CT>" disconnected (reason "Kicked by Console : Player idle")
L 02/25/2017 - 01:57:30: "NiV<2><STEAM_1:0:53093912>" switched from team <CT> to <Unassigned>
Dropped NiV from server: Kicked by Console : Player idle
L 02/25/2017 - 01:57:30: "Nick<3><BOT><TERRORIST>" disconnected (reason "Kicked by Console")
L 02/25/2017 - 01:57:30: "Nick<3><BOT>" switched from team <TERRORIST> to <Unassigned>
L 02/25/2017 - 01:57:30: "Will<4><BOT><TERRORIST>" disconnected (reason "Kicked by Console")
L 02/25/2017 - 01:57:30: "Will<4><BOT>" switched from team <TERRORIST> to <Unassigned>
L 02/25/2017 - 01:57:30: "Norm<5><BOT><CT>" disconnected (reason "Kicked by Console")
L 02/25/2017 - 01:57:30: "Norm<5><BOT>" switched from team <CT> to <Unassigned>
L 02/25/2017 - 01:57:30: "Dustin<6><BOT><TERRORIST>" disconnected (reason "Kicked by Console")
L 02/25/2017 - 01:57:30: "Dustin<6><BOT>" switched from team <TERRORIST> to <Unassigned>
L 02/25/2017 - 01:57:30: "Matt<7><BOT><CT>" disconnected (reason "Kicked by Console")
L 02/25/2017 - 01:57:30: "Matt<7><BOT>" switched from team <CT> to <Unassigned>
L 02/25/2017 - 01:57:30: "Shawn<8><BOT><TERRORIST>" disconnected (reason "Kicked by Console")
L 02/25/2017 - 01:57:30: "Shawn<8><BOT>" switched from team <TERRORIST> to <Unassigned>
L 02/25/2017 - 01:57:30: "Calvin<9><BOT><CT>" disconnected (reason "Kicked by Console")
L 02/25/2017 - 01:57:30: "Calvin<9><BOT>" switched from team <CT> to <Unassigned>
L 02/25/2017 - 01:57:30: "Jon<10><BOT><TERRORIST>" disconnected (reason "Kicked by Console")
L 02/25/2017 - 01:57:30: "Jon<10><BOT>" switched from team <TERRORIST> to <Unassigned>
L 02/25/2017 - 01:57:30: "Gary<11><BOT><CT>" disconnected (reason "Kicked by Console")
L 02/25/2017 - 01:57:30: "Gary<11><BOT>" switched from team <CT> to <Unassigned>
Game will not start until both teams have players.
Game will not start until both teams have players.
-> Reservation cookie 0:  reason reserved(yes), clients(no), reservationexpires(0.00)
Server is hibernating
-> Reservation cookie b92818e8d0060b4c:  reason [R] Connect from 99.246.98.92:27005
L 02/25/2017 - 02:29:40: server_cvar: "nextlevel" "de_mirage"
Server waking up from hibernation
L 02/25/2017 - 02:29:40: World triggered "Round_Start"
---- Host_Changelevel ----
*** Map Load: de_mirage: Map Group mg_activeL 02/25/2017 - 02:29:40: Log file closed
Server logging data to file logs/L192_168_000_036_27015_201702250229_000.log
L 02/25/2017 - 02:29:40: Log file started (file "logs/L192_168_000_036_27015_201702250229_000.log") (game "/home/csadmin/serverfiles/csgo") (version "6661")
L 02/25/2017 - 02:29:40: Loading map "de_mirage"
L 02/25/2017 - 02:29:40: server cvars start
L 02/25/2017 - 02:29:40: "cash_player_killed_teammate" = "-300"
L 02/25/2017 - 02:29:40: "sv_maxspeed" = "320"
L 02/25/2017 - 02:29:40: "cash_player_respawn_amount" = "0"
L 02/25/2017 - 02:29:40: "cash_team_rescued_hostage" = "0"
L 02/25/2017 - 02:29:40: "cash_team_win_by_defusing_bomb" = "2700"
L 02/25/2017 - 02:29:40: "sv_rollangle" = "0"
L 02/25/2017 - 02:29:40: "r_AirboatViewZHeight" = "0.0"
L 02/25/2017 - 02:29:40: "sv_cheats" = "0"
L 02/25/2017 - 02:29:40: "r_VehicleViewDampen" = "1"
L 02/25/2017 - 02:29:40: "mp_allowNPCs" = "1"
L 02/25/2017 - 02:29:40: "mp_tournament" = "0"
L 02/25/2017 - 02:29:40: "sv_spec_hear" = "1"
L 02/25/2017 - 02:29:40: "cash_player_interact_with_hostage" = "300"
L 02/25/2017 - 02:29:40: "mp_flashlight" = "0"
L 02/25/2017 - 02:29:40: "mp_maxrounds" = "15"
L 02/25/2017 - 02:29:40: "sv_tags" = ""
L 02/25/2017 - 02:29:40: "sv_stepsize" = "18"
L 02/25/2017 - 02:29:40: "mp_teamlist" = "hgrunt;scientist"
L 02/25/2017 - 02:29:40: "sv_alltalk" = "0"
L 02/25/2017 - 02:29:40: "mp_footsteps" = "1"
L 02/25/2017 - 02:29:40: "sv_noclipaccelerate" = "5"
L 02/25/2017 - 02:29:40: "sv_accelerate_debug_speed" = "0"
L 02/25/2017 - 02:29:40: "sv_wateraccelerate" = "10"
L 02/25/2017 - 02:29:40: "mp_autocrosshair" = "1"
L 02/25/2017 - 02:29:40: "mp_stalemate_enable" = "0"
L 02/25/2017 - 02:29:40: "cash_team_elimination_bomb_map" = "2700"
L 02/25/2017 - 02:29:40: "cash_player_get_killed" = "0"
L 02/25/2017 - 02:29:40: "mp_roundtime_defuse" = "2.25"
L 02/25/2017 - 02:29:40: "sv_autobuyammo" = "0"
L 02/25/2017 - 02:29:40: "sv_rollspeed" = "200"
L 02/25/2017 - 02:29:40: "sv_airaccelerate" = "12"
L 02/25/2017 - 02:29:40: "mp_teams_unbalance_limit" = "1"
L 02/25/2017 - 02:29:40: "mp_timelimit" = "0"
L 02/25/2017 - 02:29:40: "cash_team_loser_bonus" = "2400"
L 02/25/2017 - 02:29:40: "sv_deadtalk" = "0"
L 02/25/2017 - 02:29:40: "cash_player_rescued_hostage" = "1000"
L 02/25/2017 - 02:29:40: "sv_waterfriction" = "1"
L 02/25/2017 - 02:29:40: "sv_competitive_official_5v5" = "0"
L 02/25/2017 - 02:29:40: "sv_steamgroup" = ""
L 02/25/2017 - 02:29:40: "cash_player_killed_enemy_default" = "200"
L 02/25/2017 - 02:29:40: "coop" = "0"
L 02/25/2017 - 02:29:40: "mp_respawnwavetime" = "10.0"
L 02/25/2017 - 02:29:40: "tv_enable1" = "0"
L 02/25/2017 - 02:29:40: "nextlevel" = "de_mirage"
L 02/25/2017 - 02:29:40: "sv_stopspeed" = "80"
L 02/25/2017 - 02:29:40: "sv_specaccelerate" = "5"
L 02/25/2017 - 02:29:40: "deathmatch" = "1"
L 02/25/2017 - 02:29:40: "tv_enable" = "0"
L 02/25/2017 - 02:29:40: "mp_falldamage" = "0"
L 02/25/2017 - 02:29:40: "mp_teammates_are_enemies" = "0"
L 02/25/2017 - 02:29:40: "mp_roundtime_hostage" = "2"
L 02/25/2017 - 02:29:40: "mp_freezetime" = "5"
L 02/25/2017 - 02:29:40: "sv_accelerate_use_weapon_speed" = "1"
L 02/25/2017 - 02:29:40: "sv_voiceenable" = "1"
L 02/25/2017 - 02:29:40: "sv_bounce" = "0"
L 02/25/2017 - 02:29:40: "mp_disable_respawn_times" = "0"
L 02/25/2017 - 02:29:40: "r_AirboatViewDampenFreq" = "7.0"
L 02/25/2017 - 02:29:40: "mp_weaponstay" = "0"
L 02/25/2017 - 02:29:40: "mp_hostagepenalty" = "10"
L 02/25/2017 - 02:29:40: "tv_advertise_watchable" = "0"
L 02/25/2017 - 02:29:40: "mp_friendlyfire" = "1"
L 02/25/2017 - 02:29:40: "sv_noclipspeed" = "5"
L 02/25/2017 - 02:29:40: "cash_team_hostage_interaction" = "500"
L 02/25/2017 - 02:29:40: "sv_allchat" = "1"
L 02/25/2017 - 02:29:40: "cash_team_win_by_time_running_out_bomb" = "2700"
L 02/25/2017 - 02:29:40: "mp_buy_during_immunity" = "0"
L 02/25/2017 - 02:29:40: "cash_player_killed_enemy_factor" = "0.5"
L 02/25/2017 - 02:29:40: "r_JeepViewDampenDamp" = "1.0"
L 02/25/2017 - 02:29:40: "mp_c4timer" = "40"
L 02/25/2017 - 02:29:40: "r_AirboatViewDampenDamp" = "1.0"
L 02/25/2017 - 02:29:40: "sv_competitive_minspec" = "1"
L 02/25/2017 - 02:29:40: "sv_max_allowed_net_graph" = "1"
L 02/25/2017 - 02:29:40: "mp_stalemate_at_timelimit" = "0"
L 02/25/2017 - 02:29:40: "sv_footsteps" = "1"
L 02/25/2017 - 02:29:40: "mp_limitteams" = "2"
L 02/25/2017 - 02:29:40: "sv_vote_issue_kick_allowed" = "1"
L 02/25/2017 - 02:29:40: "cash_team_survive_guardian_wave" = "1000"
L 02/25/2017 - 02:29:40: "tv_relaypassword" = ""
L 02/25/2017 - 02:29:40: "mp_teamplay" = "0"
L 02/25/2017 - 02:29:40: "cash_team_terrorist_win_bomb" = "2700"
L 02/25/2017 - 02:29:40: "cash_team_elimination_hostage_map_t" = "2000"
L 02/25/2017 - 02:29:40: "r_JeepViewDampenFreq" = "7.0"
L 02/25/2017 - 02:29:40: "sv_specnoclip" = "1"
L 02/25/2017 - 02:29:40: "sv_friction" = "5.2"
L 02/25/2017 - 02:29:40: "cash_team_win_by_time_running_out_hostage" = "2000"
L 02/25/2017 - 02:29:40: "cash_player_bomb_planted" = "200"
L 02/25/2017 - 02:29:40: "mp_autoteambalance" = "1"
L 02/25/2017 - 02:29:40: "sv_contact" = ""
L 02/25/2017 - 02:29:40: "sv_vote_kick_ban_duration" = "15"
L 02/25/2017 - 02:29:40: "cash_player_bomb_defused" = "200"
L 02/25/2017 - 02:29:40: "mp_roundtime" = "3"
L 02/25/2017 - 02:29:40: "sv_kick_ban_duration" = "15"
L 02/25/2017 - 02:29:40: "cash_team_planted_bomb_but_defused" = "200"
L 02/25/2017 - 02:29:40: "cash_player_killed_hostage" = "-1000"
L 02/25/2017 - 02:29:40: "sv_vote_issue_loadbackup_allowed" = "1"
L 02/25/2017 - 02:29:40: "mp_fraglimit" = "0"
L 02/25/2017 - 02:29:40: "mp_forcerespawn" = "1"
L 02/25/2017 - 02:29:40: "mp_winlimit" = "0"
L 02/25/2017 - 02:29:40: "sv_accelerate" = "5.5"
L 02/25/2017 - 02:29:40: "mp_buy_anywhere" = "0"
L 02/25/2017 - 02:29:40: "sv_gravity" = "800"
L 02/25/2017 - 02:29:40: "sv_password" = ""
L 02/25/2017 - 02:29:40: "cash_team_elimination_hostage_map_ct" = "2300"
L 02/25/2017 - 02:29:40: "cash_team_win_by_hostage_rescue" = "3000"
L 02/25/2017 - 02:29:40: "r_JeepViewZHeight" = "10.0"
L 02/25/2017 - 02:29:40: "cash_team_loser_bonus_consecutive_rounds" = "0"
L 02/25/2017 - 02:29:40: "cash_player_damage_hostage" = "-30"
L 02/25/2017 - 02:29:40: "cash_team_hostage_alive" = "0"
L 02/25/2017 - 02:29:40: "tv_password" = ""
L 02/25/2017 - 02:29:40: "sv_specspeed" = "3"
L 02/25/2017 - 02:29:40: server cvars end
ConVarRef r_staticlight_streams doesn't point to an existing ConVar
L 02/25/2017 - 02:29:40: Started map "de_mirage" (CRC "-1611770114")
GameTypes: missing mapgroupsSP entry for game type/mode (custom/custom).
GameTypes: missing mapgroupsSP entry for game type/mode (cooperative/cooperative).
GameTypes: missing mapgroupsSP entry for game type/mode (cooperative/coopmission).
ConVarRef room_type doesn't point to an existing ConVar
bot_autodifficulty_threshold_high - 5.0
bot_autodifficulty_threshold_low - -2.0
bot_chatter - normal
bot_defer_to_human_goals - 0
bot_defer_to_human_items - 1
bot_difficulty - 1
bot_quota - 10
bot_quota_mode - normal
bot_allow_grenades - 1
bot_allow_pistols - 1
bot_allow_sub_machine_guns - 1
bot_allow_shotguns - 1
bot_allow_rifles - 1
bot_allow_snipers - 1
bot_allow_machine_guns - 1
sv_auto_adjust_bot_difficulty - 1
sv_bots_get_easier_each_win - 0
sv_bots_force_rebuy_every_round - 0
sv_bots_get_harder_after_each_wave - 0
mp_playercashawards - 1
L 02/25/2017 - 02:29:40: server_cvar: "cash_player_bomb_defused" "300"
cash_player_bomb_defused - 300
L 02/25/2017 - 02:29:40: server_cvar: "cash_player_bomb_planted" "300"
cash_player_bomb_planted - 300
cash_player_damage_hostage - -30
L 02/25/2017 - 02:29:40: server_cvar: "cash_player_interact_with_hostage" "150"
cash_player_interact_with_hostage - 150
L 02/25/2017 - 02:29:40: server_cvar: "cash_player_killed_enemy_default" "300"
cash_player_killed_enemy_default - 300
L 02/25/2017 - 02:29:40: server_cvar: "cash_player_killed_enemy_factor" "1"
cash_player_killed_enemy_factor - 1
cash_player_killed_hostage - -1000
cash_player_killed_teammate - -300
cash_player_rescued_hostage - 1000
cash_player_respawn_amount - 0
cash_player_get_killed - 0
mp_teamcashawards - 1
L 02/25/2017 - 02:29:40: server_cvar: "cash_team_elimination_bomb_map" "3250"
cash_team_elimination_bomb_map - 3250
L 02/25/2017 - 02:29:40: server_cvar: "cash_team_elimination_hostage_map_t" "1000"
cash_team_elimination_hostage_map_t - 1000
L 02/25/2017 - 02:29:40: server_cvar: "cash_team_elimination_hostage_map_ct" "2000"
cash_team_elimination_hostage_map_ct - 2000
cash_team_hostage_alive - 0
cash_team_hostage_interaction - 500
L 02/25/2017 - 02:29:40: server_cvar: "cash_team_loser_bonus" "1400"
cash_team_loser_bonus - 1400
L 02/25/2017 - 02:29:40: server_cvar: "cash_team_loser_bonus_consecutive_rounds" "500"
cash_team_loser_bonus_consecutive_rounds - 500
L 02/25/2017 - 02:29:40: server_cvar: "cash_team_planted_bomb_but_defused" "800"
cash_team_planted_bomb_but_defused - 800
cash_team_rescued_hostage - 0
L 02/25/2017 - 02:29:40: server_cvar: "cash_team_terrorist_win_bomb" "3500"
cash_team_terrorist_win_bomb - 3500
L 02/25/2017 - 02:29:40: server_cvar: "cash_team_win_by_defusing_bomb" "3250"
cash_team_win_by_defusing_bomb - 3250
L 02/25/2017 - 02:29:40: server_cvar: "cash_team_win_by_hostage_rescue" "3500"
cash_team_win_by_hostage_rescue - 3500
L 02/25/2017 - 02:29:40: server_cvar: "cash_team_win_by_time_running_out_bomb" "3250"
cash_team_win_by_time_running_out_bomb - 3250
L 02/25/2017 - 02:29:40: server_cvar: "cash_team_win_by_time_running_out_hostage" "3250"
cash_team_win_by_time_running_out_hostage - 3250
cash_team_survive_guardian_wave - 1000
mp_afterroundmoney - 0
mp_buytime - 90
mp_buy_anywhere - 0
mp_buy_during_immunity - 0
mp_startmoney - 800
mp_maxmoney - 16000
sv_buy_status_override - -1
mp_death_drop_defuser - 1
mp_death_drop_grenade - 2
mp_death_drop_gun - 1
mp_deathcam_skippable - 1
mp_defuser_allocation - 0
mp_give_player_c4 - 1
mp_free_armor - 0
mp_molotovusedelay - 15.0
mp_weapons_allow_zeus - 1
mp_weapons_allow_map_placed - 0
mp_weapons_glow_on_ground - 0
mp_ct_default_melee - weapon_knife
mp_ct_default_secondary - weapon_hkp2000
mp_ct_default_primary - 
mp_ct_default_grenades - 
mp_t_default_melee - weapon_knife
mp_t_default_secondary - weapon_glock
mp_t_default_primary - 
mp_t_default_grenades - 
mp_buy_allow_grenades - 1
mp_weapons_allow_typecount - 5
L 02/25/2017 - 02:29:40: server_cvar: "mp_freezetime" "6"
mp_freezetime - 6
mp_force_pick_time - 15
mp_halftime - 0
mp_match_can_clinch - 1
L 02/25/2017 - 02:29:40: server_cvar: "mp_maxrounds" "0"
mp_maxrounds - 0
L 02/25/2017 - 02:29:40: server_cvar: "mp_roundtime" "5"
mp_roundtime - 5
L 02/25/2017 - 02:29:40: server_cvar: "mp_roundtime_defuse" "0"
mp_roundtime_defuse - 0
L 02/25/2017 - 02:29:40: server_cvar: "mp_roundtime_hostage" "0"
mp_roundtime_hostage - 0
L 02/25/2017 - 02:29:40: server_cvar: "mp_timelimit" "5"
mp_timelimit - 5
mp_warmuptime - 30
mp_warmuptime_all_players_connected - 60
mp_warmup_pausetimer - 0
mp_halftime_pausetimer - 0
mp_default_team_winner_no_objective - -1
mp_hostagepenalty - 10
mp_solid_teammates - 1
sv_allow_votes - 1
sv_alltalk - 0
sv_auto_full_alltalk_during_warmup_half_end - 1
sv_deadtalk - 0
sv_ignoregrenaderadio - 0
mp_teammates_are_enemies - 0
mp_damage_scale_ct_body - 1.0
mp_damage_scale_ct_head - 1.0
mp_damage_scale_t_body - 1.0
mp_damage_scale_t_head - 1.0
L 02/25/2017 - 02:29:40: server_cvar: "mp_friendlyfire" "0"
mp_friendlyfire - 0
ff_damage_reduction_bullets - 0.1
ff_damage_reduction_grenade - 0.25
ff_damage_reduction_grenade_self - 1
ff_damage_reduction_other - 0.25
mp_limitteams - 2
spec_freeze_panel_extended_time - 0.0
spec_freeze_time - 3.0
mp_forcecamera - 1
mp_respawn_immunitytime - 4.0
mp_respawn_on_death_t - 0
mp_respawn_on_death_ct - 0
mp_display_kill_assists - 1
mp_use_respawn_waves - 0
mp_respawnwavetime_ct - 10.0
mp_respawnwavetime_t - 10.0
mp_randomspawn - 0
mp_randomspawn_los - 1
mp_randomspawn_dist - 0
mp_radar_showall - 0
mp_force_assign_teams - 0
sv_gravity - 800
sv_accelerate - 5.5
sv_stopspeed - 80
sv_airaccelerate - 12
sv_wateraccelerate - 10
sv_waterfriction - 1
sv_friction - 5.2
sv_bounce - 0
sv_maxvelocity - 3500
sv_maxspeed - 320
sv_bot_buy_grenade_chance - 33
sv_bot_buy_smoke_weight - 1
sv_bot_buy_flash_weight - 1
sv_bot_buy_decoy_weight - 1
sv_bot_buy_molotov_weight - 1
sv_bot_buy_hegrenade_weight - 6
sv_guardian_min_wave_for_heavy - 0
sv_guardian_max_wave_for_heavy - 0
sv_guardian_heavy_count - 0
sv_guardian_heavy_all - 0
mp_ggprogressive_round_restart_delay - 15.0
mp_ggtr_bomb_defuse_bonus - 1.0
mp_ggtr_bomb_detonation_bonus - 1.0
mp_ggtr_bomb_pts_for_flash - 4
mp_ggtr_bomb_pts_for_he - 3
mp_ggtr_bomb_pts_for_molotov - 5
mp_ggtr_bomb_pts_for_upgrade - 2.0
mp_ggtr_bomb_respawn_delay - 0.0
mp_ggtr_end_round_kill_bonus - 1
mp_ggtr_halftime_delay - 0.0
mp_ggtr_last_weapon_kill_ends_half - 0
sv_arms_race_vote_to_restart_disallowed_after - 0
mp_coop_force_join_ct - 0
bot_allow_rogues - 1
mp_guardian_special_kills_needed - 10
mp_guardian_special_weapon_needed - awp
mp_guardian_player_dist_min - 1300
mp_guardian_player_dist_max - 2000
mp_guardian_target_site - -1
mp_hostages_spawn_force_positions - 
mp_hostages_spawn_same_every_round - 1
mp_guardian_bot_money_per_wave - 800
sv_disable_show_team_select_menu - 0
mp_hostages_max - 2
spec_replay_enable - 0
mp_round_restart_delay - 7.0
mp_coopmission_bot_difficulty_offset - 0
sv_duplicate_playernames_ok - 0
mp_anyone_can_pickup_c4 - 0
mp_c4_cannot_be_defused - 0
mp_c4timer - 40
mp_coopmission_mission_number - 0
weapon_reticle_knife_show - 0
mp_death_drop_c4 - 1
Executing dedicated server config file
L 02/25/2017 - 02:29:40: server_cvar: "nextlevel" ""
Server logging enabled.
L 02/25/2017 - 02:29:40: Log file closed
Server logging data to file logs/L192_168_000_036_27015_201702250229_001.log
L 02/25/2017 - 02:29:40: Log file started (file "logs/L192_168_000_036_27015_201702250229_001.log") (game "/home/csadmin/serverfiles/csgo") (version "6661")
Writing cfg/banned_user.cfg.
Writing cfg/banned_ip.cfg.
L 02/25/2017 - 02:29:40: server_cvar: "cash_player_bomb_defused" "200"
L 02/25/2017 - 02:29:40: server_cvar: "cash_player_bomb_planted" "200"
L 02/25/2017 - 02:29:40: server_cvar: "cash_player_interact_with_hostage" "300"
L 02/25/2017 - 02:29:40: server_cvar: "cash_player_killed_enemy_default" "200"
L 02/25/2017 - 02:29:40: server_cvar: "cash_player_killed_enemy_factor" "0.5"
L 02/25/2017 - 02:29:40: server_cvar: "cash_team_elimination_bomb_map" "2700"
L 02/25/2017 - 02:29:40: server_cvar: "cash_team_elimination_hostage_map_t" "2000"
L 02/25/2017 - 02:29:40: server_cvar: "cash_team_elimination_hostage_map_ct" "2300"
L 02/25/2017 - 02:29:40: server_cvar: "cash_team_loser_bonus" "2400"
L 02/25/2017 - 02:29:40: server_cvar: "cash_team_loser_bonus_consecutive_rounds" "0"
L 02/25/2017 - 02:29:40: server_cvar: "cash_team_planted_bomb_but_defused" "200"
L 02/25/2017 - 02:29:40: server_cvar: "cash_team_terrorist_win_bomb" "2700"
L 02/25/2017 - 02:29:40: server_cvar: "cash_team_win_by_defusing_bomb" "2700"
L 02/25/2017 - 02:29:40: server_cvar: "cash_team_win_by_hostage_rescue" "3000"
L 02/25/2017 - 02:29:40: server_cvar: "cash_team_win_by_time_running_out_hostage" "2000"
L 02/25/2017 - 02:29:40: server_cvar: "cash_team_win_by_time_running_out_bomb" "2700"
L 02/25/2017 - 02:29:40: server_cvar: "mp_freezetime" "5"
L 02/25/2017 - 02:29:40: server_cvar: "mp_friendlyfire" "1"
L 02/25/2017 - 02:29:40: server_cvar: "mp_maxrounds" "15"
L 02/25/2017 - 02:29:40: server_cvar: "mp_roundtime" "3"
L 02/25/2017 - 02:29:40: server_cvar: "mp_roundtime_hostage" "2"
L 02/25/2017 - 02:29:40: server_cvar: "mp_roundtime_defuse" "2.25"
L 02/25/2017 - 02:29:40: server_cvar: "mp_timelimit" "0"
exec: couldn't exec gamemode_casual_server.cfg
Commentary: Could not find commentary data file 'maps/de_mirage_commentary.txt'. 
L 02/25/2017 - 02:29:41: "NiV<12><STEAM_1:0:53093912><>" connected, address ""
Client "NiV" connected (99.246.98.92:27005).
L 02/25/2017 - 02:29:41: World triggered "Round_Start"
L 02/25/2017 - 02:29:42: "NiV<12><STEAM_1:0:53093912><>" STEAM USERID validated
PutClientInServer: no info_player_start on level
L 02/25/2017 - 02:29:46: "NiV<12><STEAM_1:0:53093912><>" entered the game
L 02/25/2017 - 02:29:48: "NiV<12><STEAM_1:0:53093912><Unassigned>" triggered "clantag" (value "")
L 02/25/2017 - 02:29:50: "NiV<12><STEAM_1:0:53093912>" switched from team <Unassigned> to <CT>
L 02/25/2017 - 02:29:50: World triggered "Game_Commencing"
L 02/25/2017 - 02:29:50: "Will<13><BOT><>" connected, address ""
L 02/25/2017 - 02:29:50: "Will<13><BOT>" switched from team <Unassigned> to <TERRORIST>
L 02/25/2017 - 02:29:50: "Will<13><BOT><>" entered the game
L 02/25/2017 - 02:29:50: "Nick<14><BOT><>" connected, address ""
L 02/25/2017 - 02:29:50: "Nick<14><BOT>" switched from team <Unassigned> to <CT>
L 02/25/2017 - 02:29:50: "Nick<14><BOT><>" entered the game
L 02/25/2017 - 02:29:50: "Matt<15><BOT><>" connected, address ""
L 02/25/2017 - 02:29:50: "Matt<15><BOT>" switched from team <Unassigned> to <TERRORIST>
L 02/25/2017 - 02:29:50: "Matt<15><BOT><>" entered the game
L 02/25/2017 - 02:29:50: "Ron<16><BOT><>" connected, address ""
L 02/25/2017 - 02:29:50: "Ron<16><BOT>" switched from team <Unassigned> to <CT>
L 02/25/2017 - 02:29:50: "Ron<16><BOT><>" entered the game
L 02/25/2017 - 02:29:50: "Shawn<17><BOT><>" connected, address ""
L 02/25/2017 - 02:29:50: "Shawn<17><BOT>" switched from team <Unassigned> to <TERRORIST>
L 02/25/2017 - 02:29:50: "Shawn<17><BOT><>" entered the game
L 02/25/2017 - 02:29:50: "Tim<18><BOT><>" connected, address ""
L 02/25/2017 - 02:29:50: "Tim<18><BOT>" switched from team <Unassigned> to <TERRORIST>
L 02/25/2017 - 02:29:50: "Tim<18><BOT><>" entered the game
L 02/25/2017 - 02:29:50: "Ethan<19><BOT><>" connected, address ""
L 02/25/2017 - 02:29:50: "Ethan<19><BOT>" switched from team <Unassigned> to <CT>
L 02/25/2017 - 02:29:50: "Ethan<19><BOT><>" entered the game
L 02/25/2017 - 02:29:50: "Pat<20><BOT><>" connected, address ""
L 02/25/2017 - 02:29:50: "Pat<20><BOT>" switched from team <Unassigned> to <CT>
L 02/25/2017 - 02:29:50: "Pat<20><BOT><>" entered the game
L 02/25/2017 - 02:29:50: "Adam<21><BOT><>" connected, address ""
L 02/25/2017 - 02:29:50: "Adam<21><BOT>" switched from team <Unassigned> to <TERRORIST>
L 02/25/2017 - 02:29:50: "Adam<21><BOT><>" entered the game
L 02/25/2017 - 02:29:50: "Will<13><BOT><TERRORIST>" purchased "sg556"
L 02/25/2017 - 02:29:50: "Will<13><BOT><TERRORIST>" purchased "deagle"
L 02/25/2017 - 02:29:50: "Nick<14><BOT><CT>" purchased "m4a1"
L 02/25/2017 - 02:29:50: "Nick<14><BOT><CT>" purchased "deagle"
L 02/25/2017 - 02:29:50: "Matt<15><BOT><TERRORIST>" purchased "p90"
L 02/25/2017 - 02:29:50: "Matt<15><BOT><TERRORIST>" purchased "p250"
L 02/25/2017 - 02:29:50: "Ron<16><BOT><CT>" purchased "m249"
L 02/25/2017 - 02:29:50: "Shawn<17><BOT><TERRORIST>" purchased "galilar"
L 02/25/2017 - 02:29:50: "Tim<18><BOT><TERRORIST>" purchased "m249"
L 02/25/2017 - 02:29:50: "Ethan<19><BOT><CT>" purchased "p90"
L 02/25/2017 - 02:29:50: "Pat<20><BOT><CT>" purchased "aug"
L 02/25/2017 - 02:29:50: "Pat<20><BOT><CT>" purchased "deagle"
L 02/25/2017 - 02:29:50: "Adam<21><BOT><TERRORIST>" purchased "m4a1"
L 02/25/2017 - 02:29:51: World triggered "Match_Start" on "de_mirage"
L 02/25/2017 - 02:29:51: "Will<13><BOT><TERRORIST>" purchased "mac10"
L 02/25/2017 - 02:29:51: "Will<13><BOT><TERRORIST>" purchased "hegrenade"
L 02/25/2017 - 02:29:51: "Matt<15><BOT><TERRORIST>" purchased "nova"
L 02/25/2017 - 02:29:51: "Matt<15><BOT><TERRORIST>" purchased "smokegrenade"
L 02/25/2017 - 02:29:51: "Shawn<17><BOT><TERRORIST>" purchased "negev"
L 02/25/2017 - 02:29:51: "Ethan<19><BOT><CT>" purchased "negev"
L 02/25/2017 - 02:29:51: "Adam<21><BOT><TERRORIST>" purchased "m4a1"
L 02/25/2017 - 02:29:51: "Nick<14><BOT><CT>" purchased "m249"
L 02/25/2017 - 02:29:51: "Ron<16><BOT><CT>" purchased "aug"
L 02/25/2017 - 02:29:51: "Ron<16><BOT><CT>" purchased "hegrenade"
L 02/25/2017 - 02:29:51: "Tim<18><BOT><TERRORIST>" purchased "ak47"
L 02/25/2017 - 02:29:51: "Pat<20><BOT><CT>" purchased "m249"
L 02/25/2017 - 02:29:51: "NiV<12><STEAM_1:0:53093912><CT>" triggered "clantag" (value "")
L 02/25/2017 - 02:29:53: World triggered "Round_Start"
L 02/25/2017 - 02:30:04: "Ron<16><BOT><CT>" threw hegrenade [475 -1451 -171]
L 02/25/2017 - 02:30:04: "Adam<21><BOT><TERRORIST>" [239 -1565 -176] killed "Ron<16><BOT><CT>" [-239 -1765 -104] with "ak47"
L 02/25/2017 - 02:30:06: "Nick<14><BOT><CT>" [-411 -1917 -177] killed "Adam<21><BOT><TERRORIST>" [241 -1566 -112] with "m249" (penetrated)
L 02/25/2017 - 02:30:06: "Pat<20><BOT><CT>" assisted killing "Adam<21><BOT><TERRORIST>"
L 02/25/2017 - 02:30:06: "Ethan<19><BOT><CT>" [-419 -1978 -180] killed "Tim<18><BOT><TERRORIST>" [224 -1554 -112] with "negev" (headshot)
L 02/25/2017 - 02:30:07: "Ethan<19><BOT><CT>" [-419 -1978 -180] killed "Shawn<17><BOT><TERRORIST>" [18 -1642 -104] with "negev"
L 02/25/2017 - 02:30:07: "Nick<14><BOT><CT>" assisted killing "Shawn<17><BOT><TERRORIST>"
L 02/25/2017 - 02:30:08: "Will<13><BOT><TERRORIST>" threw hegrenade [-122 -1466 -126]
L 02/25/2017 - 02:30:09: "Ron<16><BOT><CT>" purchased "ssg08"
L 02/25/2017 - 02:30:10: "Adam<21><BOT><TERRORIST>" purchased "galilar"
L 02/25/2017 - 02:30:10: "Tim<18><BOT><TERRORIST>" purchased "ump45"
L 02/25/2017 - 02:30:10: "Tim<18><BOT><TERRORIST>" purchased "hegrenade"
L 02/25/2017 - 02:30:12: "Shawn<17><BOT><TERRORIST>" purchased "mac10"
L 02/25/2017 - 02:30:21: "Will<13><BOT><TERRORIST>" [339 -1709 -181] killed "Pat<20><BOT><CT>" [473 -1629 -185] with "mac10"
L 02/25/2017 - 02:30:25: "Pat<20><BOT><CT>" purchased "mp7"
L 02/25/2017 - 02:30:30: "Matt<15><BOT><TERRORIST>" threw smokegrenade [417 -2015 -38]
L 02/25/2017 - 02:30:36: "Shawn<17><BOT><TERRORIST>" [89 -313 -178] killed "Ron<16><BOT><CT>" [-38 -652 -144] with "mac10"
L 02/25/2017 - 02:30:36: "Tim<18><BOT><TERRORIST>" assisted killing "Ron<16><BOT><CT>"
L 02/25/2017 - 02:30:37: "NiV<12><STEAM_1:0:53093912><CT>" disconnected (reason "Disconnect")
L 02/25/2017 - 02:30:37: "NiV<12><STEAM_1:0:53093912>" switched from team <CT> to <Unassigned>
Dropped NiV from server: Disconnect
L 02/25/2017 - 02:30:37: "Will<13><BOT><TERRORIST>" disconnected (reason "Kicked by Console")
L 02/25/2017 - 02:30:37: "Will<13><BOT>" switched from team <TERRORIST> to <Unassigned>
L 02/25/2017 - 02:30:37: "Ron<16><BOT><CT>" disconnected (reason "Kicked by Console")
L 02/25/2017 - 02:30:37: "Ron<16><BOT>" switched from team <CT> to <Unassigned>
L 02/25/2017 - 02:30:37: "Matt<15><BOT><TERRORIST>" disconnected (reason "Kicked by Console")
L 02/25/2017 - 02:30:37: "Matt<15><BOT>" switched from team <TERRORIST> to <Unassigned>
L 02/25/2017 - 02:30:37: "Shawn<17><BOT><TERRORIST>" disconnected (reason "Kicked by Console")
L 02/25/2017 - 02:30:37: "Shawn<17><BOT>" switched from team <TERRORIST> to <Unassigned>
L 02/25/2017 - 02:30:37: "Nick<14><BOT><CT>" disconnected (reason "Kicked by Console")
L 02/25/2017 - 02:30:37: "Nick<14><BOT>" switched from team <CT> to <Unassigned>
L 02/25/2017 - 02:30:37: "Tim<18><BOT><TERRORIST>" disconnected (reason "Kicked by Console")
L 02/25/2017 - 02:30:37: "Tim<18><BOT>" switched from team <TERRORIST> to <Unassigned>
L 02/25/2017 - 02:30:37: "Ethan<19><BOT><CT>" disconnected (reason "Kicked by Console")
L 02/25/2017 - 02:30:37: "Ethan<19><BOT>" switched from team <CT> to <Unassigned>
L 02/25/2017 - 02:30:37: "Pat<20><BOT><CT>" disconnected (reason "Kicked by Console")
L 02/25/2017 - 02:30:37: "Pat<20><BOT>" switched from team <CT> to <Unassigned>
L 02/25/2017 - 02:30:37: "Adam<21><BOT><TERRORIST>" disconnected (reason "Kicked by Console")
L 02/25/2017 - 02:30:37: "Adam<21><BOT>" switched from team <TERRORIST> to <Unassigned>
Game will not start until both teams have players.
-> Reservation cookie 0:  reason reserved(yes), clients(no), reservationexpires(0.00)
Server is hibernating
-> Reservation cookie b92818e8d0060b4c:  reason [R] Connect from 24.114.55.80:41753
L 02/25/2017 - 02:32:07: server_cvar: "nextlevel" "de_mirage"
Server waking up from hibernation
---- Host_Changelevel ----
*** Map Load: de_mirage: Map Group mg_activeL 02/25/2017 - 02:32:07: Log file closed
Server logging data to file logs/L192_168_000_036_27015_201702250232_000.log
L 02/25/2017 - 02:32:07: Log file started (file "logs/L192_168_000_036_27015_201702250232_000.log") (game "/home/csadmin/serverfiles/csgo") (version "6661")
L 02/25/2017 - 02:32:07: Loading map "de_mirage"
L 02/25/2017 - 02:32:07: server cvars start
L 02/25/2017 - 02:32:07: "cash_player_killed_teammate" = "-300"
L 02/25/2017 - 02:32:07: "sv_maxspeed" = "320"
L 02/25/2017 - 02:32:07: "cash_player_respawn_amount" = "0"
L 02/25/2017 - 02:32:07: "cash_team_rescued_hostage" = "0"
L 02/25/2017 - 02:32:07: "cash_team_win_by_defusing_bomb" = "2700"
L 02/25/2017 - 02:32:07: "sv_rollangle" = "0"
L 02/25/2017 - 02:32:07: "r_AirboatViewZHeight" = "0.0"
L 02/25/2017 - 02:32:07: "sv_cheats" = "0"
L 02/25/2017 - 02:32:07: "r_VehicleViewDampen" = "1"
L 02/25/2017 - 02:32:07: "mp_allowNPCs" = "1"
L 02/25/2017 - 02:32:07: "mp_tournament" = "0"
L 02/25/2017 - 02:32:07: "sv_spec_hear" = "1"
L 02/25/2017 - 02:32:07: "cash_player_interact_with_hostage" = "300"
L 02/25/2017 - 02:32:07: "mp_flashlight" = "0"
L 02/25/2017 - 02:32:07: "mp_maxrounds" = "15"
L 02/25/2017 - 02:32:07: "sv_tags" = ""
L 02/25/2017 - 02:32:07: "sv_stepsize" = "18"
L 02/25/2017 - 02:32:07: "mp_teamlist" = "hgrunt;scientist"
L 02/25/2017 - 02:32:07: "sv_alltalk" = "0"
L 02/25/2017 - 02:32:07: "mp_footsteps" = "1"
L 02/25/2017 - 02:32:07: "sv_noclipaccelerate" = "5"
L 02/25/2017 - 02:32:07: "sv_accelerate_debug_speed" = "0"
L 02/25/2017 - 02:32:07: "sv_wateraccelerate" = "10"
L 02/25/2017 - 02:32:07: "mp_autocrosshair" = "1"
L 02/25/2017 - 02:32:07: "mp_stalemate_enable" = "0"
L 02/25/2017 - 02:32:07: "cash_team_elimination_bomb_map" = "2700"
L 02/25/2017 - 02:32:07: "cash_player_get_killed" = "0"
L 02/25/2017 - 02:32:07: "mp_roundtime_defuse" = "2.25"
L 02/25/2017 - 02:32:07: "sv_autobuyammo" = "0"
L 02/25/2017 - 02:32:07: "sv_rollspeed" = "200"
L 02/25/2017 - 02:32:07: "sv_airaccelerate" = "12"
L 02/25/2017 - 02:32:07: "mp_teams_unbalance_limit" = "1"
L 02/25/2017 - 02:32:07: "mp_timelimit" = "0"
L 02/25/2017 - 02:32:07: "cash_team_loser_bonus" = "2400"
L 02/25/2017 - 02:32:07: "sv_deadtalk" = "0"
L 02/25/2017 - 02:32:07: "cash_player_rescued_hostage" = "1000"
L 02/25/2017 - 02:32:07: "sv_waterfriction" = "1"
L 02/25/2017 - 02:32:07: "sv_competitive_official_5v5" = "0"
L 02/25/2017 - 02:32:07: "sv_steamgroup" = ""
L 02/25/2017 - 02:32:07: "cash_player_killed_enemy_default" = "200"
L 02/25/2017 - 02:32:07: "coop" = "0"
L 02/25/2017 - 02:32:07: "mp_respawnwavetime" = "10.0"
L 02/25/2017 - 02:32:07: "tv_enable1" = "0"
L 02/25/2017 - 02:32:07: "nextlevel" = "de_mirage"
L 02/25/2017 - 02:32:07: "sv_stopspeed" = "80"
L 02/25/2017 - 02:32:07: "sv_specaccelerate" = "5"
L 02/25/2017 - 02:32:07: "deathmatch" = "1"
L 02/25/2017 - 02:32:07: "tv_enable" = "0"
L 02/25/2017 - 02:32:07: "mp_falldamage" = "0"
L 02/25/2017 - 02:32:07: "mp_teammates_are_enemies" = "0"
L 02/25/2017 - 02:32:07: "mp_roundtime_hostage" = "2"
L 02/25/2017 - 02:32:07: "mp_freezetime" = "5"
L 02/25/2017 - 02:32:07: "sv_accelerate_use_weapon_speed" = "1"
L 02/25/2017 - 02:32:07: "sv_voiceenable" = "1"
L 02/25/2017 - 02:32:07: "sv_bounce" = "0"
L 02/25/2017 - 02:32:07: "mp_disable_respawn_times" = "0"
L 02/25/2017 - 02:32:07: "r_AirboatViewDampenFreq" = "7.0"
L 02/25/2017 - 02:32:07: "mp_weaponstay" = "0"
L 02/25/2017 - 02:32:07: "mp_hostagepenalty" = "10"
L 02/25/2017 - 02:32:07: "tv_advertise_watchable" = "0"
L 02/25/2017 - 02:32:07: "mp_friendlyfire" = "1"
L 02/25/2017 - 02:32:07: "sv_noclipspeed" = "5"
L 02/25/2017 - 02:32:07: "cash_team_hostage_interaction" = "500"
L 02/25/2017 - 02:32:07: "sv_allchat" = "1"
L 02/25/2017 - 02:32:07: "cash_team_win_by_time_running_out_bomb" = "2700"
L 02/25/2017 - 02:32:07: "mp_buy_during_immunity" = "0"
L 02/25/2017 - 02:32:07: "cash_player_killed_enemy_factor" = "0.5"
L 02/25/2017 - 02:32:07: "r_JeepViewDampenDamp" = "1.0"
L 02/25/2017 - 02:32:07: "mp_c4timer" = "40"
L 02/25/2017 - 02:32:07: "r_AirboatViewDampenDamp" = "1.0"
L 02/25/2017 - 02:32:07: "sv_competitive_minspec" = "1"
L 02/25/2017 - 02:32:07: "sv_max_allowed_net_graph" = "1"
L 02/25/2017 - 02:32:07: "mp_stalemate_at_timelimit" = "0"
L 02/25/2017 - 02:32:07: "sv_footsteps" = "1"
L 02/25/2017 - 02:32:07: "mp_limitteams" = "2"
L 02/25/2017 - 02:32:07: "sv_vote_issue_kick_allowed" = "1"
L 02/25/2017 - 02:32:07: "cash_team_survive_guardian_wave" = "1000"
L 02/25/2017 - 02:32:07: "tv_relaypassword" = ""
L 02/25/2017 - 02:32:07: "mp_teamplay" = "0"
L 02/25/2017 - 02:32:07: "cash_team_terrorist_win_bomb" = "2700"
L 02/25/2017 - 02:32:07: "cash_team_elimination_hostage_map_t" = "2000"
L 02/25/2017 - 02:32:07: "r_JeepViewDampenFreq" = "7.0"
L 02/25/2017 - 02:32:07: "sv_specnoclip" = "1"
L 02/25/2017 - 02:32:07: "sv_friction" = "5.2"
L 02/25/2017 - 02:32:07: "cash_team_win_by_time_running_out_hostage" = "2000"
L 02/25/2017 - 02:32:07: "cash_player_bomb_planted" = "200"
L 02/25/2017 - 02:32:07: "mp_autoteambalance" = "1"
L 02/25/2017 - 02:32:07: "sv_contact" = ""
L 02/25/2017 - 02:32:07: "sv_vote_kick_ban_duration" = "15"
L 02/25/2017 - 02:32:07: "cash_player_bomb_defused" = "200"
L 02/25/2017 - 02:32:07: "mp_roundtime" = "3"
L 02/25/2017 - 02:32:07: "sv_kick_ban_duration" = "15"
L 02/25/2017 - 02:32:07: "cash_team_planted_bomb_but_defused" = "200"
L 02/25/2017 - 02:32:07: "cash_player_killed_hostage" = "-1000"
L 02/25/2017 - 02:32:07: "sv_vote_issue_loadbackup_allowed" = "1"
L 02/25/2017 - 02:32:07: "mp_fraglimit" = "0"
L 02/25/2017 - 02:32:07: "mp_forcerespawn" = "1"
L 02/25/2017 - 02:32:07: "mp_winlimit" = "0"
L 02/25/2017 - 02:32:07: "sv_accelerate" = "5.5"
L 02/25/2017 - 02:32:07: "mp_buy_anywhere" = "0"
L 02/25/2017 - 02:32:07: "sv_gravity" = "800"
L 02/25/2017 - 02:32:07: "sv_password" = ""
L 02/25/2017 - 02:32:07: "cash_team_elimination_hostage_map_ct" = "2300"
L 02/25/2017 - 02:32:07: "cash_team_win_by_hostage_rescue" = "3000"
L 02/25/2017 - 02:32:07: "r_JeepViewZHeight" = "10.0"
L 02/25/2017 - 02:32:07: "cash_team_loser_bonus_consecutive_rounds" = "0"
L 02/25/2017 - 02:32:07: "cash_player_damage_hostage" = "-30"
L 02/25/2017 - 02:32:07: "cash_team_hostage_alive" = "0"
L 02/25/2017 - 02:32:07: "tv_password" = ""
L 02/25/2017 - 02:32:07: "sv_specspeed" = "3"
L 02/25/2017 - 02:32:07: server cvars end
ConVarRef r_staticlight_streams doesn't point to an existing ConVar
L 02/25/2017 - 02:32:07: Started map "de_mirage" (CRC "-1611770114")
GameTypes: missing mapgroupsSP entry for game type/mode (custom/custom).
GameTypes: missing mapgroupsSP entry for game type/mode (cooperative/cooperative).
GameTypes: missing mapgroupsSP entry for game type/mode (cooperative/coopmission).
ConVarRef room_type doesn't point to an existing ConVar
bot_autodifficulty_threshold_high - 5.0
bot_autodifficulty_threshold_low - -2.0
bot_chatter - normal
bot_defer_to_human_goals - 0
bot_defer_to_human_items - 1
bot_difficulty - 1
bot_quota - 10
bot_quota_mode - normal
bot_allow_grenades - 1
bot_allow_pistols - 1
bot_allow_sub_machine_guns - 1
bot_allow_shotguns - 1
bot_allow_rifles - 1
bot_allow_snipers - 1
bot_allow_machine_guns - 1
sv_auto_adjust_bot_difficulty - 1
sv_bots_get_easier_each_win - 0
sv_bots_force_rebuy_every_round - 0
sv_bots_get_harder_after_each_wave - 0
mp_playercashawards - 1
L 02/25/2017 - 02:32:07: server_cvar: "cash_player_bomb_defused" "300"
cash_player_bomb_defused - 300
L 02/25/2017 - 02:32:07: server_cvar: "cash_player_bomb_planted" "300"
cash_player_bomb_planted - 300
cash_player_damage_hostage - -30
L 02/25/2017 - 02:32:07: server_cvar: "cash_player_interact_with_hostage" "150"
cash_player_interact_with_hostage - 150
L 02/25/2017 - 02:32:07: server_cvar: "cash_player_killed_enemy_default" "300"
cash_player_killed_enemy_default - 300
L 02/25/2017 - 02:32:07: server_cvar: "cash_player_killed_enemy_factor" "1"
cash_player_killed_enemy_factor - 1
cash_player_killed_hostage - -1000
cash_player_killed_teammate - -300
cash_player_rescued_hostage - 1000
cash_player_respawn_amount - 0
cash_player_get_killed - 0
mp_teamcashawards - 1
L 02/25/2017 - 02:32:07: server_cvar: "cash_team_elimination_bomb_map" "3250"
cash_team_elimination_bomb_map - 3250
L 02/25/2017 - 02:32:07: server_cvar: "cash_team_elimination_hostage_map_t" "1000"
cash_team_elimination_hostage_map_t - 1000
L 02/25/2017 - 02:32:07: server_cvar: "cash_team_elimination_hostage_map_ct" "2000"
cash_team_elimination_hostage_map_ct - 2000
cash_team_hostage_alive - 0
cash_team_hostage_interaction - 500
L 02/25/2017 - 02:32:07: server_cvar: "cash_team_loser_bonus" "1400"
cash_team_loser_bonus - 1400
L 02/25/2017 - 02:32:07: server_cvar: "cash_team_loser_bonus_consecutive_rounds" "500"
cash_team_loser_bonus_consecutive_rounds - 500
L 02/25/2017 - 02:32:07: server_cvar: "cash_team_planted_bomb_but_defused" "800"
cash_team_planted_bomb_but_defused - 800
cash_team_rescued_hostage - 0
L 02/25/2017 - 02:32:07: server_cvar: "cash_team_terrorist_win_bomb" "3500"
cash_team_terrorist_win_bomb - 3500
L 02/25/2017 - 02:32:07: server_cvar: "cash_team_win_by_defusing_bomb" "3250"
cash_team_win_by_defusing_bomb - 3250
L 02/25/2017 - 02:32:07: server_cvar: "cash_team_win_by_hostage_rescue" "3500"
cash_team_win_by_hostage_rescue - 3500
L 02/25/2017 - 02:32:07: server_cvar: "cash_team_win_by_time_running_out_bomb" "3250"
cash_team_win_by_time_running_out_bomb - 3250
L 02/25/2017 - 02:32:07: server_cvar: "cash_team_win_by_time_running_out_hostage" "3250"
cash_team_win_by_time_running_out_hostage - 3250
cash_team_survive_guardian_wave - 1000
mp_afterroundmoney - 0
mp_buytime - 90
mp_buy_anywhere - 0
mp_buy_during_immunity - 0
mp_startmoney - 800
mp_maxmoney - 16000
sv_buy_status_override - -1
mp_death_drop_defuser - 1
mp_death_drop_grenade - 2
mp_death_drop_gun - 1
mp_deathcam_skippable - 1
mp_defuser_allocation - 0
mp_give_player_c4 - 1
mp_free_armor - 0
mp_molotovusedelay - 15.0
mp_weapons_allow_zeus - 1
mp_weapons_allow_map_placed - 0
mp_weapons_glow_on_ground - 0
mp_ct_default_melee - weapon_knife
mp_ct_default_secondary - weapon_hkp2000
mp_ct_default_primary - 
mp_ct_default_grenades - 
mp_t_default_melee - weapon_knife
mp_t_default_secondary - weapon_glock
mp_t_default_primary - 
mp_t_default_grenades - 
mp_buy_allow_grenades - 1
mp_weapons_allow_typecount - 5
L 02/25/2017 - 02:32:07: server_cvar: "mp_freezetime" "6"
mp_freezetime - 6
mp_force_pick_time - 15
mp_halftime - 0
mp_match_can_clinch - 1
L 02/25/2017 - 02:32:07: server_cvar: "mp_maxrounds" "0"
mp_maxrounds - 0
L 02/25/2017 - 02:32:07: server_cvar: "mp_roundtime" "5"
mp_roundtime - 5
L 02/25/2017 - 02:32:07: server_cvar: "mp_roundtime_defuse" "0"
mp_roundtime_defuse - 0
L 02/25/2017 - 02:32:07: server_cvar: "mp_roundtime_hostage" "0"
mp_roundtime_hostage - 0
L 02/25/2017 - 02:32:07: server_cvar: "mp_timelimit" "5"
mp_timelimit - 5
mp_warmuptime - 30
mp_warmuptime_all_players_connected - 60
mp_warmup_pausetimer - 0
mp_halftime_pausetimer - 0
mp_default_team_winner_no_objective - -1
mp_hostagepenalty - 10
mp_solid_teammates - 1
sv_allow_votes - 1
sv_alltalk - 0
sv_auto_full_alltalk_during_warmup_half_end - 1
sv_deadtalk - 0
sv_ignoregrenaderadio - 0
mp_teammates_are_enemies - 0
mp_damage_scale_ct_body - 1.0
mp_damage_scale_ct_head - 1.0
mp_damage_scale_t_body - 1.0
mp_damage_scale_t_head - 1.0
L 02/25/2017 - 02:32:07: server_cvar: "mp_friendlyfire" "0"
mp_friendlyfire - 0
ff_damage_reduction_bullets - 0.1
ff_damage_reduction_grenade - 0.25
ff_damage_reduction_grenade_self - 1
ff_damage_reduction_other - 0.25
mp_limitteams - 2
spec_freeze_panel_extended_time - 0.0
spec_freeze_time - 3.0
mp_forcecamera - 1
mp_respawn_immunitytime - 4.0
mp_respawn_on_death_t - 0
mp_respawn_on_death_ct - 0
mp_display_kill_assists - 1
mp_use_respawn_waves - 0
mp_respawnwavetime_ct - 10.0
mp_respawnwavetime_t - 10.0
mp_randomspawn - 0
mp_randomspawn_los - 1
mp_randomspawn_dist - 0
mp_radar_showall - 0
mp_force_assign_teams - 0
sv_gravity - 800
sv_accelerate - 5.5
sv_stopspeed - 80
sv_airaccelerate - 12
sv_wateraccelerate - 10
sv_waterfriction - 1
sv_friction - 5.2
sv_bounce - 0
sv_maxvelocity - 3500
sv_maxspeed - 320
sv_bot_buy_grenade_chance - 33
sv_bot_buy_smoke_weight - 1
sv_bot_buy_flash_weight - 1
sv_bot_buy_decoy_weight - 1
sv_bot_buy_molotov_weight - 1
sv_bot_buy_hegrenade_weight - 6
sv_guardian_min_wave_for_heavy - 0
sv_guardian_max_wave_for_heavy - 0
sv_guardian_heavy_count - 0
sv_guardian_heavy_all - 0
mp_ggprogressive_round_restart_delay - 15.0
mp_ggtr_bomb_defuse_bonus - 1.0
mp_ggtr_bomb_detonation_bonus - 1.0
mp_ggtr_bomb_pts_for_flash - 4
mp_ggtr_bomb_pts_for_he - 3
mp_ggtr_bomb_pts_for_molotov - 5
mp_ggtr_bomb_pts_for_upgrade - 2.0
mp_ggtr_bomb_respawn_delay - 0.0
mp_ggtr_end_round_kill_bonus - 1
mp_ggtr_halftime_delay - 0.0
mp_ggtr_last_weapon_kill_ends_half - 0
sv_arms_race_vote_to_restart_disallowed_after - 0
mp_coop_force_join_ct - 0
bot_allow_rogues - 1
mp_guardian_special_kills_needed - 10
mp_guardian_special_weapon_needed - awp
mp_guardian_player_dist_min - 1300
mp_guardian_player_dist_max - 2000
mp_guardian_target_site - -1
mp_hostages_spawn_force_positions - 
mp_hostages_spawn_same_every_round - 1
mp_guardian_bot_money_per_wave - 800
sv_disable_show_team_select_menu - 0
mp_hostages_max - 2
spec_replay_enable - 0
mp_round_restart_delay - 7.0
mp_coopmission_bot_difficulty_offset - 0
sv_duplicate_playernames_ok - 0
mp_anyone_can_pickup_c4 - 0
mp_c4_cannot_be_defused - 0
mp_c4timer - 40
mp_coopmission_mission_number - 0
weapon_reticle_knife_show - 0
mp_death_drop_c4 - 1
Executing dedicated server config file
L 02/25/2017 - 02:32:07: server_cvar: "nextlevel" ""
Server logging enabled.
L 02/25/2017 - 02:32:07: Log file closed
Server logging data to file logs/L192_168_000_036_27015_201702250232_001.log
L 02/25/2017 - 02:32:07: Log file started (file "logs/L192_168_000_036_27015_201702250232_001.log") (game "/home/csadmin/serverfiles/csgo") (version "6661")
Writing cfg/banned_user.cfg.
Writing cfg/banned_ip.cfg.
L 02/25/2017 - 02:32:07: server_cvar: "cash_player_bomb_defused" "200"
L 02/25/2017 - 02:32:07: server_cvar: "cash_player_bomb_planted" "200"
L 02/25/2017 - 02:32:07: server_cvar: "cash_player_interact_with_hostage" "300"
L 02/25/2017 - 02:32:07: server_cvar: "cash_player_killed_enemy_default" "200"
L 02/25/2017 - 02:32:07: server_cvar: "cash_player_killed_enemy_factor" "0.5"
L 02/25/2017 - 02:32:07: server_cvar: "cash_team_elimination_bomb_map" "2700"
L 02/25/2017 - 02:32:07: server_cvar: "cash_team_elimination_hostage_map_t" "2000"
L 02/25/2017 - 02:32:07: server_cvar: "cash_team_elimination_hostage_map_ct" "2300"
L 02/25/2017 - 02:32:07: server_cvar: "cash_team_loser_bonus" "2400"
L 02/25/2017 - 02:32:07: server_cvar: "cash_team_loser_bonus_consecutive_rounds" "0"
L 02/25/2017 - 02:32:07: server_cvar: "cash_team_planted_bomb_but_defused" "200"
L 02/25/2017 - 02:32:07: server_cvar: "cash_team_terrorist_win_bomb" "2700"
L 02/25/2017 - 02:32:07: server_cvar: "cash_team_win_by_defusing_bomb" "2700"
L 02/25/2017 - 02:32:07: server_cvar: "cash_team_win_by_hostage_rescue" "3000"
L 02/25/2017 - 02:32:07: server_cvar: "cash_team_win_by_time_running_out_hostage" "2000"
L 02/25/2017 - 02:32:07: server_cvar: "cash_team_win_by_time_running_out_bomb" "2700"
L 02/25/2017 - 02:32:07: server_cvar: "mp_freezetime" "5"
L 02/25/2017 - 02:32:07: server_cvar: "mp_friendlyfire" "1"
L 02/25/2017 - 02:32:07: server_cvar: "mp_maxrounds" "15"
L 02/25/2017 - 02:32:07: server_cvar: "mp_roundtime" "3"
L 02/25/2017 - 02:32:07: server_cvar: "mp_roundtime_hostage" "2"
L 02/25/2017 - 02:32:07: server_cvar: "mp_roundtime_defuse" "2.25"
L 02/25/2017 - 02:32:07: server_cvar: "mp_timelimit" "0"
exec: couldn't exec gamemode_casual_server.cfg
Commentary: Could not find commentary data file 'maps/de_mirage_commentary.txt'. 
L 02/25/2017 - 02:32:08: "NiV<22><STEAM_1:0:53093912><>" connected, address ""
Client "NiV" connected (24.114.55.80:41753).
L 02/25/2017 - 02:32:08: World triggered "Round_Start"
L 02/25/2017 - 02:32:09: "NiV<22><STEAM_1:0:53093912><>" STEAM USERID validated
PutClientInServer: no info_player_start on level
L 02/25/2017 - 02:32:13: "NiV<22><STEAM_1:0:53093912><>" entered the game
L 02/25/2017 - 02:32:16: "NiV<22><STEAM_1:0:53093912><Unassigned>" triggered "clantag" (value "")
L 02/25/2017 - 02:32:18: "NiV<22><STEAM_1:0:53093912>" switched from team <Unassigned> to <CT>
L 02/25/2017 - 02:32:18: World triggered "Game_Commencing"
L 02/25/2017 - 02:32:18: "Adam<23><BOT><>" connected, address ""
L 02/25/2017 - 02:32:18: "Adam<23><BOT>" switched from team <Unassigned> to <TERRORIST>
L 02/25/2017 - 02:32:18: "Adam<23><BOT><>" entered the game
L 02/25/2017 - 02:32:18: "Greg<24><BOT><>" connected, address ""
L 02/25/2017 - 02:32:18: "Greg<24><BOT>" switched from team <Unassigned> to <CT>
L 02/25/2017 - 02:32:18: "Greg<24><BOT><>" entered the game
L 02/25/2017 - 02:32:18: "Henry<25><BOT><>" connected, address ""
L 02/25/2017 - 02:32:18: "Henry<25><BOT>" switched from team <Unassigned> to <TERRORIST>
L 02/25/2017 - 02:32:18: "Henry<25><BOT><>" entered the game
L 02/25/2017 - 02:32:18: "Will<26><BOT><>" connected, address ""
L 02/25/2017 - 02:32:18: "Will<26><BOT>" switched from team <Unassigned> to <CT>
L 02/25/2017 - 02:32:18: "Will<26><BOT><>" entered the game
L 02/25/2017 - 02:32:18: "Chris<27><BOT><>" connected, address ""
L 02/25/2017 - 02:32:18: "Chris<27><BOT>" switched from team <Unassigned> to <TERRORIST>
L 02/25/2017 - 02:32:18: "Chris<27><BOT><>" entered the game
L 02/25/2017 - 02:32:18: "Jerry<28><BOT><>" connected, address ""
L 02/25/2017 - 02:32:18: "Jerry<28><BOT>" switched from team <Unassigned> to <TERRORIST>
L 02/25/2017 - 02:32:18: "Jerry<28><BOT><>" entered the game
L 02/25/2017 - 02:32:18: "Scott<29><BOT><>" connected, address ""
L 02/25/2017 - 02:32:18: "Scott<29><BOT>" switched from team <Unassigned> to <CT>
L 02/25/2017 - 02:32:18: "Scott<29><BOT><>" entered the game
L 02/25/2017 - 02:32:18: "Norm<30><BOT><>" connected, address ""
L 02/25/2017 - 02:32:18: "Norm<30><BOT>" switched from team <Unassigned> to <CT>
L 02/25/2017 - 02:32:18: "Norm<30><BOT><>" entered the game
L 02/25/2017 - 02:32:18: "Brandon<31><BOT><>" connected, address ""
L 02/25/2017 - 02:32:18: "Brandon<31><BOT>" switched from team <Unassigned> to <TERRORIST>
L 02/25/2017 - 02:32:18: "Brandon<31><BOT><>" entered the game
L 02/25/2017 - 02:32:18: "Adam<23><BOT><TERRORIST>" purchased "m4a1"
L 02/25/2017 - 02:32:18: "Adam<23><BOT><TERRORIST>" purchased "flashbang"
L 02/25/2017 - 02:32:18: "Greg<24><BOT><CT>" purchased "xm1014"
L 02/25/2017 - 02:32:18: "Henry<25><BOT><TERRORIST>" purchased "g3sg1"
L 02/25/2017 - 02:32:18: "Will<26><BOT><CT>" purchased "ump45"
L 02/25/2017 - 02:32:18: "Will<26><BOT><CT>" purchased "hegrenade"
L 02/25/2017 - 02:32:18: "Chris<27><BOT><TERRORIST>" purchased "galilar"
L 02/25/2017 - 02:32:18: "Jerry<28><BOT><TERRORIST>" purchased "ump45"
L 02/25/2017 - 02:32:18: "Jerry<28><BOT><TERRORIST>" purchased "hegrenade"
L 02/25/2017 - 02:32:18: "Scott<29><BOT><CT>" purchased "ump45"
L 02/25/2017 - 02:32:18: "Norm<30><BOT><CT>" purchased "p90"
L 02/25/2017 - 02:32:18: "Brandon<31><BOT><TERRORIST>" purchased "p90"
L 02/25/2017 - 02:32:18: World triggered "Match_Start" on "de_mirage"
L 02/25/2017 - 02:32:18: "Greg<24><BOT><CT>" purchased "mag7"
L 02/25/2017 - 02:32:18: "Will<26><BOT><CT>" purchased "nova"
L 02/25/2017 - 02:32:18: "Norm<30><BOT><CT>" purchased "mag7"
L 02/25/2017 - 02:32:18: "Adam<23><BOT><TERRORIST>" purchased "m4a1"
L 02/25/2017 - 02:32:18: "Adam<23><BOT><TERRORIST>" purchased "p250"
L 02/25/2017 - 02:32:18: "Henry<25><BOT><TERRORIST>" purchased "p90"
L 02/25/2017 - 02:32:18: "Henry<25><BOT><TERRORIST>" purchased "hegrenade"
L 02/25/2017 - 02:32:18: "Chris<27><BOT><TERRORIST>" purchased "ssg08"
L 02/25/2017 - 02:32:18: "Chris<27><BOT><TERRORIST>" purchased "deagle"
L 02/25/2017 - 02:32:18: "Scott<29><BOT><CT>" purchased "scar20"
L 02/25/2017 - 02:32:18: "Scott<29><BOT><CT>" purchased "hegrenade"
L 02/25/2017 - 02:32:18: "Brandon<31><BOT><TERRORIST>" purchased "g3sg1"
L 02/25/2017 - 02:32:18: "Jerry<28><BOT><TERRORIST>" purchased "ump45"
L 02/25/2017 - 02:32:19: "NiV<22><STEAM_1:0:53093912><CT>" triggered "clantag" (value "")
L 02/25/2017 - 02:32:20: World triggered "Round_Start"
L 02/25/2017 - 02:32:25: "NiV<22><STEAM_1:0:53093912><CT>" disconnected (reason "Disconnect")
L 02/25/2017 - 02:32:25: "NiV<22><STEAM_1:0:53093912>" switched from team <CT> to <Unassigned>
Dropped NiV from server: Disconnect
L 02/25/2017 - 02:32:25: "Adam<23><BOT><TERRORIST>" disconnected (reason "Kicked by Console")
L 02/25/2017 - 02:32:25: "Adam<23><BOT>" switched from team <TERRORIST> to <Unassigned>
L 02/25/2017 - 02:32:25: "Henry<25><BOT><TERRORIST>" disconnected (reason "Kicked by Console")
L 02/25/2017 - 02:32:25: "Henry<25><BOT>" switched from team <TERRORIST> to <Unassigned>
L 02/25/2017 - 02:32:25: "Greg<24><BOT><CT>" disconnected (reason "Kicked by Console")
L 02/25/2017 - 02:32:25: "Greg<24><BOT>" switched from team <CT> to <Unassigned>
L 02/25/2017 - 02:32:25: "Chris<27><BOT><TERRORIST>" disconnected (reason "Kicked by Console")
L 02/25/2017 - 02:32:25: "Chris<27><BOT>" switched from team <TERRORIST> to <Unassigned>
L 02/25/2017 - 02:32:25: "Will<26><BOT><CT>" disconnected (reason "Kicked by Console")
L 02/25/2017 - 02:32:25: "Will<26><BOT>" switched from team <CT> to <Unassigned>
L 02/25/2017 - 02:32:25: "Scott<29><BOT><CT>" disconnected (reason "Kicked by Console")
L 02/25/2017 - 02:32:25: "Scott<29><BOT>" switched from team <CT> to <Unassigned>
L 02/25/2017 - 02:32:25: "Jerry<28><BOT><TERRORIST>" disconnected (reason "Kicked by Console")
L 02/25/2017 - 02:32:25: "Jerry<28><BOT>" switched from team <TERRORIST> to <Unassigned>
L 02/25/2017 - 02:32:25: "Norm<30><BOT><CT>" disconnected (reason "Kicked by Console")
L 02/25/2017 - 02:32:25: "Norm<30><BOT>" switched from team <CT> to <Unassigned>
L 02/25/2017 - 02:32:25: "Brandon<31><BOT><TERRORIST>" disconnected (reason "Kicked by Console")
L 02/25/2017 - 02:32:25: "Brandon<31><BOT>" switched from team <TERRORIST> to <Unassigned>
Game will not start until both teams have players.
-> Reservation cookie 0:  reason reserved(yes), clients(no), reservationexpires(0.00)
Server is hibernating
quit
L 02/25/2017 - 02:33:22: server_message: "quit"
L 02/25/2017 - 02:33:22: Log file closed
L 02/25/2017 - 02:33:22: server_message: "restart"
Shutdown function NET_Shutdown() not in list!!!
File /home/csadmin/serverfiles/csgo/pak01_048.vpk was never closed
File /home/csadmin/serverfiles/csgo/pak01_048.vpk was never closed
File /home/csadmin/serverfiles/csgo/pak01_000.vpk was never closed
File /home/csadmin/serverfiles/csgo/pak01_000.vpk was never closed
File /home/csadmin/serverfiles/csgo/pak01_004.vpk was never closed
File /home/csadmin/serverfiles/csgo/pak01_004.vpk was never closed
File /home/csadmin/serverfiles/csgo/pak01_001.vpk was never closed
File /home/csadmin/serverfiles/csgo/pak01_001.vpk was never closed
File /home/csadmin/serverfiles/csgo/pak01_024.vpk was never closed
File /home/csadmin/serverfiles/csgo/pak01_024.vpk was never closed
File /home/csadmin/serverfiles/csgo/pak01_029.vpk was never closed
File /home/csadmin/serverfiles/csgo/pak01_029.vpk was never closed
File /home/csadmin/serverfiles/csgo/pak01_054.vpk was never closed
File /home/csadmin/serverfiles/csgo/pak01_054.vpk was never closed
File /home/csadmin/serverfiles/csgo/pak01_073.vpk was never closed
File /home/csadmin/serverfiles/csgo/pak01_073.vpk was never closed
File /home/csadmin/serverfiles/csgo/pak01_003.vpk was never closed
File /home/csadmin/serverfiles/csgo/pak01_003.vpk was never closed
File /home/csadmin/serverfiles/csgo/pak01_025.vpk was never closed
File /home/csadmin/serverfiles/csgo/pak01_025.vpk was never closed
File /home/csadmin/serverfiles/csgo/pak01_002.vpk was never closed
File /home/csadmin/serverfiles/csgo/pak01_002.vpk was never closed
File /home/csadmin/serverfiles/csgo/pak01_055.vpk was never closed
File /home/csadmin/serverfiles/csgo/pak01_055.vpk was never closed
File /home/csadmin/serverfiles/csgo/pak01_045.vpk was never closed
File /home/csadmin/serverfiles/csgo/pak01_045.vpk was never closed
File /home/csadmin/serverfiles/csgo/pak01_042.vpk was never closed
File /home/csadmin/serverfiles/csgo/pak01_042.vpk was never closed
File /home/csadmin/serverfiles/csgo/pak01_032.vpk was never closed
File /home/csadmin/serverfiles/csgo/pak01_032.vpk was never closed
File /home/csadmin/serverfiles/csgo/pak01_041.vpk was never closed
File /home/csadmin/serverfiles/csgo/pak01_041.vpk was never closed
File /home/csadmin/serverfiles/csgo/pak01_022.vpk was never closed
File /home/csadmin/serverfiles/csgo/pak01_022.vpk was never closed
File /home/csadmin/serverfiles/csgo/pak01_036.vpk was never closed
File /home/csadmin/serverfiles/csgo/pak01_036.vpk was never closed
File /home/csadmin/serverfiles/csgo/pak01_050.vpk was never closed
File /home/csadmin/serverfiles/csgo/pak01_050.vpk was never closed
File /home/csadmin/serverfiles/csgo/pak01_051.vpk was never closed
File /home/csadmin/serverfiles/csgo/pak01_051.vpk was never closed
File /home/csadmin/serverfiles/csgo/pak01_043.vpk was never closed
File /home/csadmin/serverfiles/csgo/pak01_043.vpk was never closed
File /home/csadmin/serverfiles/csgo/pak01_040.vpk was never closed
File /home/csadmin/serverfiles/csgo/pak01_040.vpk was never closed
File /home/csadmin/serverfiles/csgo/pak01_033.vpk was never closed
File /home/csadmin/serverfiles/csgo/pak01_033.vpk was never closed
File /home/csadmin/serverfiles/csgo/pak01_053.vpk was never closed
File /home/csadmin/serverfiles/csgo/pak01_053.vpk was never closed
File /home/csadmin/serverfiles/csgo/pak01_064.vpk was never closed
File /home/csadmin/serverfiles/csgo/pak01_064.vpk was never closed
File /home/csadmin/serverfiles/csgo/pak01_061.vpk was never closed
File /home/csadmin/serverfiles/csgo/pak01_061.vpk was never closed
File /home/csadmin/serverfiles/csgo/pak01_005.vpk was never closed
File /home/csadmin/serverfiles/csgo/pak01_005.vpk was never closed
File /home/csadmin/serverfiles/csgo/pak01_077.vpk was never closed
File /home/csadmin/serverfiles/csgo/pak01_077.vpk was never closed
File /home/csadmin/serverfiles/csgo/pak01_006.vpk was never closed
File /home/csadmin/serverfiles/csgo/pak01_006.vpk was never closed
File /home/csadmin/serverfiles/csgo/pak01_035.vpk was never closed
File /home/csadmin/serverfiles/csgo/pak01_035.vpk was never closed
File /home/csadmin/serverfiles/csgo/pak01_047.vpk was never closed
File /home/csadmin/serverfiles/csgo/pak01_047.vpk was never closed
File /home/csadmin/serverfiles/csgo/pak01_076.vpk was never closed
File /home/csadmin/serverfiles/csgo/pak01_076.vpk was never closed
File /home/csadmin/serverfiles/csgo/pak01_068.vpk was never closed
File /home/csadmin/serverfiles/csgo/pak01_068.vpk was never closed
File /home/csadmin/serverfiles/csgo/pak01_056.vpk was never closed
File /home/csadmin/serverfiles/csgo/pak01_056.vpk was never closed
Sat Feb 25 02:33:22 EST 2017: Server Quit
