#
#Console initialized.
Setting breakpad minidump AppID = 740
#Using breakpad minidump system 740/13568.447.DC
Using breakpad crash handler
Forcing breakpad minidump interfaces to load
Looking up breakpad interfaces from steamclient
Calling BreakpadMiniDumpSystemInit
#Loading VPK file hashes for pure server operation.
#Loading VPK file hashes for pure server operation.
#Loading VPK file hashes for pure server operation.
#Game.dll loaded for "Counter-Strike: Global Offensive"
#CGameEventManager::AddListener: event 'server_pre_shutdown' unknown.
#CGameEventManager::AddListener: event 'game_newmap' unknown.
#CGameEventManager::AddListener: event 'finale_start' unknown.
#CGameEventManager::AddListener: event 'round_start' unknown.
#CGameEventManager::AddListener: event 'round_end' unknown.
#CGameEventManager::AddListener: event 'difficulty_changed' unknown.
#CGameEventManager::AddListener: event 'player_connect' unknown.
#CGameEventManager::AddListener: event 'player_disconnect' unknown.
#GameTypes: missing mapgroupsSP entry for game type/mode (custom/custom).
#GameTypes: missing mapgroupsSP entry for game type/mode (cooperative/cooperative).
#GameTypes: missing mapgroupsSP entry for game type/mode (cooperative/coopmission).
Failed to load gamerulescvars.txt, game rules cvars might not be reported to management tools.
Server is hibernating
[S_API FAIL] SteamAPI_Init() failed; SteamAPI_IsSteamRunning() failed.
[S_API FAIL] SteamAPI_Init() failed; unable to locate a running instance of Steam, or a local steamclient.so.
Particles: Missing 'particles/money_fx.pcf'
No web api auth key specified - workshop downloads will be disabled.
maxplayers set to 64
ConVarRef cl_embedded_stream_video_playing doesn't point to an existing ConVar
Setting mapgroup to 'mg_active'
Usage: host_workshop_collection <fileid>
Usage: workshop_start_map <fileid>
---- Host_NewGame ----
ConVarRef r_staticlight_streams doesn't point to an existing ConVar
Host_NewGame on map de_mirage
GameTypes: missing mapgroupsSP entry for game type/mode (custom/custom).
GameTypes: missing mapgroupsSP entry for game type/mode (cooperative/cooperative).
GameTypes: missing mapgroupsSP entry for game type/mode (cooperative/coopmission).
ConVarRef room_type doesn't point to an existing ConVar
bot_autodifficulty_threshold_high - 5.0
bot_autodifficulty_threshold_low - -2.0
bot_chatter - normal
bot_defer_to_human_goals - 0
bot_defer_to_human_items - 1
bot_difficulty - 1
bot_quota - 10
bot_quota_mode - normal
bot_allow_grenades - 1
bot_allow_pistols - 1
bot_allow_sub_machine_guns - 1
bot_allow_shotguns - 1
bot_allow_rifles - 1
bot_allow_snipers - 1
bot_allow_machine_guns - 1
sv_auto_adjust_bot_difficulty - 1
sv_bots_get_easier_each_win - 0
sv_bots_force_rebuy_every_round - 0
sv_bots_get_harder_after_each_wave - 0
mp_playercashawards - 1
cash_player_bomb_defused - 300
cash_player_bomb_planted - 300
cash_player_damage_hostage - -30
cash_player_interact_with_hostage - 150
cash_player_killed_enemy_default - 300
cash_player_killed_enemy_factor - 1
cash_player_killed_hostage - -1000
cash_player_killed_teammate - -300
cash_player_rescued_hostage - 1000
cash_player_respawn_amount - 0
cash_player_get_killed - 0
mp_teamcashawards - 1
cash_team_elimination_bomb_map - 3250
cash_team_elimination_hostage_map_t - 1000
cash_team_elimination_hostage_map_ct - 2000
cash_team_hostage_alive - 0
cash_team_hostage_interaction - 500
cash_team_loser_bonus - 1400
cash_team_loser_bonus_consecutive_rounds - 500
cash_team_planted_bomb_but_defused - 800
cash_team_rescued_hostage - 0
cash_team_terrorist_win_bomb - 3500
cash_team_win_by_defusing_bomb - 3250
cash_team_win_by_hostage_rescue - 3500
cash_team_win_by_time_running_out_bomb - 3250
cash_team_win_by_time_running_out_hostage - 3250
cash_team_survive_guardian_wave - 1000
mp_afterroundmoney - 0
mp_buytime - 90
mp_buy_anywhere - 0
mp_buy_during_immunity - 0
mp_startmoney - 800
mp_maxmoney - 16000
sv_buy_status_override - -1
mp_death_drop_defuser - 1
mp_death_drop_grenade - 2
mp_death_drop_gun - 1
mp_deathcam_skippable - 1
mp_defuser_allocation - 0
mp_give_player_c4 - 1
mp_free_armor - 0
mp_molotovusedelay - 15.0
mp_weapons_allow_zeus - 1
mp_weapons_allow_map_placed - 0
mp_weapons_glow_on_ground - 0
mp_ct_default_melee - weapon_knife
mp_ct_default_secondary - weapon_hkp2000
mp_ct_default_primary - 
mp_ct_default_grenades - 
mp_t_default_melee - weapon_knife
mp_t_default_secondary - weapon_glock
mp_t_default_primary - 
mp_t_default_grenades - 
mp_buy_allow_grenades - 1
mp_weapons_allow_typecount - 5
mp_freezetime - 6
mp_force_pick_time - 15
mp_halftime - 0
mp_match_can_clinch - 1
mp_maxrounds - 0
mp_roundtime - 5
mp_roundtime_defuse - 0
mp_roundtime_hostage - 0
mp_timelimit - 5
mp_warmuptime - 30
mp_warmuptime_all_players_connected - 60
mp_warmup_pausetimer - 0
mp_halftime_pausetimer - 0
mp_default_team_winner_no_objective - -1
mp_hostagepenalty - 10
mp_solid_teammates - 1
sv_allow_votes - 1
sv_alltalk - 0
sv_auto_full_alltalk_during_warmup_half_end - 1
sv_deadtalk - 0
sv_ignoregrenaderadio - 0
mp_teammates_are_enemies - 0
mp_damage_scale_ct_body - 1.0
mp_damage_scale_ct_head - 1.0
mp_damage_scale_t_body - 1.0
mp_damage_scale_t_head - 1.0
mp_friendlyfire - 0
ff_damage_reduction_bullets - 0.1
ff_damage_reduction_grenade - 0.25
ff_damage_reduction_grenade_self - 1
ff_damage_reduction_other - 0.25
mp_limitteams - 2
spec_freeze_panel_extended_time - 0.0
spec_freeze_time - 3.0
mp_forcecamera - 1
mp_respawn_immunitytime - 4.0
mp_respawn_on_death_t - 0
mp_respawn_on_death_ct - 0
mp_display_kill_assists - 1
mp_use_respawn_waves - 0
mp_respawnwavetime_ct - 10.0
mp_respawnwavetime_t - 10.0
mp_randomspawn - 0
mp_randomspawn_los - 1
mp_randomspawn_dist - 0
mp_radar_showall - 0
mp_force_assign_teams - 0
sv_gravity - 800
sv_accelerate - 5.5
sv_stopspeed - 80
sv_airaccelerate - 12
sv_wateraccelerate - 10
sv_waterfriction - 1
sv_friction - 5.2
sv_bounce - 0
sv_maxvelocity - 3500
sv_maxspeed - 320
sv_bot_buy_grenade_chance - 33
sv_bot_buy_smoke_weight - 1
sv_bot_buy_flash_weight - 1
sv_bot_buy_decoy_weight - 1
sv_bot_buy_molotov_weight - 1
sv_bot_buy_hegrenade_weight - 6
sv_guardian_min_wave_for_heavy - 0
sv_guardian_max_wave_for_heavy - 0
sv_guardian_heavy_count - 0
sv_guardian_heavy_all - 0
mp_ggprogressive_round_restart_delay - 15.0
mp_ggtr_bomb_defuse_bonus - 1.0
mp_ggtr_bomb_detonation_bonus - 1.0
mp_ggtr_bomb_pts_for_flash - 4
mp_ggtr_bomb_pts_for_he - 3
mp_ggtr_bomb_pts_for_molotov - 5
mp_ggtr_bomb_pts_for_upgrade - 2.0
mp_ggtr_bomb_respawn_delay - 0.0
mp_ggtr_end_round_kill_bonus - 1
mp_ggtr_halftime_delay - 0.0
mp_ggtr_last_weapon_kill_ends_half - 0
sv_arms_race_vote_to_restart_disallowed_after - 0
mp_coop_force_join_ct - 0
bot_allow_rogues - 1
mp_guardian_special_kills_needed - 10
mp_guardian_special_weapon_needed - awp
mp_guardian_player_dist_min - 1300
mp_guardian_player_dist_max - 2000
mp_guardian_target_site - -1
mp_hostages_spawn_force_positions - 
mp_hostages_spawn_same_every_round - 1
mp_guardian_bot_money_per_wave - 800
sv_disable_show_team_select_menu - 0
mp_hostages_max - 2
spec_replay_enable - 0
mp_round_restart_delay - 7.0
mp_coopmission_bot_difficulty_offset - 0
sv_duplicate_playernames_ok - 0
mp_anyone_can_pickup_c4 - 0
mp_c4_cannot_be_defused - 0
mp_c4timer - 40
mp_coopmission_mission_number - 0
weapon_reticle_knife_show - 0
mp_death_drop_c4 - 1
Executing dedicated server config file
Unknown command "sv_maxcmdrate"
Server logging enabled.
Server logging data to file logs/L192_168_000_036_27015_201702251205_000.log
L 02/25/2017 - 12:05:43: Log file started (file "logs/L192_168_000_036_27015_201702251205_000.log") (game "/home/csadmin/serverfiles/csgo") (version "6661")
Writing cfg/banned_user.cfg.
Writing cfg/banned_ip.cfg.
L 02/25/2017 - 12:05:43: server_cvar: "cash_player_bomb_defused" "200"
L 02/25/2017 - 12:05:43: server_cvar: "cash_player_bomb_planted" "200"
L 02/25/2017 - 12:05:43: server_cvar: "cash_player_interact_with_hostage" "300"
L 02/25/2017 - 12:05:43: server_cvar: "cash_player_killed_enemy_default" "200"
L 02/25/2017 - 12:05:43: server_cvar: "cash_player_killed_enemy_factor" "0.5"
L 02/25/2017 - 12:05:43: server_cvar: "cash_team_elimination_bomb_map" "2700"
L 02/25/2017 - 12:05:43: server_cvar: "cash_team_elimination_hostage_map_t" "2000"
L 02/25/2017 - 12:05:43: server_cvar: "cash_team_elimination_hostage_map_ct" "2300"
L 02/25/2017 - 12:05:43: server_cvar: "cash_team_loser_bonus" "2400"
L 02/25/2017 - 12:05:43: server_cvar: "cash_team_loser_bonus_consecutive_rounds" "0"
L 02/25/2017 - 12:05:43: server_cvar: "cash_team_planted_bomb_but_defused" "200"
L 02/25/2017 - 12:05:43: server_cvar: "cash_team_terrorist_win_bomb" "2700"
L 02/25/2017 - 12:05:43: server_cvar: "cash_team_win_by_defusing_bomb" "2700"
L 02/25/2017 - 12:05:43: server_cvar: "cash_team_win_by_hostage_rescue" "3000"
L 02/25/2017 - 12:05:43: server_cvar: "cash_team_win_by_time_running_out_hostage" "2000"
L 02/25/2017 - 12:05:43: server_cvar: "cash_team_win_by_time_running_out_bomb" "2700"
L 02/25/2017 - 12:05:43: server_cvar: "mp_freezetime" "5"
L 02/25/2017 - 12:05:43: server_cvar: "mp_friendlyfire" "1"
L 02/25/2017 - 12:05:43: server_cvar: "mp_maxrounds" "15"
L 02/25/2017 - 12:05:43: server_cvar: "mp_roundtime" "3"
L 02/25/2017 - 12:05:43: server_cvar: "mp_roundtime_hostage" "2"
L 02/25/2017 - 12:05:43: server_cvar: "mp_roundtime_defuse" "2.25"
L 02/25/2017 - 12:05:43: server_cvar: "mp_timelimit" "0"
Stopping 0 worker threads
Starting 1 worker threads
1 threads. 649,760 ticks
exec: couldn't exec gamemode_casual_server.cfg
PrecacheScriptSound 'Player.DamageHelmetOtherFar' failed, no such sound script entry
Commentary: Could not find commentary data file 'maps/de_mirage_commentary.txt'. 
Initializing Steam libraries for secure Internet server
[S_API FAIL] SteamAPI_Init() failed; SteamAPI_IsSteamRunning() failed.
Setting breakpad minidump AppID = 730
Looking up breakpad interfaces from steamclient
Calling BreakpadMiniDumpSystemInit
Setting breakpad minidump AppID = 740
Logging into Steam gameserver account with logon token 'C16CB8F8xxxxxxxxxxxxxxxxxxxxxxxx'
Connection to Steam servers successful.
   Public IP is 99.246.98.92.
Assigned persistent gameserver Steam ID [G:1:1020835].
VAC secure mode is activated.
GC Connection established for server version 447, instance idx 1
-> Reservation cookie b92818e8d0060b4c:  reason [R] Connect from 99.246.98.92:27005
L 02/25/2017 - 12:32:36: server_cvar: "nextlevel" "de_mirage"
---- Host_Changelevel ----
*** Map Load: de_mirage: Map Group mg_activeL 02/25/2017 - 12:32:36: Log file closed
Server logging data to file logs/L192_168_000_036_27015_201702251232_000.log
L 02/25/2017 - 12:32:36: Log file started (file "logs/L192_168_000_036_27015_201702251232_000.log") (game "/home/csadmin/serverfiles/csgo") (version "6661")
L 02/25/2017 - 12:32:36: Loading map "de_mirage"
L 02/25/2017 - 12:32:36: server cvars start
L 02/25/2017 - 12:32:36: "cash_player_killed_teammate" = "-300"
L 02/25/2017 - 12:32:36: "sv_maxspeed" = "320"
L 02/25/2017 - 12:32:36: "cash_player_respawn_amount" = "0"
L 02/25/2017 - 12:32:36: "cash_team_rescued_hostage" = "0"
L 02/25/2017 - 12:32:36: "cash_team_win_by_defusing_bomb" = "2700"
L 02/25/2017 - 12:32:36: "sv_rollangle" = "0"
L 02/25/2017 - 12:32:36: "r_AirboatViewZHeight" = "0.0"
L 02/25/2017 - 12:32:36: "sv_cheats" = "0"
L 02/25/2017 - 12:32:36: "r_VehicleViewDampen" = "1"
L 02/25/2017 - 12:32:36: "mp_allowNPCs" = "1"
L 02/25/2017 - 12:32:36: "mp_tournament" = "0"
L 02/25/2017 - 12:32:36: "sv_spec_hear" = "1"
L 02/25/2017 - 12:32:36: "cash_player_interact_with_hostage" = "300"
L 02/25/2017 - 12:32:36: "mp_flashlight" = "0"
L 02/25/2017 - 12:32:36: "mp_maxrounds" = "15"
L 02/25/2017 - 12:32:36: "sv_tags" = ""
L 02/25/2017 - 12:32:36: "sv_stepsize" = "18"
L 02/25/2017 - 12:32:36: "mp_teamlist" = "hgrunt;scientist"
L 02/25/2017 - 12:32:36: "sv_alltalk" = "0"
L 02/25/2017 - 12:32:36: "mp_footsteps" = "1"
L 02/25/2017 - 12:32:36: "sv_noclipaccelerate" = "5"
L 02/25/2017 - 12:32:36: "sv_accelerate_debug_speed" = "0"
L 02/25/2017 - 12:32:36: "sv_wateraccelerate" = "10"
L 02/25/2017 - 12:32:36: "mp_autocrosshair" = "1"
L 02/25/2017 - 12:32:36: "mp_stalemate_enable" = "0"
L 02/25/2017 - 12:32:36: "cash_team_elimination_bomb_map" = "2700"
L 02/25/2017 - 12:32:36: "cash_player_get_killed" = "0"
L 02/25/2017 - 12:32:36: "mp_roundtime_defuse" = "2.25"
L 02/25/2017 - 12:32:36: "sv_autobuyammo" = "0"
L 02/25/2017 - 12:32:36: "sv_rollspeed" = "200"
L 02/25/2017 - 12:32:36: "sv_airaccelerate" = "12"
L 02/25/2017 - 12:32:36: "mp_teams_unbalance_limit" = "1"
L 02/25/2017 - 12:32:36: "mp_timelimit" = "0"
L 02/25/2017 - 12:32:36: "cash_team_loser_bonus" = "2400"
L 02/25/2017 - 12:32:36: "sv_deadtalk" = "0"
L 02/25/2017 - 12:32:36: "cash_player_rescued_hostage" = "1000"
L 02/25/2017 - 12:32:36: "sv_waterfriction" = "1"
L 02/25/2017 - 12:32:36: "sv_competitive_official_5v5" = "0"
L 02/25/2017 - 12:32:36: "sv_steamgroup" = ""
L 02/25/2017 - 12:32:36: "cash_player_killed_enemy_default" = "200"
L 02/25/2017 - 12:32:36: "coop" = "0"
L 02/25/2017 - 12:32:36: "mp_respawnwavetime" = "10.0"
L 02/25/2017 - 12:32:36: "tv_enable1" = "0"
L 02/25/2017 - 12:32:36: "nextlevel" = "de_mirage"
L 02/25/2017 - 12:32:36: "sv_stopspeed" = "80"
L 02/25/2017 - 12:32:36: "sv_specaccelerate" = "5"
L 02/25/2017 - 12:32:36: "deathmatch" = "1"
L 02/25/2017 - 12:32:36: "tv_enable" = "0"
L 02/25/2017 - 12:32:36: "mp_falldamage" = "0"
L 02/25/2017 - 12:32:36: "mp_teammates_are_enemies" = "0"
L 02/25/2017 - 12:32:36: "mp_roundtime_hostage" = "2"
L 02/25/2017 - 12:32:36: "mp_freezetime" = "5"
L 02/25/2017 - 12:32:36: "sv_accelerate_use_weapon_speed" = "1"
L 02/25/2017 - 12:32:36: "sv_voiceenable" = "1"
L 02/25/2017 - 12:32:36: "sv_bounce" = "0"
L 02/25/2017 - 12:32:36: "mp_disable_respawn_times" = "0"
L 02/25/2017 - 12:32:36: "r_AirboatViewDampenFreq" = "7.0"
L 02/25/2017 - 12:32:36: "mp_weaponstay" = "0"
L 02/25/2017 - 12:32:36: "mp_hostagepenalty" = "10"
L 02/25/2017 - 12:32:36: "tv_advertise_watchable" = "0"
L 02/25/2017 - 12:32:36: "mp_friendlyfire" = "1"
L 02/25/2017 - 12:32:36: "sv_noclipspeed" = "5"
L 02/25/2017 - 12:32:36: "cash_team_hostage_interaction" = "500"
L 02/25/2017 - 12:32:36: "sv_allchat" = "1"
L 02/25/2017 - 12:32:36: "cash_team_win_by_time_running_out_bomb" = "2700"
L 02/25/2017 - 12:32:36: "mp_buy_during_immunity" = "0"
L 02/25/2017 - 12:32:36: "cash_player_killed_enemy_factor" = "0.5"
L 02/25/2017 - 12:32:36: "r_JeepViewDampenDamp" = "1.0"
L 02/25/2017 - 12:32:36: "mp_c4timer" = "40"
L 02/25/2017 - 12:32:36: "r_AirboatViewDampenDamp" = "1.0"
L 02/25/2017 - 12:32:36: "sv_competitive_minspec" = "1"
L 02/25/2017 - 12:32:36: "sv_max_allowed_net_graph" = "1"
L 02/25/2017 - 12:32:36: "mp_stalemate_at_timelimit" = "0"
L 02/25/2017 - 12:32:36: "sv_footsteps" = "1"
L 02/25/2017 - 12:32:36: "mp_limitteams" = "2"
L 02/25/2017 - 12:32:36: "sv_vote_issue_kick_allowed" = "1"
L 02/25/2017 - 12:32:36: "cash_team_survive_guardian_wave" = "1000"
L 02/25/2017 - 12:32:36: "tv_relaypassword" = ""
L 02/25/2017 - 12:32:36: "mp_teamplay" = "0"
L 02/25/2017 - 12:32:36: "cash_team_terrorist_win_bomb" = "2700"
L 02/25/2017 - 12:32:36: "cash_team_elimination_hostage_map_t" = "2000"
L 02/25/2017 - 12:32:36: "r_JeepViewDampenFreq" = "7.0"
L 02/25/2017 - 12:32:36: "sv_specnoclip" = "1"
L 02/25/2017 - 12:32:36: "sv_friction" = "5.2"
L 02/25/2017 - 12:32:36: "cash_team_win_by_time_running_out_hostage" = "2000"
L 02/25/2017 - 12:32:36: "cash_player_bomb_planted" = "200"
L 02/25/2017 - 12:32:36: "mp_autoteambalance" = "1"
L 02/25/2017 - 12:32:36: "sv_contact" = ""
L 02/25/2017 - 12:32:36: "sv_vote_kick_ban_duration" = "15"
L 02/25/2017 - 12:32:36: "cash_player_bomb_defused" = "200"
L 02/25/2017 - 12:32:36: "mp_roundtime" = "3"
L 02/25/2017 - 12:32:36: "sv_kick_ban_duration" = "15"
L 02/25/2017 - 12:32:36: "cash_team_planted_bomb_but_defused" = "200"
L 02/25/2017 - 12:32:36: "cash_player_killed_hostage" = "-1000"
L 02/25/2017 - 12:32:36: "sv_vote_issue_loadbackup_allowed" = "1"
L 02/25/2017 - 12:32:36: "mp_fraglimit" = "0"
L 02/25/2017 - 12:32:36: "mp_forcerespawn" = "1"
L 02/25/2017 - 12:32:36: "mp_winlimit" = "0"
L 02/25/2017 - 12:32:36: "sv_accelerate" = "5.5"
L 02/25/2017 - 12:32:36: "mp_buy_anywhere" = "0"
L 02/25/2017 - 12:32:36: "sv_gravity" = "800"
L 02/25/2017 - 12:32:36: "sv_password" = ""
L 02/25/2017 - 12:32:36: "cash_team_elimination_hostage_map_ct" = "2300"
L 02/25/2017 - 12:32:36: "cash_team_win_by_hostage_rescue" = "3000"
L 02/25/2017 - 12:32:36: "r_JeepViewZHeight" = "10.0"
L 02/25/2017 - 12:32:36: "cash_team_loser_bonus_consecutive_rounds" = "0"
L 02/25/2017 - 12:32:36: "cash_player_damage_hostage" = "-30"
L 02/25/2017 - 12:32:36: "cash_team_hostage_alive" = "0"
L 02/25/2017 - 12:32:36: "tv_password" = ""
L 02/25/2017 - 12:32:36: "sv_specspeed" = "3"
L 02/25/2017 - 12:32:36: server cvars end
ConVarRef r_staticlight_streams doesn't point to an existing ConVar
L 02/25/2017 - 12:32:36: Started map "de_mirage" (CRC "-1611770114")
GameTypes: missing mapgroupsSP entry for game type/mode (custom/custom).
GameTypes: missing mapgroupsSP entry for game type/mode (cooperative/cooperative).
GameTypes: missing mapgroupsSP entry for game type/mode (cooperative/coopmission).
ConVarRef room_type doesn't point to an existing ConVar
bot_autodifficulty_threshold_high - 5.0
bot_autodifficulty_threshold_low - -2.0
bot_chatter - normal
bot_defer_to_human_goals - 0
bot_defer_to_human_items - 1
bot_difficulty - 1
bot_quota - 10
bot_quota_mode - normal
bot_allow_grenades - 1
bot_allow_pistols - 1
bot_allow_sub_machine_guns - 1
bot_allow_shotguns - 1
bot_allow_rifles - 1
bot_allow_snipers - 1
bot_allow_machine_guns - 1
sv_auto_adjust_bot_difficulty - 1
sv_bots_get_easier_each_win - 0
sv_bots_force_rebuy_every_round - 0
sv_bots_get_harder_after_each_wave - 0
mp_playercashawards - 1
L 02/25/2017 - 12:32:36: server_cvar: "cash_player_bomb_defused" "300"
cash_player_bomb_defused - 300
L 02/25/2017 - 12:32:36: server_cvar: "cash_player_bomb_planted" "300"
cash_player_bomb_planted - 300
cash_player_damage_hostage - -30
L 02/25/2017 - 12:32:36: server_cvar: "cash_player_interact_with_hostage" "150"
cash_player_interact_with_hostage - 150
L 02/25/2017 - 12:32:36: server_cvar: "cash_player_killed_enemy_default" "300"
cash_player_killed_enemy_default - 300
L 02/25/2017 - 12:32:36: server_cvar: "cash_player_killed_enemy_factor" "1"
cash_player_killed_enemy_factor - 1
cash_player_killed_hostage - -1000
cash_player_killed_teammate - -300
cash_player_rescued_hostage - 1000
cash_player_respawn_amount - 0
cash_player_get_killed - 0
mp_teamcashawards - 1
L 02/25/2017 - 12:32:36: server_cvar: "cash_team_elimination_bomb_map" "3250"
cash_team_elimination_bomb_map - 3250
L 02/25/2017 - 12:32:36: server_cvar: "cash_team_elimination_hostage_map_t" "1000"
cash_team_elimination_hostage_map_t - 1000
L 02/25/2017 - 12:32:36: server_cvar: "cash_team_elimination_hostage_map_ct" "2000"
cash_team_elimination_hostage_map_ct - 2000
cash_team_hostage_alive - 0
cash_team_hostage_interaction - 500
L 02/25/2017 - 12:32:36: server_cvar: "cash_team_loser_bonus" "1400"
cash_team_loser_bonus - 1400
L 02/25/2017 - 12:32:36: server_cvar: "cash_team_loser_bonus_consecutive_rounds" "500"
cash_team_loser_bonus_consecutive_rounds - 500
L 02/25/2017 - 12:32:36: server_cvar: "cash_team_planted_bomb_but_defused" "800"
cash_team_planted_bomb_but_defused - 800
cash_team_rescued_hostage - 0
L 02/25/2017 - 12:32:36: server_cvar: "cash_team_terrorist_win_bomb" "3500"
cash_team_terrorist_win_bomb - 3500
L 02/25/2017 - 12:32:36: server_cvar: "cash_team_win_by_defusing_bomb" "3250"
cash_team_win_by_defusing_bomb - 3250
L 02/25/2017 - 12:32:36: server_cvar: "cash_team_win_by_hostage_rescue" "3500"
cash_team_win_by_hostage_rescue - 3500
L 02/25/2017 - 12:32:36: server_cvar: "cash_team_win_by_time_running_out_bomb" "3250"
cash_team_win_by_time_running_out_bomb - 3250
L 02/25/2017 - 12:32:36: server_cvar: "cash_team_win_by_time_running_out_hostage" "3250"
cash_team_win_by_time_running_out_hostage - 3250
cash_team_survive_guardian_wave - 1000
mp_afterroundmoney - 0
mp_buytime - 90
mp_buy_anywhere - 0
mp_buy_during_immunity - 0
mp_startmoney - 800
mp_maxmoney - 16000
sv_buy_status_override - -1
mp_death_drop_defuser - 1
mp_death_drop_grenade - 2
mp_death_drop_gun - 1
mp_deathcam_skippable - 1
mp_defuser_allocation - 0
mp_give_player_c4 - 1
mp_free_armor - 0
mp_molotovusedelay - 15.0
mp_weapons_allow_zeus - 1
mp_weapons_allow_map_placed - 0
mp_weapons_glow_on_ground - 0
mp_ct_default_melee - weapon_knife
mp_ct_default_secondary - weapon_hkp2000
mp_ct_default_primary - 
mp_ct_default_grenades - 
mp_t_default_melee - weapon_knife
mp_t_default_secondary - weapon_glock
mp_t_default_primary - 
mp_t_default_grenades - 
mp_buy_allow_grenades - 1
mp_weapons_allow_typecount - 5
L 02/25/2017 - 12:32:36: server_cvar: "mp_freezetime" "6"
mp_freezetime - 6
mp_force_pick_time - 15
mp_halftime - 0
mp_match_can_clinch - 1
L 02/25/2017 - 12:32:36: server_cvar: "mp_maxrounds" "0"
mp_maxrounds - 0
L 02/25/2017 - 12:32:36: server_cvar: "mp_roundtime" "5"
mp_roundtime - 5
L 02/25/2017 - 12:32:36: server_cvar: "mp_roundtime_defuse" "0"
mp_roundtime_defuse - 0
L 02/25/2017 - 12:32:36: server_cvar: "mp_roundtime_hostage" "0"
mp_roundtime_hostage - 0
L 02/25/2017 - 12:32:36: server_cvar: "mp_timelimit" "5"
mp_timelimit - 5
mp_warmuptime - 30
mp_warmuptime_all_players_connected - 60
mp_warmup_pausetimer - 0
mp_halftime_pausetimer - 0
mp_default_team_winner_no_objective - -1
mp_hostagepenalty - 10
mp_solid_teammates - 1
sv_allow_votes - 1
sv_alltalk - 0
sv_auto_full_alltalk_during_warmup_half_end - 1
sv_deadtalk - 0
sv_ignoregrenaderadio - 0
mp_teammates_are_enemies - 0
mp_damage_scale_ct_body - 1.0
mp_damage_scale_ct_head - 1.0
mp_damage_scale_t_body - 1.0
mp_damage_scale_t_head - 1.0
L 02/25/2017 - 12:32:36: server_cvar: "mp_friendlyfire" "0"
mp_friendlyfire - 0
ff_damage_reduction_bullets - 0.1
ff_damage_reduction_grenade - 0.25
ff_damage_reduction_grenade_self - 1
ff_damage_reduction_other - 0.25
mp_limitteams - 2
spec_freeze_panel_extended_time - 0.0
spec_freeze_time - 3.0
mp_forcecamera - 1
mp_respawn_immunitytime - 4.0
mp_respawn_on_death_t - 0
mp_respawn_on_death_ct - 0
mp_display_kill_assists - 1
mp_use_respawn_waves - 0
mp_respawnwavetime_ct - 10.0
mp_respawnwavetime_t - 10.0
mp_randomspawn - 0
mp_randomspawn_los - 1
mp_randomspawn_dist - 0
mp_radar_showall - 0
mp_force_assign_teams - 0
sv_gravity - 800
sv_accelerate - 5.5
sv_stopspeed - 80
sv_airaccelerate - 12
sv_wateraccelerate - 10
sv_waterfriction - 1
sv_friction - 5.2
sv_bounce - 0
sv_maxvelocity - 3500
sv_maxspeed - 320
sv_bot_buy_grenade_chance - 33
sv_bot_buy_smoke_weight - 1
sv_bot_buy_flash_weight - 1
sv_bot_buy_decoy_weight - 1
sv_bot_buy_molotov_weight - 1
sv_bot_buy_hegrenade_weight - 6
sv_guardian_min_wave_for_heavy - 0
sv_guardian_max_wave_for_heavy - 0
sv_guardian_heavy_count - 0
sv_guardian_heavy_all - 0
mp_ggprogressive_round_restart_delay - 15.0
mp_ggtr_bomb_defuse_bonus - 1.0
mp_ggtr_bomb_detonation_bonus - 1.0
mp_ggtr_bomb_pts_for_flash - 4
mp_ggtr_bomb_pts_for_he - 3
mp_ggtr_bomb_pts_for_molotov - 5
mp_ggtr_bomb_pts_for_upgrade - 2.0
mp_ggtr_bomb_respawn_delay - 0.0
mp_ggtr_end_round_kill_bonus - 1
mp_ggtr_halftime_delay - 0.0
mp_ggtr_last_weapon_kill_ends_half - 0
sv_arms_race_vote_to_restart_disallowed_after - 0
mp_coop_force_join_ct - 0
bot_allow_rogues - 1
mp_guardian_special_kills_needed - 10
mp_guardian_special_weapon_needed - awp
mp_guardian_player_dist_min - 1300
mp_guardian_player_dist_max - 2000
mp_guardian_target_site - -1
mp_hostages_spawn_force_positions - 
mp_hostages_spawn_same_every_round - 1
mp_guardian_bot_money_per_wave - 800
sv_disable_show_team_select_menu - 0
mp_hostages_max - 2
spec_replay_enable - 0
mp_round_restart_delay - 7.0
mp_coopmission_bot_difficulty_offset - 0
sv_duplicate_playernames_ok - 0
mp_anyone_can_pickup_c4 - 0
mp_c4_cannot_be_defused - 0
mp_c4timer - 40
mp_coopmission_mission_number - 0
weapon_reticle_knife_show - 0
mp_death_drop_c4 - 1
Executing dedicated server config file
L 02/25/2017 - 12:32:36: server_cvar: "nextlevel" ""
Unknown command "sv_maxcmdrate"
Server logging enabled.
L 02/25/2017 - 12:32:36: Log file closed
Server logging data to file logs/L192_168_000_036_27015_201702251232_001.log
L 02/25/2017 - 12:32:36: Log file started (file "logs/L192_168_000_036_27015_201702251232_001.log") (game "/home/csadmin/serverfiles/csgo") (version "6661")
Server waking up from hibernation
Writing cfg/banned_user.cfg.
Writing cfg/banned_ip.cfg.
L 02/25/2017 - 12:32:36: server_cvar: "cash_player_bomb_defused" "200"
L 02/25/2017 - 12:32:36: server_cvar: "cash_player_bomb_planted" "200"
L 02/25/2017 - 12:32:36: server_cvar: "cash_player_interact_with_hostage" "300"
L 02/25/2017 - 12:32:36: server_cvar: "cash_player_killed_enemy_default" "200"
L 02/25/2017 - 12:32:36: server_cvar: "cash_player_killed_enemy_factor" "0.5"
L 02/25/2017 - 12:32:36: server_cvar: "cash_team_elimination_bomb_map" "2700"
L 02/25/2017 - 12:32:36: server_cvar: "cash_team_elimination_hostage_map_t" "2000"
L 02/25/2017 - 12:32:36: server_cvar: "cash_team_elimination_hostage_map_ct" "2300"
L 02/25/2017 - 12:32:36: server_cvar: "cash_team_loser_bonus" "2400"
L 02/25/2017 - 12:32:36: server_cvar: "cash_team_loser_bonus_consecutive_rounds" "0"
L 02/25/2017 - 12:32:36: server_cvar: "cash_team_planted_bomb_but_defused" "200"
L 02/25/2017 - 12:32:36: server_cvar: "cash_team_terrorist_win_bomb" "2700"
L 02/25/2017 - 12:32:36: server_cvar: "cash_team_win_by_defusing_bomb" "2700"
L 02/25/2017 - 12:32:36: server_cvar: "cash_team_win_by_hostage_rescue" "3000"
L 02/25/2017 - 12:32:36: server_cvar: "cash_team_win_by_time_running_out_hostage" "2000"
L 02/25/2017 - 12:32:36: server_cvar: "cash_team_win_by_time_running_out_bomb" "2700"
L 02/25/2017 - 12:32:36: server_cvar: "mp_freezetime" "5"
L 02/25/2017 - 12:32:36: server_cvar: "mp_friendlyfire" "1"
L 02/25/2017 - 12:32:36: server_cvar: "mp_maxrounds" "15"
L 02/25/2017 - 12:32:36: server_cvar: "mp_roundtime" "3"
L 02/25/2017 - 12:32:36: server_cvar: "mp_roundtime_hostage" "2"
L 02/25/2017 - 12:32:36: server_cvar: "mp_roundtime_defuse" "2.25"
L 02/25/2017 - 12:32:36: server_cvar: "mp_timelimit" "0"
exec: couldn't exec gamemode_casual_server.cfg
Commentary: Could not find commentary data file 'maps/de_mirage_commentary.txt'. 
L 02/25/2017 - 12:32:37: "NiV<2><STEAM_1:0:53093912><>" connected, address ""
Client "NiV" connected (99.246.98.92:27005).
L 02/25/2017 - 12:32:37: World triggered "Round_Start"
L 02/25/2017 - 12:32:37: "NiV<2><STEAM_1:0:53093912><>" STEAM USERID validated
PutClientInServer: no info_player_start on level
L 02/25/2017 - 12:32:41: "NiV<2><STEAM_1:0:53093912><>" entered the game
L 02/25/2017 - 12:32:43: "NiV<2><STEAM_1:0:53093912><Unassigned>" triggered "clantag" (value "")
L 02/25/2017 - 12:32:57: "NiV<2><STEAM_1:0:53093912>" switched from team <Unassigned> to <CT>
L 02/25/2017 - 12:32:57: World triggered "Game_Commencing"
L 02/25/2017 - 12:32:57: "Mike<3><BOT><>" connected, address ""
L 02/25/2017 - 12:32:57: "Mike<3><BOT>" switched from team <Unassigned> to <TERRORIST>
L 02/25/2017 - 12:32:57: "Mike<3><BOT><>" entered the game
L 02/25/2017 - 12:32:57: "Ron<4><BOT><>" connected, address ""
L 02/25/2017 - 12:32:57: "Ron<4><BOT>" switched from team <Unassigned> to <CT>
L 02/25/2017 - 12:32:57: "Ron<4><BOT><>" entered the game
L 02/25/2017 - 12:32:57: "Jerry<5><BOT><>" connected, address ""
L 02/25/2017 - 12:32:57: "Jerry<5><BOT>" switched from team <Unassigned> to <TERRORIST>
L 02/25/2017 - 12:32:57: "Jerry<5><BOT><>" entered the game
L 02/25/2017 - 12:32:57: "Pat<6><BOT><>" connected, address ""
L 02/25/2017 - 12:32:57: "Pat<6><BOT>" switched from team <Unassigned> to <CT>
L 02/25/2017 - 12:32:57: "Pat<6><BOT><>" entered the game
L 02/25/2017 - 12:32:57: "Mark<7><BOT><>" connected, address ""
L 02/25/2017 - 12:32:57: "Mark<7><BOT>" switched from team <Unassigned> to <TERRORIST>
L 02/25/2017 - 12:32:57: "Mark<7><BOT><>" entered the game
L 02/25/2017 - 12:32:57: "Scott<8><BOT><>" connected, address ""
L 02/25/2017 - 12:32:57: "Scott<8><BOT>" switched from team <Unassigned> to <CT>
L 02/25/2017 - 12:32:57: "Scott<8><BOT><>" entered the game
L 02/25/2017 - 12:32:57: "Greg<9><BOT><>" connected, address ""
L 02/25/2017 - 12:32:57: "Greg<9><BOT>" switched from team <Unassigned> to <TERRORIST>
L 02/25/2017 - 12:32:57: "Greg<9><BOT><>" entered the game
L 02/25/2017 - 12:32:57: "NiV<2><STEAM_1:0:53093912><CT>" triggered "clantag" (value "")
L 02/25/2017 - 12:32:57: "Jon<10><BOT><>" connected, address ""
L 02/25/2017 - 12:32:57: "Jon<10><BOT>" switched from team <Unassigned> to <TERRORIST>
L 02/25/2017 - 12:32:57: "Jon<10><BOT><>" entered the game
L 02/25/2017 - 12:32:57: "Will<11><BOT><>" connected, address ""
L 02/25/2017 - 12:32:57: "Will<11><BOT>" switched from team <Unassigned> to <CT>
L 02/25/2017 - 12:32:57: "Will<11><BOT><>" entered the game
L 02/25/2017 - 12:32:57: "Mike<3><BOT><TERRORIST>" purchased "ak47"
L 02/25/2017 - 12:32:57: "Ron<4><BOT><CT>" purchased "negev"
L 02/25/2017 - 12:32:57: "Jerry<5><BOT><TERRORIST>" purchased "ssg08"
L 02/25/2017 - 12:32:57: "Pat<6><BOT><CT>" purchased "bizon"
L 02/25/2017 - 12:32:57: "Mark<7><BOT><TERRORIST>" purchased "nova"
L 02/25/2017 - 12:32:57: "Scott<8><BOT><CT>" purchased "aug"
L 02/25/2017 - 12:32:57: "Greg<9><BOT><TERRORIST>" purchased "mac10"
L 02/25/2017 - 12:32:57: "Jon<10><BOT><TERRORIST>" purchased "p90"
L 02/25/2017 - 12:32:57: "Will<11><BOT><CT>" purchased "p90"
L 02/25/2017 - 12:32:57: World triggered "Match_Start" on "de_mirage"
L 02/25/2017 - 12:32:57: "Ron<4><BOT><CT>" purchased "famas"
L 02/25/2017 - 12:32:57: "Pat<6><BOT><CT>" purchased "m4a1"
L 02/25/2017 - 12:32:57: "Scott<8><BOT><CT>" purchased "famas"
L 02/25/2017 - 12:32:57: "Scott<8><BOT><CT>" purchased "p250"
L 02/25/2017 - 12:32:57: "Scott<8><BOT><CT>" purchased "hegrenade"
L 02/25/2017 - 12:32:57: "Jon<10><BOT><TERRORIST>" purchased "xm1014"
L 02/25/2017 - 12:32:57: "Mike<3><BOT><TERRORIST>" purchased "ak47"
L 02/25/2017 - 12:32:57: "Jerry<5><BOT><TERRORIST>" purchased "mac10"
L 02/25/2017 - 12:32:57: "Mark<7><BOT><TERRORIST>" purchased "ak47"
L 02/25/2017 - 12:32:57: "Greg<9><BOT><TERRORIST>" purchased "p90"
L 02/25/2017 - 12:32:57: "Will<11><BOT><CT>" purchased "xm1014"
L 02/25/2017 - 12:32:58: "Will<11><BOT><CT>" purchased "deagle"
L 02/25/2017 - 12:32:59: World triggered "Round_Start"
L 02/25/2017 - 12:33:11: "Scott<8><BOT><CT>" threw hegrenade [257 -1553 -170]
L 02/25/2017 - 12:33:11: "Scott<8><BOT><CT>" [-272 -1769 -168] killed "Jon<10><BOT><TERRORIST>" [249 -1535 -112] with "famas"
L 02/25/2017 - 12:33:12: "Pat<6><BOT><CT>" [-244 -1605 -168] killed "Jerry<5><BOT><TERRORIST>" [219 -1584 -112] with "m4a1"
L 02/25/2017 - 12:33:13: "Ron<4><BOT><CT>" [-252 -1698 -168] killed "Mike<3><BOT><TERRORIST>" [294 -1552 -112] with "famas"
L 02/25/2017 - 12:33:13: "Scott<8><BOT><CT>" assisted killing "Mike<3><BOT><TERRORIST>"
L 02/25/2017 - 12:33:13: "Ron<4><BOT><CT>" [-238 -1730 -168] killed "Greg<9><BOT><TERRORIST>" [279 -1585 -112] with "famas" (headshot penetrated)
L 02/25/2017 - 12:33:13: "Scott<8><BOT><CT>" assisted killing "Greg<9><BOT><TERRORIST>"
L 02/25/2017 - 12:33:14: "Mark<7><BOT><TERRORIST>" [406 -1552 -215] killed "Pat<6><BOT><CT>" [-73 -1652 -104] with "ak47"
L 02/25/2017 - 12:33:14: "Jerry<5><BOT><TERRORIST>" assisted killing "Pat<6><BOT><CT>"
L 02/25/2017 - 12:33:15: "Scott<8><BOT><CT>" [-24 -1556 -168] killed "Mark<7><BOT><TERRORIST>" [543 -1575 -200] with "famas"
L 02/25/2017 - 12:33:16: "Jon<10><BOT><TERRORIST>" purchased "sg556"
L 02/25/2017 - 12:33:16: "Jerry<5><BOT><TERRORIST>" purchased "ssg08"
L 02/25/2017 - 12:33:17: "Mike<3><BOT><TERRORIST>" purchased "xm1014"
L 02/25/2017 - 12:33:17: "Greg<9><BOT><TERRORIST>" purchased "p90"
L 02/25/2017 - 12:33:18: "Pat<6><BOT><CT>" purchased "scar20"
L 02/25/2017 - 12:33:18: "Pat<6><BOT><CT>" purchased "deagle"
L 02/25/2017 - 12:33:18: "Pat<6><BOT><CT>" purchased "hegrenade"
L 02/25/2017 - 12:33:20: "Mark<7><BOT><TERRORIST>" purchased "ump45"
L 02/25/2017 - 12:33:20: "Mark<7><BOT><TERRORIST>" purchased "p250"
L 02/25/2017 - 12:33:20: "Mark<7><BOT><TERRORIST>" purchased "flashbang"
L 02/25/2017 - 12:33:26: "Scott<8><BOT><CT>" [722 -1369 -260] killed "Mike<3><BOT><TERRORIST>" [704 -1055 -185] with "famas"
L 02/25/2017 - 12:33:30: "Mike<3><BOT><TERRORIST>" purchased "ak47"
L 02/25/2017 - 12:33:32: "NiV<2><STEAM_1:0:53093912><CT>" [1085 -1140 -264] killed "Jerry<5><BOT><TERRORIST>" [1225 -629 -146] with "m4a1"
L 02/25/2017 - 12:33:37: "Jerry<5><BOT><TERRORIST>" purchased "xm1014"
L 02/25/2017 - 12:33:38: "Mike<3><BOT><TERRORIST>" [1219 -276 -165] killed "NiV<2><STEAM_1:0:53093912><CT>" [1098 -1059 -200] with "ak47" (headshot)
L 02/25/2017 - 12:33:39: "NiV<2><STEAM_1:0:53093912><CT>" purchased "ak47"
L 02/25/2017 - 12:33:40: "Ron<4><BOT><CT>" [-205 -2038 -168] killed "Greg<9><BOT><TERRORIST>" [-168 -1998 -104] with "famas" (headshot)
L 02/25/2017 - 12:33:45: "Greg<9><BOT><TERRORIST>" purchased "awp"
L 02/25/2017 - 12:33:45: "Greg<9><BOT><TERRORIST>" purchased "hegrenade"
L 02/25/2017 - 12:33:46: "NiV<2><STEAM_1:0:53093912><CT>" [-698 -2214 -180] killed "Jon<10><BOT><TERRORIST>" [-344 -1945 -109] with "m4a1" (headshot)
L 02/25/2017 - 12:33:52: "Will<11><BOT><CT>" [1109 -1006 -257] killed "Jon<10><BOT><TERRORIST>" [1296 -160 -104] with "deagle"
L 02/25/2017 - 12:33:57: "Scott<8><BOT><CT>" [-608 -1491 -168] killed "Jerry<5><BOT><TERRORIST>" [-639 -920 -160] with "famas"
L 02/25/2017 - 12:33:59: "Will<11><BOT><CT>" [1187 -390 -168] killed "Jon<10><BOT><TERRORIST>" [1296 -352 -104] with "deagle"
L 02/25/2017 - 12:34:03: "NiV<2><STEAM_1:0:53093912><CT>" [1213 -798 -248] killed "Jerry<5><BOT><TERRORIST>" [1136 -160 -104] with "ak47" (headshot)
L 02/25/2017 - 12:34:05: "NiV<2><STEAM_1:0:53093912><CT>" [1141 -717 -234] killed "Jon<10><BOT><TERRORIST>" [1136 -256 -104] with "ak47"
L 02/25/2017 - 12:34:06: "Mark<7><BOT><TERRORIST>" threw flashbang [1420 -348 -165]
L 02/25/2017 - 12:34:09: "Jerry<5><BOT><TERRORIST>" [1424 -56 -168] killed "Will<11><BOT><CT>" [1270 5 -104] with "glock"
L 02/25/2017 - 12:34:11: World triggered "Match_Start" on "de_mirage"
L 02/25/2017 - 12:34:11: "Jerry<5><BOT><TERRORIST>" triggered "Got_The_Bomb"
L 02/25/2017 - 12:34:16: World triggered "Round_Start"
L 02/25/2017 - 12:34:22: "NiV<2><STEAM_1:0:53093912><CT>" purchased "fiveseven"
L 02/25/2017 - 12:34:41: "NiV<2><STEAM_1:0:53093912><CT>" [-684 -1054 -205] killed "Mark<7><BOT><TERRORIST>" [-812 -84 -106] with "fiveseven" (headshot)
L 02/25/2017 - 12:34:47: "Jerry<5><BOT><TERRORIST>" triggered "Planted_The_Bomb"
L 02/25/2017 - 12:34:49: "NiV<2><STEAM_1:0:53093912><CT>" [-579 -1188 -168] killed "Jon<10><BOT><TERRORIST>" [-741 -500 -80] with "fiveseven"
L 02/25/2017 - 12:34:53: "NiV<2><STEAM_1:0:53093912><CT>" [-688 -817 -264] killed "Greg<9><BOT><TERRORIST>" [-422 -645 -210] with "fiveseven" (headshot)
L 02/25/2017 - 12:35:03: "NiV<2><STEAM_1:0:53093912><CT>" [-976 -86 -168] killed "Mike<3><BOT><TERRORIST>" [-997 -201 16] with "fiveseven"
L 02/25/2017 - 12:35:06: "Scott<8><BOT><CT>" [-851 117 -172] killed "Jerry<5><BOT><TERRORIST>" [-909 90 -120] with "hkp2000"
L 02/25/2017 - 12:35:10: "Will<11><BOT><CT>" triggered "Begin_Bomb_Defuse_With_Kit"
L 02/25/2017 - 12:35:15: "Will<11><BOT><CT>" triggered "Defused_The_Bomb"
L 02/25/2017 - 12:35:15: Team "CT" triggered "SFUI_Notice_Bomb_Defused" (CT "1") (T "0")
L 02/25/2017 - 12:35:15: Team "CT" scored "1" with "5" players
L 02/25/2017 - 12:35:15: Team "TERRORIST" scored "0" with "5" players
L 02/25/2017 - 12:35:15: World triggered "Round_End"
L 02/25/2017 - 12:35:25: "Jerry<5><BOT><TERRORIST>" triggered "Got_The_Bomb"
L 02/25/2017 - 12:35:25: "Ron<4><BOT><CT>" purchased "famas"
L 02/25/2017 - 12:35:25: "Pat<6><BOT><CT>" purchased "p90"
L 02/25/2017 - 12:35:25: "Pat<6><BOT><CT>" purchased "p250"
L 02/25/2017 - 12:35:25: "Jon<10><BOT><TERRORIST>" purchased "ump45"
L 02/25/2017 - 12:35:25: "Jon<10><BOT><TERRORIST>" purchased "hegrenade"
L 02/25/2017 - 12:35:25: "Mike<3><BOT><TERRORIST>" purchased "ssg08"
L 02/25/2017 - 12:35:25: "Jerry<5><BOT><TERRORIST>" purchased "sg556"
L 02/25/2017 - 12:35:25: "Jerry<5><BOT><TERRORIST>" purchased "smokegrenade"
L 02/25/2017 - 12:35:25: "Mark<7><BOT><TERRORIST>" purchased "p90"
L 02/25/2017 - 12:35:25: "Greg<9><BOT><TERRORIST>" purchased "aug"
L 02/25/2017 - 12:35:25: "Will<11><BOT><CT>" purchased "famas"
L 02/25/2017 - 12:35:25: "Will<11><BOT><CT>" purchased "p250"
L 02/25/2017 - 12:35:25: "Scott<8><BOT><CT>" purchased "mag7"
L 02/25/2017 - 12:35:25: "Scott<8><BOT><CT>" purchased "flashbang"
L 02/25/2017 - 12:35:30: World triggered "Round_Start"
L 02/25/2017 - 12:35:56: "Jerry<5><BOT><TERRORIST>" threw smokegrenade [-2334 410 -166]
L 02/25/2017 - 12:35:58: "Mark<7><BOT><TERRORIST>" [-946 -2354 -168] killed "Pat<6><BOT><CT>" [-1060 -2241 -122] with "p90" (headshot)
L 02/25/2017 - 12:36:04: "Jerry<5><BOT><TERRORIST>" triggered "Planted_The_Bomb"
L 02/25/2017 - 12:36:05: "Mark<7><BOT><TERRORIST>" [-1441 -2338 -233] killed "NiV<2><STEAM_1:0:53093912><CT>" [-1902 -1816 -210] with "p90"
L 02/25/2017 - 12:36:06: "Jon<10><BOT><TERRORIST>" threw hegrenade [374 -2191 -38]
L 02/25/2017 - 12:36:27: "Will<11><BOT><CT>" triggered "Begin_Bomb_Defuse_With_Kit"
L 02/25/2017 - 12:36:28: "Will<11><BOT><CT>" triggered "Begin_Bomb_Defuse_With_Kit"
L 02/25/2017 - 12:36:28: "Jerry<5><BOT><TERRORIST>" [-2276 331 -167] killed "Will<11><BOT><CT>" [-2076 199 -96] with "sg556"
L 02/25/2017 - 12:36:28: "Scott<8><BOT><CT>" triggered "Begin_Bomb_Defuse_With_Kit"
L 02/25/2017 - 12:36:29: "Scott<8><BOT><CT>" triggered "Begin_Bomb_Defuse_With_Kit"
L 02/25/2017 - 12:36:29: "Jerry<5><BOT><TERRORIST>" [-2194 302 -160] killed "Scott<8><BOT><CT>" [-2106 196 -96] with "sg556"
L 02/25/2017 - 12:36:35: "Ron<4><BOT><CT>" triggered "Begin_Bomb_Defuse_With_Kit"
L 02/25/2017 - 12:36:37: "Ron<4><BOT><CT>" triggered "Begin_Bomb_Defuse_With_Kit"
L 02/25/2017 - 12:36:38: "Jerry<5><BOT><TERRORIST>" [-2585 530 -167] killed "Ron<4><BOT><CT>" [-2081 203 -96] with "sg556"
L 02/25/2017 - 12:36:38: Team "TERRORIST" triggered "SFUI_Notice_Terrorists_Win" (CT "1") (T "1")
L 02/25/2017 - 12:36:38: Team "CT" scored "1" with "5" players
L 02/25/2017 - 12:36:38: Team "TERRORIST" scored "1" with "5" players
L 02/25/2017 - 12:36:38: World triggered "Round_End"
L 02/25/2017 - 12:36:48: "Jon<10><BOT><TERRORIST>" triggered "Got_The_Bomb"
L 02/25/2017 - 12:36:48: "Ron<4><BOT><CT>" purchased "mp9"
L 02/25/2017 - 12:36:48: "Pat<6><BOT><CT>" purchased "aug"
L 02/25/2017 - 12:36:48: "Scott<8><BOT><CT>" purchased "ak47"
L 02/25/2017 - 12:36:48: "Scott<8><BOT><CT>" purchased "hegrenade"
L 02/25/2017 - 12:36:48: "Jon<10><BOT><TERRORIST>" purchased "m4a1"
L 02/25/2017 - 12:36:48: "Jerry<5><BOT><TERRORIST>" purchased "hegrenade"
L 02/25/2017 - 12:36:48: "Greg<9><BOT><TERRORIST>" purchased "m4a1"
L 02/25/2017 - 12:36:48: "Greg<9><BOT><TERRORIST>" purchased "hegrenade"
L 02/25/2017 - 12:36:48: "Will<11><BOT><CT>" purchased "p90"
L 02/25/2017 - 12:36:53: World triggered "Round_Start"
L 02/25/2017 - 12:37:06: "Greg<9><BOT><TERRORIST>" threw hegrenade [76 -2352 -27]
L 02/25/2017 - 12:37:11: "Jon<10><BOT><TERRORIST>" triggered "Dropped_The_Bomb"
L 02/25/2017 - 12:37:11: "Will<11><BOT><CT>" [-833 -1430 -168] killed "Jon<10><BOT><TERRORIST>" [-281 -1991 -105] with "p90"
L 02/25/2017 - 12:37:11: "Ron<4><BOT><CT>" assisted killing "Jon<10><BOT><TERRORIST>"
L 02/25/2017 - 12:37:14: "Mark<7><BOT><TERRORIST>" [1 -558 -191] killed "Pat<6><BOT><CT>" [-660 -716 -204] with "p90"
L 02/25/2017 - 12:37:16: "Jerry<5><BOT><TERRORIST>" threw hegrenade [-995 151 -366]
L 02/25/2017 - 12:37:21: "Greg<9><BOT><TERRORIST>" [-27 -2023 -38] killed "Ron<4><BOT><CT>" [-439 -2295 -105] with "ak47"
L 02/25/2017 - 12:37:22: "Jerry<5><BOT><TERRORIST>" [-985 -571 -285] killed "Will<11><BOT><CT>" [-458 -686 -209] with "sg556" (headshot)
L 02/25/2017 - 12:37:30: "Greg<9><BOT><TERRORIST>" triggered "Got_The_Bomb"
L 02/25/2017 - 12:37:31: "Greg<9><BOT><TERRORIST>" [-475 -1751 -176] killed "Scott<8><BOT><CT>" [-1175 -1290 -104] with "ak47"
L 02/25/2017 - 12:37:31: "Jerry<5><BOT><TERRORIST>" assisted killing "Scott<8><BOT><CT>"
L 02/25/2017 - 12:37:39: "Greg<9><BOT><TERRORIST>" triggered "Planted_The_Bomb"
L 02/25/2017 - 12:37:47: "Jerry<5><BOT><TERRORIST>" [-1537 -1212 -256] killed "NiV<2><STEAM_1:0:53093912><CT>" [-1632 -2072 -200] with "sg556"
L 02/25/2017 - 12:37:47: "Greg<9><BOT><TERRORIST>" assisted killing "NiV<2><STEAM_1:0:53093912><CT>"
L 02/25/2017 - 12:37:47: Team "TERRORIST" triggered "SFUI_Notice_Terrorists_Win" (CT "1") (T "2")
L 02/25/2017 - 12:37:47: Team "CT" scored "1" with "5" players
L 02/25/2017 - 12:37:47: Team "TERRORIST" scored "2" with "5" players
L 02/25/2017 - 12:37:47: World triggered "Round_End"
L 02/25/2017 - 12:37:58: "Mike<3><BOT><TERRORIST>" triggered "Got_The_Bomb"
L 02/25/2017 - 12:37:58: "Ron<4><BOT><CT>" purchased "aug"
L 02/25/2017 - 12:37:58: "Scott<8><BOT><CT>" purchased "m4a1"
L 02/25/2017 - 12:37:58: "Jon<10><BOT><TERRORIST>" purchased "xm1014"
L 02/25/2017 - 12:37:58: "Mike<3><BOT><TERRORIST>" purchased "awp"
L 02/25/2017 - 12:37:58: "Mike<3><BOT><TERRORIST>" purchased "deagle"
L 02/25/2017 - 12:37:58: "Mike<3><BOT><TERRORIST>" purchased "hegrenade"
L 02/25/2017 - 12:37:58: "Jerry<5><BOT><TERRORIST>" purchased "awp"
L 02/25/2017 - 12:37:58: "Jerry<5><BOT><TERRORIST>" purchased "smokegrenade"
L 02/25/2017 - 12:37:58: "Greg<9><BOT><TERRORIST>" purchased "p250"
L 02/25/2017 - 12:37:58: "Will<11><BOT><CT>" purchased "p90"
L 02/25/2017 - 12:37:58: "Will<11><BOT><CT>" purchased "smokegrenade"
L 02/25/2017 - 12:37:58: "Pat<6><BOT><CT>" purchased "xm1014"
L 02/25/2017 - 12:38:02: World triggered "Round_Start"
L 02/25/2017 - 12:38:09: "Osama Bin Bangin<12><STEAM_1:1:109076308><>" connected, address ""
Client "Osama Bin Bangin" connected (99.246.98.92:1024).
L 02/25/2017 - 12:38:09: "Osama Bin Bangin<12><STEAM_1:1:109076308><>" STEAM USERID validated
L 02/25/2017 - 12:38:15: "Mark<7><BOT><TERRORIST>" threw hegrenade [397 -2352 -29]
PutClientInServer: no info_player_start on level
L 02/25/2017 - 12:38:17: "Osama Bin Bangin<12><STEAM_1:1:109076308><>" entered the game
L 02/25/2017 - 12:38:19: "Will<11><BOT><CT>" threw smokegrenade [97 -2255 -38]
L 02/25/2017 - 12:38:20: "Osama Bin Bangin<12><STEAM_1:1:109076308><Unassigned>" triggered "clantag" (value "")
L 02/25/2017 - 12:38:25: "Osama Bin Bangin<12><STEAM_1:1:109076308>" switched from team <Unassigned> to <CT>
L 02/25/2017 - 12:38:25: "Osama Bin Bangin<12><STEAM_1:1:109076308><CT>" triggered "clantag" (value "")
L 02/25/2017 - 12:38:27: "Mark<7><BOT><TERRORIST>" [74 -2033 -36] killed "Ron<4><BOT><CT>" [-374 -1711 -104] with "ak47"
L 02/25/2017 - 12:38:29: "Greg<9><BOT><TERRORIST>" [-842 -1432 -168] killed "Pat<6><BOT><CT>" [-152 -2130 -85] with "ak47" (headshot)
L 02/25/2017 - 12:38:30: "Mark<7><BOT><TERRORIST>" [-183 -2044 -168] killed "Scott<8><BOT><CT>" [6 -1722 -58] with "ak47"
L 02/25/2017 - 12:38:34: "Osama Bin Bangin<12><STEAM_1:1:109076308>" switched from team <CT> to <TERRORIST>
L 02/25/2017 - 12:38:35: "Osama Bin Bangin<12><STEAM_1:1:109076308><TERRORIST>" triggered "clantag" (value "")
L 02/25/2017 - 12:38:38: "Mike<3><BOT><TERRORIST>" triggered "Planted_The_Bomb"
Player Osama Bin Bangin took control bot Mike (2)
L 02/25/2017 - 12:38:41: "Osama Bin Bangin<12><STEAM_1:1:109076308><TERRORIST>" [-536 -2196 -180] killed "Will<11><BOT><CT>" [-189 -1731 -104] with "awp"
L 02/25/2017 - 12:38:41: "Mike<3><BOT><TERRORIST>" assisted killing "Will<11><BOT><CT>"
L 02/25/2017 - 12:39:05: "Jerry<5><BOT><TERRORIST>" [-923 -2564 -168] killed "NiV<2><STEAM_1:0:53093912><CT>" [-1902 -1976 -210] with "awp" (penetrated)
L 02/25/2017 - 12:39:05: "Greg<9><BOT><TERRORIST>" assisted killing "NiV<2><STEAM_1:0:53093912><CT>"
L 02/25/2017 - 12:39:05: Team "TERRORIST" triggered "SFUI_Notice_Terrorists_Win" (CT "1") (T "3")
L 02/25/2017 - 12:39:05: Team "CT" scored "1" with "5" players
L 02/25/2017 - 12:39:05: Team "TERRORIST" scored "3" with "6" players
L 02/25/2017 - 12:39:05: World triggered "Round_End"
L 02/25/2017 - 12:39:05: "Mike<3><BOT><TERRORIST>" disconnected (reason "Kicked by Console")
L 02/25/2017 - 12:39:05: "Mike<3><BOT>" switched from team <TERRORIST> to <Unassigned>
L 02/25/2017 - 12:39:15: "Osama Bin Bangin<12><STEAM_1:1:109076308><TERRORIST>" triggered "Got_The_Bomb"
L 02/25/2017 - 12:39:16: "Jon<10><BOT><TERRORIST>" purchased "aug"
L 02/25/2017 - 12:39:16: "Mark<7><BOT><TERRORIST>" purchased "flashbang"
L 02/25/2017 - 12:39:16: "Greg<9><BOT><TERRORIST>" purchased "p90"
L 02/25/2017 - 12:39:16: "Will<11><BOT><CT>" purchased "m4a1"
L 02/25/2017 - 12:39:16: "Pat<6><BOT><CT>" purchased "famas"
L 02/25/2017 - 12:39:16: "Scott<8><BOT><CT>" purchased "famas"
L 02/25/2017 - 12:39:16: "Ron<4><BOT><CT>" purchased "ssg08"
L 02/25/2017 - 12:39:16: "Ron<4><BOT><CT>" purchased "deagle"
L 02/25/2017 - 12:39:17: "NiV<2><STEAM_1:0:53093912><CT>" purchased "ak47"
L 02/25/2017 - 12:39:20: World triggered "Round_Start"
L 02/25/2017 - 12:39:24: "Osama Bin Bangin<12><STEAM_1:1:109076308><TERRORIST>" purchased "ak47"
L 02/25/2017 - 12:39:38: "Greg<9><BOT><TERRORIST>" [49 -2272 -40] killed "Scott<8><BOT><CT>" [67 -1987 26] with "p90"
L 02/25/2017 - 12:39:43: "Jon<10><BOT><TERRORIST>" [127 -2057 -38] killed "Ron<4><BOT><CT>" [-492 -2217 -114] with "sg556"
L 02/25/2017 - 12:39:47: "NiV<2><STEAM_1:0:53093912><CT>" [-581 -1163 -168] killed "Greg<9><BOT><TERRORIST>" [-675 -1350 -104] with "m4a1"
L 02/25/2017 - 12:39:47: "Scott<8><BOT><CT>" assisted killing "Greg<9><BOT><TERRORIST>"
L 02/25/2017 - 12:39:48: "Osama Bin Bangin<12><STEAM_1:1:109076308><TERRORIST>" triggered "Dropped_The_Bomb"
L 02/25/2017 - 12:39:48: "NiV<2><STEAM_1:0:53093912><CT>" [-552 -1179 -168] killed "Osama Bin Bangin<12><STEAM_1:1:109076308><TERRORIST>" [-792 -1458 -104] with "m4a1"
Player Osama Bin Bangin took control bot Jon (9)
L 02/25/2017 - 12:39:52: "Mark<7><BOT><TERRORIST>" threw flashbang [129 -2319 -38]
L 02/25/2017 - 12:39:57: "NiV<2><STEAM_1:0:53093912><CT>" [-544 -1493 -40] killed "Osama Bin Bangin<12><STEAM_1:1:109076308><TERRORIST>" [116 -2021 27] with "ak47"
    Osama Bin Bangin RELEASED CONTROL of Jon
Player Osama Bin Bangin took control bot Mark (6)
L 02/25/2017 - 12:40:15: "NiV<2><STEAM_1:0:53093912><CT>" [-1028 -2499 -168] killed "Jerry<5><BOT><TERRORIST>" [37 -1839 24] with "ak47"
L 02/25/2017 - 12:40:21: "NiV<2><STEAM_1:0:53093912><CT>" [-1071 -2325 -168] killed "Osama Bin Bangin<12><STEAM_1:1:109076308><TERRORIST>" [-212 -2214 -104] with "ak47"
L 02/25/2017 - 12:40:21: Team "CT" triggered "SFUI_Notice_CTs_Win" (CT "2") (T "3")
L 02/25/2017 - 12:40:21: Team "CT" scored "2" with "5" players
L 02/25/2017 - 12:40:21: Team "TERRORIST" scored "3" with "5" players
L 02/25/2017 - 12:40:21: World triggered "Round_End"
    Osama Bin Bangin RELEASED CONTROL of Mark
L 02/25/2017 - 12:40:31: "Osama Bin Bangin<12><STEAM_1:1:109076308><TERRORIST>" triggered "Got_The_Bomb"
L 02/25/2017 - 12:40:31: "Jerry<5><BOT><TERRORIST>" purchased "m4a1"
L 02/25/2017 - 12:40:31: "Mark<7><BOT><TERRORIST>" purchased "ak47"
L 02/25/2017 - 12:40:31: "Greg<9><BOT><TERRORIST>" purchased "m4a1"
L 02/25/2017 - 12:40:31: "Will<11><BOT><CT>" purchased "hegrenade"
L 02/25/2017 - 12:40:31: "Ron<4><BOT><CT>" purchased "aug"
L 02/25/2017 - 12:40:31: "Ron<4><BOT><CT>" purchased "hegrenade"
L 02/25/2017 - 12:40:31: "Pat<6><BOT><CT>" purchased "p90"
L 02/25/2017 - 12:40:31: "Jon<10><BOT><TERRORIST>" purchased "ak47"
L 02/25/2017 - 12:40:31: "Jon<10><BOT><TERRORIST>" purchased "p250"
L 02/25/2017 - 12:40:31: "Scott<8><BOT><CT>" purchased "famas"
L 02/25/2017 - 12:40:31: "Scott<8><BOT><CT>" purchased "smokegrenade"
L 02/25/2017 - 12:40:33: "Osama Bin Bangin<12><STEAM_1:1:109076308><TERRORIST>" purchased "ak47"
L 02/25/2017 - 12:40:36: World triggered "Round_Start"
L 02/25/2017 - 12:40:37: "Osama Bin Bangin<12><STEAM_1:1:109076308><TERRORIST>" purchased "flashbang"
L 02/25/2017 - 12:40:38: "Osama Bin Bangin<12><STEAM_1:1:109076308><TERRORIST>" purchased "smokegrenade"
L 02/25/2017 - 12:40:51: "Ron<4><BOT><CT>" threw hegrenade [-589 -561 -261]
L 02/25/2017 - 12:40:56: "Jon<10><BOT><TERRORIST>" [-589 -598 -276] killed "Ron<4><BOT><CT>" [-712 -1289 -104] with "ak47"
L 02/25/2017 - 12:40:56: "Greg<9><BOT><TERRORIST>" assisted killing "Ron<4><BOT><CT>"
L 02/25/2017 - 12:40:56: "Jon<10><BOT><TERRORIST>" [-589 -598 -276] killed "Scott<8><BOT><CT>" [-681 -1256 -104] with "ak47"
L 02/25/2017 - 12:40:56: "Greg<9><BOT><TERRORIST>" assisted killing "Scott<8><BOT><CT>"
L 02/25/2017 - 12:41:00: "Pat<6><BOT><CT>" [-649 -1396 -168] killed "Greg<9><BOT><TERRORIST>" [-735 -476 -102] with "p90"
L 02/25/2017 - 12:41:02: "Osama Bin Bangin<12><STEAM_1:1:109076308><TERRORIST>" threw flashbang [-946 -1511 77]
L 02/25/2017 - 12:41:06: "Jerry<5><BOT><TERRORIST>" [-827 -334 -166] killed "Will<11><BOT><CT>" [-604 -995 -99] with "ak47"
L 02/25/2017 - 12:41:06: "NiV<2><STEAM_1:0:53093912><CT>" [-1170 -753 -168] killed "Jerry<5><BOT><TERRORIST>" [-827 -334 -102] with "ak47" (headshot penetrated)
L 02/25/2017 - 12:41:13: "Osama Bin Bangin<12><STEAM_1:1:109076308><TERRORIST>" [-493 -1903 -180] killed "Pat<6><BOT><CT>" [-627 -1439 -104] with "ak47"
L 02/25/2017 - 12:41:14: "Osama Bin Bangin<12><STEAM_1:1:109076308><TERRORIST>" triggered "Dropped_The_Bomb"
L 02/25/2017 - 12:41:14: "NiV<2><STEAM_1:0:53093912><CT>" [-682 -1051 -206] killed "Osama Bin Bangin<12><STEAM_1:1:109076308><TERRORIST>" [-498 -1906 -116] with "ak47"
Player Osama Bin Bangin took control bot Mark (6)
L 02/25/2017 - 12:41:25: "NiV<2><STEAM_1:0:53093912><CT>" [-1176 -630 -168] killed "Osama Bin Bangin<12><STEAM_1:1:109076308><TERRORIST>" [-432 -625 -211] with "ak47" (headshot)
    Osama Bin Bangin RELEASED CONTROL of Mark
Player Osama Bin Bangin took control bot Jon (9)
L 02/25/2017 - 12:41:55: "Osama Bin Bangin<12><STEAM_1:1:109076308><TERRORIST>" triggered "Got_The_Bomb"
L 02/25/2017 - 12:42:01: "Osama Bin Bangin<12><STEAM_1:1:109076308><TERRORIST>" triggered "Dropped_The_Bomb"
L 02/25/2017 - 12:42:01: "NiV<2><STEAM_1:0:53093912><CT>" [-814 -2352 -173] killed "Osama Bin Bangin<12><STEAM_1:1:109076308><TERRORIST>" [-212 -2195 -104] with "ak47"
L 02/25/2017 - 12:42:01: Team "CT" triggered "SFUI_Notice_CTs_Win" (CT "3") (T "3")
L 02/25/2017 - 12:42:01: Team "CT" scored "3" with "5" players
L 02/25/2017 - 12:42:01: Team "TERRORIST" scored "3" with "5" players
L 02/25/2017 - 12:42:01: World triggered "Round_End"
    Osama Bin Bangin RELEASED CONTROL of Jon
Bad SetLocalOrigin(-982.186401,-652.846191,16447.542969) on weaponworldmodel
L 02/25/2017 - 12:42:11: "Osama Bin Bangin<12><STEAM_1:1:109076308><TERRORIST>" triggered "Got_The_Bomb"
L 02/25/2017 - 12:42:11: "Jerry<5><BOT><TERRORIST>" purchased "ak47"
L 02/25/2017 - 12:42:11: "Mark<7><BOT><TERRORIST>" purchased "aug"
L 02/25/2017 - 12:42:11: "Mark<7><BOT><TERRORIST>" purchased "p250"
L 02/25/2017 - 12:42:11: "Mark<7><BOT><TERRORIST>" purchased "hegrenade"
L 02/25/2017 - 12:42:11: "Greg<9><BOT><TERRORIST>" purchased "ak47"
L 02/25/2017 - 12:42:11: "Will<11><BOT><CT>" purchased "m4a1"
L 02/25/2017 - 12:42:11: "Ron<4><BOT><CT>" purchased "m4a1"
L 02/25/2017 - 12:42:11: "Pat<6><BOT><CT>" purchased "p90"
L 02/25/2017 - 12:42:11: "Jon<10><BOT><TERRORIST>" purchased "m4a1"
L 02/25/2017 - 12:42:11: "Jon<10><BOT><TERRORIST>" purchased "hegrenade"
L 02/25/2017 - 12:42:11: "Scott<8><BOT><CT>" purchased "famas"
L 02/25/2017 - 12:42:15: "NiV<2><STEAM_1:0:53093912><CT>" disconnected (reason "Disconnect")
L 02/25/2017 - 12:42:15: "NiV<2><STEAM_1:0:53093912>" switched from team <CT> to <Unassigned>
Dropped NiV from server: Disconnect
L 02/25/2017 - 12:42:15: "Steve<13><BOT><>" connected, address ""
L 02/25/2017 - 12:42:15: "Steve<13><BOT>" switched from team <Unassigned> to <CT>
L 02/25/2017 - 12:42:15: "Steve<13><BOT><>" entered the game
L 02/25/2017 - 12:42:16: World triggered "Round_Start"
L 02/25/2017 - 12:42:17: "NiV<14><STEAM_1:0:53093912><>" connected, address ""
Client "NiV" connected (99.246.98.92:27005).
L 02/25/2017 - 12:42:18: "NiV<14><STEAM_1:0:53093912><>" STEAM USERID validated
L 02/25/2017 - 12:42:19: "Osama Bin Bangin<12><STEAM_1:1:109076308><TERRORIST>" purchased "ak47"
PutClientInServer: no info_player_start on level
L 02/25/2017 - 12:42:21: "NiV<14><STEAM_1:0:53093912><>" entered the game
L 02/25/2017 - 12:42:24: "NiV<14><STEAM_1:0:53093912><Unassigned>" triggered "clantag" (value "")
L 02/25/2017 - 12:42:25: "NiV<14><STEAM_1:0:53093912>" switched from team <Unassigned> to <CT>
L 02/25/2017 - 12:42:25: "Steve<13><BOT><CT>" disconnected (reason "Kicked by Console")
L 02/25/2017 - 12:42:25: "Steve<13><BOT>" switched from team <CT> to <Unassigned>
L 02/25/2017 - 12:42:25: "NiV<14><STEAM_1:0:53093912><CT>" triggered "clantag" (value "")
Player NiV took control bot Ron (3)
L 02/25/2017 - 12:42:26: "Mark<7><BOT><TERRORIST>" threw hegrenade [540 -1711 -227]
L 02/25/2017 - 12:42:29: "Jon<10><BOT><TERRORIST>" threw hegrenade [11 -2273 -30]
L 02/25/2017 - 12:42:34: "Jerry<5><BOT><TERRORIST>" [-285 -1733 -168] killed "Scott<8><BOT><CT>" [-484 -2331 -104] with "ak47"
L 02/25/2017 - 12:42:35: "Greg<9><BOT><TERRORIST>" [-79 -1693 -168] killed "Will<11><BOT><CT>" [-114 -2225 -104] with "ak47"
L 02/25/2017 - 12:42:40: "NiV<14><STEAM_1:0:53093912><CT>" [-655 -1163 -168] killed "Jon<10><BOT><TERRORIST>" [-452 -2242 -110] with "m4a1" (headshot)
L 02/25/2017 - 12:42:41: "NiV<14><STEAM_1:0:53093912><CT>" [-708 -1176 -168] killed "Greg<9><BOT><TERRORIST>" [-400 -2030 -116] with "m4a1"
L 02/25/2017 - 12:42:41: "Will<11><BOT><CT>" assisted killing "Greg<9><BOT><TERRORIST>"
L 02/25/2017 - 12:42:47: "NiV<14><STEAM_1:0:53093912><CT>" [-769 -1385 -168] killed "Jerry<5><BOT><TERRORIST>" [-326 -2011 -128] with "m4a1"
L 02/25/2017 - 12:42:47: "Scott<8><BOT><CT>" assisted killing "Jerry<5><BOT><TERRORIST>"
L 02/25/2017 - 12:42:49: "Osama Bin Bangin<12><STEAM_1:1:109076308><TERRORIST>" [-452 -2086 -180] killed "NiV<14><STEAM_1:0:53093912><CT>" [-776 -1527 -104] with "ak47"
    NiV RELEASED CONTROL of Ron
Player NiV took control bot Pat (5)
L 02/25/2017 - 12:42:55: "Osama Bin Bangin<12><STEAM_1:1:109076308><TERRORIST>" triggered "Planted_The_Bomb"
L 02/25/2017 - 12:43:07: "Osama Bin Bangin<12><STEAM_1:1:109076308><TERRORIST>" [-803 -2549 -168] killed "NiV<14><STEAM_1:0:53093912><CT>" [-827 -2376 -107] with "ak47"
L 02/25/2017 - 12:43:07: Team "TERRORIST" triggered "SFUI_Notice_Terrorists_Win" (CT "3") (T "4")
L 02/25/2017 - 12:43:07: Team "CT" scored "3" with "5" players
L 02/25/2017 - 12:43:07: Team "TERRORIST" scored "4" with "5" players
L 02/25/2017 - 12:43:07: World triggered "Round_End"
    NiV RELEASED CONTROL of Pat
L 02/25/2017 - 12:43:10: "NiV<14><STEAM_1:0:53093912><CT>" disconnected (reason "Disconnect")
L 02/25/2017 - 12:43:10: "NiV<14><STEAM_1:0:53093912>" switched from team <CT> to <Unassigned>
Dropped NiV from server: Disconnect
L 02/25/2017 - 12:43:10: "Duffy<15><BOT><>" connected, address ""
L 02/25/2017 - 12:43:10: "Duffy<15><BOT>" switched from team <Unassigned> to <CT>
L 02/25/2017 - 12:43:10: "Duffy<15><BOT><>" entered the game
Osama Bin Bangin: noob
L 02/25/2017 - 12:43:14: "Osama Bin Bangin<12><STEAM_1:1:109076308><TERRORIST>" say "noob"
L 02/25/2017 - 12:43:17: "Osama Bin Bangin<12><STEAM_1:1:109076308><TERRORIST>" triggered "Got_The_Bomb"
L 02/25/2017 - 12:43:17: "Jerry<5><BOT><TERRORIST>" purchased "m4a1"
L 02/25/2017 - 12:43:17: "Mark<7><BOT><TERRORIST>" purchased "m4a1"
L 02/25/2017 - 12:43:17: "Greg<9><BOT><TERRORIST>" purchased "aug"
L 02/25/2017 - 12:43:17: "Greg<9><BOT><TERRORIST>" purchased "p250"
L 02/25/2017 - 12:43:17: "Will<11><BOT><CT>" purchased "awp"
L 02/25/2017 - 12:43:17: "Pat<6><BOT><CT>" purchased "p90"
L 02/25/2017 - 12:43:17: "Scott<8><BOT><CT>" purchased "xm1014"
L 02/25/2017 - 12:43:17: "Scott<8><BOT><CT>" purchased "hegrenade"
L 02/25/2017 - 12:43:17: "Jon<10><BOT><TERRORIST>" purchased "sg556"
L 02/25/2017 - 12:43:17: "Ron<4><BOT><CT>" purchased "ssg08"
quit
L 02/25/2017 - 12:43:22: "Osama Bin Bangin<12><STEAM_1:1:109076308><>" disconnected (reason "Server shutting down")
Dropped Osama Bin Bangin from server: Server shutting down
L 02/25/2017 - 12:43:22: "Will<11><BOT><>" disconnected (reason "Server shutting down")
L 02/25/2017 - 12:43:22: "Jon<10><BOT><>" disconnected (reason "Server shutting down")
L 02/25/2017 - 12:43:22: "Greg<9><BOT><>" disconnected (reason "Server shutting down")
L 02/25/2017 - 12:43:22: "Scott<8><BOT><>" disconnected (reason "Server shutting down")
L 02/25/2017 - 12:43:22: "Mark<7><BOT><>" disconnected (reason "Server shutting down")
L 02/25/2017 - 12:43:22: "Pat<6><BOT><>" disconnected (reason "Server shutting down")
L 02/25/2017 - 12:43:22: "Jerry<5><BOT><>" disconnected (reason "Server shutting down")
L 02/25/2017 - 12:43:22: "Ron<4><BOT><>" disconnected (reason "Server shutting down")
L 02/25/2017 - 12:43:22: "Duffy<15><BOT><>" disconnected (reason "Server shutting down")
L 02/25/2017 - 12:43:22: server_message: "quit"
L 02/25/2017 - 12:43:22: Log file closed
L 02/25/2017 - 12:43:22: server_message: "restart"
Shutdown function NET_Shutdown() not in list!!!
File /home/csadmin/serverfiles/csgo/pak01_048.vpk was never closed
File /home/csadmin/serverfiles/csgo/pak01_048.vpk was never closed
File /home/csadmin/serverfiles/csgo/pak01_000.vpk was never closed
File /home/csadmin/serverfiles/csgo/pak01_000.vpk was never closed
File /home/csadmin/serverfiles/csgo/pak01_004.vpk was never closed
File /home/csadmin/serverfiles/csgo/pak01_004.vpk was never closed
File /home/csadmin/serverfiles/csgo/pak01_001.vpk was never closed
File /home/csadmin/serverfiles/csgo/pak01_001.vpk was never closed
File /home/csadmin/serverfiles/csgo/pak01_024.vpk was never closed
File /home/csadmin/serverfiles/csgo/pak01_024.vpk was never closed
File /home/csadmin/serverfiles/csgo/pak01_029.vpk was never closed
File /home/csadmin/serverfiles/csgo/pak01_029.vpk was never closed
File /home/csadmin/serverfiles/csgo/pak01_054.vpk was never closed
File /home/csadmin/serverfiles/csgo/pak01_054.vpk was never closed
File /home/csadmin/serverfiles/csgo/pak01_073.vpk was never closed
File /home/csadmin/serverfiles/csgo/pak01_073.vpk was never closed
File /home/csadmin/serverfiles/csgo/pak01_003.vpk was never closed
File /home/csadmin/serverfiles/csgo/pak01_003.vpk was never closed
File /home/csadmin/serverfiles/csgo/pak01_025.vpk was never closed
File /home/csadmin/serverfiles/csgo/pak01_025.vpk was never closed
File /home/csadmin/serverfiles/csgo/pak01_002.vpk was never closed
File /home/csadmin/serverfiles/csgo/pak01_002.vpk was never closed
File /home/csadmin/serverfiles/csgo/pak01_055.vpk was never closed
File /home/csadmin/serverfiles/csgo/pak01_055.vpk was never closed
File /home/csadmin/serverfiles/csgo/pak01_045.vpk was never closed
File /home/csadmin/serverfiles/csgo/pak01_045.vpk was never closed
File /home/csadmin/serverfiles/csgo/pak01_042.vpk was never closed
File /home/csadmin/serverfiles/csgo/pak01_042.vpk was never closed
File /home/csadmin/serverfiles/csgo/pak01_032.vpk was never closed
File /home/csadmin/serverfiles/csgo/pak01_032.vpk was never closed
File /home/csadmin/serverfiles/csgo/pak01_041.vpk was never closed
File /home/csadmin/serverfiles/csgo/pak01_041.vpk was never closed
File /home/csadmin/serverfiles/csgo/pak01_022.vpk was never closed
File /home/csadmin/serverfiles/csgo/pak01_022.vpk was never closed
File /home/csadmin/serverfiles/csgo/pak01_036.vpk was never closed
File /home/csadmin/serverfiles/csgo/pak01_036.vpk was never closed
File /home/csadmin/serverfiles/csgo/pak01_050.vpk was never closed
File /home/csadmin/serverfiles/csgo/pak01_050.vpk was never closed
File /home/csadmin/serverfiles/csgo/pak01_051.vpk was never closed
File /home/csadmin/serverfiles/csgo/pak01_051.vpk was never closed
File /home/csadmin/serverfiles/csgo/pak01_043.vpk was never closed
File /home/csadmin/serverfiles/csgo/pak01_043.vpk was never closed
File /home/csadmin/serverfiles/csgo/pak01_040.vpk was never closed
File /home/csadmin/serverfiles/csgo/pak01_040.vpk was never closed
File /home/csadmin/serverfiles/csgo/pak01_033.vpk was never closed
File /home/csadmin/serverfiles/csgo/pak01_033.vpk was never closed
File /home/csadmin/serverfiles/csgo/pak01_053.vpk was never closed
File /home/csadmin/serverfiles/csgo/pak01_053.vpk was never closed
File /home/csadmin/serverfiles/csgo/pak01_064.vpk was never closed
File /home/csadmin/serverfiles/csgo/pak01_064.vpk was never closed
File /home/csadmin/serverfiles/csgo/pak01_061.vpk was never closed
File /home/csadmin/serverfiles/csgo/pak01_061.vpk was never closed
File /home/csadmin/serverfiles/csgo/pak01_005.vpk was never closed
File /home/csadmin/serverfiles/csgo/pak01_005.vpk was never closed
File /home/csadmin/serverfiles/csgo/pak01_077.vpk was never closed
File /home/csadmin/serverfiles/csgo/pak01_077.vpk was never closed
File /home/csadmin/serverfiles/csgo/pak01_006.vpk was never closed
File /home/csadmin/serverfiles/csgo/pak01_006.vpk was never closed
File /home/csadmin/serverfiles/csgo/pak01_035.vpk was never closed
File /home/csadmin/serverfiles/csgo/pak01_035.vpk was never closed
File /home/csadmin/serverfiles/csgo/pak01_047.vpk was never closed
File /home/csadmin/serverfiles/csgo/pak01_047.vpk was never closed
File /home/csadmin/serverfiles/csgo/pak01_076.vpk was never closed
File /home/csadmin/serverfiles/csgo/pak01_076.vpk was never closed
File /home/csadmin/serverfiles/csgo/pak01_068.vpk was never closed
File /home/csadmin/serverfiles/csgo/pak01_068.vpk was never closed
File /home/csadmin/serverfiles/csgo/pak01_056.vpk was never closed
File /home/csadmin/serverfiles/csgo/pak01_056.vpk was never closed
Sat Feb 25 12:43:22 EST 2017: Server Quit
