L 02/27/2017 - 17:15:21: SourceMod log file session started (file "L20170227.log") (Version "1.8.0.5973")
L 02/27/2017 - 17:15:21: -------- Mapchange to de_mirage --------
L 02/27/2017 - 17:16:35: -------- Mapchange to de_mirage --------
L 02/27/2017 - 17:17:59: -------- Mapchange to de_mirage --------
L 02/27/2017 - 17:22:31: -------- Mapchange to de_mirage --------
L 02/27/2017 - 17:32:59: -------- Mapchange to de_mirage --------
L 02/27/2017 - 17:37:41: Log file closed.
L 02/27/2017 - 17:37:52: SourceMod log file session started (file "L20170227.log") (Version "1.8.0.5973")
L 02/27/2017 - 17:37:52: -------- Mapchange to de_mirage --------
L 02/27/2017 - 17:37:59: -------- Mapchange to de_mirage --------
L 02/27/2017 - 18:31:05: -------- Mapchange to de_mirage --------
L 02/27/2017 - 18:31:05: [deathmatch.smx] Dynamic Hooks not found! Resuming without Dhooks features
L 02/27/2017 - 18:36:42: Log file closed.
L 02/27/2017 - 18:36:54: SourceMod log file session started (file "L20170227.log") (Version "1.8.0.5973")
L 02/27/2017 - 18:36:54: -------- Mapchange to de_mirage --------
L 02/27/2017 - 18:36:54: [deathmatch.smx] Dynamic Hooks not found! Resuming without Dhooks features
L 02/27/2017 - 18:40:56: Log file closed.
L 02/27/2017 - 18:41:08: SourceMod log file session started (file "L20170227.log") (Version "1.8.0.5973")
L 02/27/2017 - 18:41:08: -------- Mapchange to de_mirage --------
L 02/27/2017 - 18:41:08: [deathmatch.smx] Dynamic Hooks not found! Resuming without Dhooks features
L 02/27/2017 - 18:44:35: Log file closed.
L 02/27/2017 - 18:45:16: SourceMod log file session started (file "L20170227.log") (Version "1.8.0.5973")
L 02/27/2017 - 18:45:16: -------- Mapchange to de_dust2 --------
L 02/27/2017 - 18:45:16: [deathmatch.smx] Dynamic Hooks not found! Resuming without Dhooks features
L 02/27/2017 - 18:47:21: -------- Mapchange to de_dust2 --------
L 02/27/2017 - 18:48:53: Log file closed.
L 02/27/2017 - 18:53:03: SourceMod log file session started (file "L20170227.log") (Version "1.8.0.5973")
L 02/27/2017 - 18:53:03: -------- Mapchange to de_dust2 --------
L 02/27/2017 - 18:53:03: [deathmatch.smx] Dynamic Hooks not found! Resuming without Dhooks features
L 02/27/2017 - 18:53:40: -------- Mapchange to de_dust2 --------
